<?xml version="1.0" encoding="utf-8"?><testsuites name="pytest tests"><testsuite name="pytest" errors="0" failures="0" skipped="0" tests="30" time="8.399" timestamp="2026-04-20T23:57:49.730204+00:00" hostname="agent-env-8b343572-668a-4145-bfbd-eff93a871360"><testcase classname="backend.tests.test_iteration22_admin_phase1.TestSettings" name="test_public_settings_no_secrets" time="0.208" /><testcase classname="backend.tests.test_iteration22_admin_phase1.TestSettings" name="test_admin_get_settings_requires_admin" time="0.468" /><testcase classname="backend.tests.test_iteration22_admin_phase1.TestSettings" name="test_admin_get_settings_ok" time="0.489" /><testcase classname="backend.tests.test_iteration22_admin_phase1.TestSettings" name="test_admin_bulk_update_and_persist" time="0.372" /><testcase classname="backend.tests.test_iteration22_admin_phase1.TestSettings" name="test_admin_single_key_update" time="0.336" /><testcase classname="backend.tests.test_iteration22_admin_phase1.TestCurrency" name="test_rates_lists_many" time="0.144" /><testcase classname="backend.tests.test_iteration22_admin_phase1.TestCurrency" name="test_detect_by_country_cm" time="0.115" /><testcase classname="backend.tests.test_iteration22_admin_phase1.TestCurrency" name="test_detect_by_country_ng" time="0.111" /><testcase classname="backend.tests.test_iteration22_admin_phase1.TestCurrency" name="test_detect_by_country_gh" time="0.123" /><testcase classname="backend.tests.test_iteration22_admin_phase1.TestCurrency" name="test_detect_without_country_returns_fallback" time="0.322" /><testcase classname="backend.tests.test_iteration22_admin_phase1.TestCurrency" name="test_refresh_requires_admin" time="0.115" /><testcase classname="backend.tests.test_iteration22_admin_phase1.TestCurrency" name="test_refresh_admin" time="0.369" /><testcase classname="backend.tests.test_iteration22_admin_phase1.TestKYC" name="test_kyc_status_user" time="0.447" /><testcase classname="backend.tests.test_iteration22_admin_phase1.TestKYC" name="test_kyc_admin_pending_requires_admin" time="0.120" /><testcase classname="backend.tests.test_iteration22_admin_phase1.TestKYC" name="test_kyc_admin_pending_ok" time="0.127" /><testcase classname="backend.tests.test_iteration22_admin_phase1.TestKYC" name="test_kyc_pending_count" time="0.111" /><testcase classname="backend.tests.test_iteration22_admin_phase1.TestKYC" name="test_kyc_submit_approve_flow" time="1.097" /><testcase classname="backend.tests.test_iteration22_admin_phase1.TestWithdrawGating" name="test_withdraw_disabled_toggle" time="0.403" /><testcase classname="backend.tests.test_iteration22_admin_phase1.TestWithdrawGating" name="test_withdraw_kyc_required" time="0.122" /><testcase classname="backend.tests.test_iteration22_admin_phase1.TestAdminUserMgmt" name="test_edit_profile_duplicate_email_400" time="0.308" /><testcase classname="backend.tests.test_iteration22_admin_phase1.TestAdminUserMgmt" name="test_edit_profile_noop_same_value" time="0.110" /><testcase classname="backend.tests.test_iteration22_admin_phase1.TestAdminUserMgmt" name="test_reset_password_min_length" time="0.168" /><testcase classname="backend.tests.test_iteration22_admin_phase1.TestAdminUserMgmt" name="test_suspend_and_reactivate" time="0.899" /><testcase classname="backend.tests.test_iteration22_admin_phase1.TestAdminUserMgmt" name="test_user_transactions_pagination" time="0.116" /><testcase classname="backend.tests.test_iteration22_admin_phase1.TestAdminTransactions" name="test_list_with_filters_returns_volume" time="0.118" /><testcase classname="backend.tests.test_iteration22_admin_phase1.TestAdminTransactions" name="test_export_csv" time="0.116" /><testcase classname="backend.tests.test_iteration22_admin_phase1.TestSpin" name="test_spin_config" time="0.123" /><testcase classname="backend.tests.test_iteration22_admin_phase1.TestSpin" name="test_spin_disabled_returns_503" time="0.346" /><testcase classname="backend.tests.test_iteration22_admin_phase1.TestSpin" name="test_spin_enabled_free_play" time="0.246" /><testcase classname="backend.tests.test_iteration22_admin_phase1.TestSpin" name="test_admin_games_stats" time="0.124" /></testsuite></testsuites>