<?xml version="1.0" encoding="utf-8"?><testsuites name="pytest tests"><testsuite name="pytest" errors="0" failures="0" skipped="1" tests="3" time="9.867" timestamp="2026-05-08T20:34:51.598181+00:00" hostname="agent-env-8b343572-668a-4145-bfbd-eff93a871360"><testcase classname="backend.tests.test_dcq_paid_question_field.TestDcqPaidQuestionField" name="test_bob_paid_start_returns_questions_with_text" time="5.437" /><testcase classname="backend.tests.test_dcq_paid_question_field.TestDcqPaidQuestionField" name="test_alice_paid_start_returns_questions_with_text" time="4.225"><skipped type="pytest.skip" message="Alice has already played today (409): {'detail': &quot;Déjà joué aujourd'hui. Revenez demain !&quot;}">/app/backend/tests/test_dcq_paid_question_field.py:96: Alice has already played today (409): {'detail': "Déjà joué aujourd'hui. Revenez demain !"}</skipped></testcase><testcase classname="backend.tests.test_dcq_paid_question_field.TestDcqPaidQuestionField" name="test_pool_directly_has_questions_with_text" time="0.132" /></testsuite></testsuites>