<?xml version="1.0" encoding="utf-8"?><testsuites name="pytest tests"><testsuite name="pytest" errors="0" failures="0" skipped="8" tests="13" time="4.329" timestamp="2026-04-25T08:55:36.633801+00:00" hostname="agent-env-8b343572-668a-4145-bfbd-eff93a871360"><testcase classname="backend.tests.test_iter108_error_monitor.TestPublicReport" name="test_report_minimal_payload" time="1.414" /><testcase classname="backend.tests.test_iter108_error_monitor.TestPublicReport" name="test_report_validates_severity" time="0.003" /><testcase classname="backend.tests.test_iter108_error_monitor.TestPublicReport" name="test_report_validates_source" time="0.002" /><testcase classname="backend.tests.test_iter108_error_monitor.TestPublicReport" name="test_grouping_signature_stable" time="2.815" /><testcase classname="backend.tests.test_iter108_error_monitor.TestAdminErrors" name="test_list_requires_admin" time="0.003" /><testcase classname="backend.tests.test_iter108_error_monitor.TestAdminErrors" name="test_list_groups" time="0.002"><skipped type="pytest.skip" message="Superadmin login failed: 400 {&quot;detail&quot;:&quot;Turnstile verification required. Please retry.&quot;}">/app/backend/tests/test_iter108_error_monitor.py:144: Superadmin login failed: 400 {"detail":"Turnstile verification required. Please retry."}</skipped></testcase><testcase classname="backend.tests.test_iter108_error_monitor.TestAdminErrors" name="test_get_group_detail" time="0.000"><skipped type="pytest.skip" message="Superadmin login failed: 400 {&quot;detail&quot;:&quot;Turnstile verification required. Please retry.&quot;}">/app/backend/tests/test_iter108_error_monitor.py:159: Superadmin login failed: 400 {"detail":"Turnstile verification required. Please retry."}</skipped></testcase><testcase classname="backend.tests.test_iter108_error_monitor.TestAdminErrors" name="test_get_group_404" time="0.000"><skipped type="pytest.skip" message="Superadmin login failed: 400 {&quot;detail&quot;:&quot;Turnstile verification required. Please retry.&quot;}">/app/backend/tests/test_iter108_error_monitor.py:167: Superadmin login failed: 400 {"detail":"Turnstile verification required. Please retry."}</skipped></testcase><testcase classname="backend.tests.test_iter108_error_monitor.TestAdminErrors" name="test_action_workflow_and_auto_reopen" time="0.000"><skipped type="pytest.skip" message="Superadmin login failed: 400 {&quot;detail&quot;:&quot;Turnstile verification required. Please retry.&quot;}">/app/backend/tests/test_iter108_error_monitor.py:171: Superadmin login failed: 400 {"detail":"Turnstile verification required. Please retry."}</skipped></testcase><testcase classname="backend.tests.test_iter108_error_monitor.TestAdminErrors" name="test_action_invalid" time="0.000"><skipped type="pytest.skip" message="Superadmin login failed: 400 {&quot;detail&quot;:&quot;Turnstile verification required. Please retry.&quot;}">/app/backend/tests/test_iter108_error_monitor.py:197: Superadmin login failed: 400 {"detail":"Turnstile verification required. Please retry."}</skipped></testcase><testcase classname="backend.tests.test_iter108_error_monitor.TestAdminErrors" name="test_filter_status" time="0.000"><skipped type="pytest.skip" message="Superadmin login failed: 400 {&quot;detail&quot;:&quot;Turnstile verification required. Please retry.&quot;}">/app/backend/tests/test_iter108_error_monitor.py:202: Superadmin login failed: 400 {"detail":"Turnstile verification required. Please retry."}</skipped></testcase><testcase classname="backend.tests.test_iter108_error_monitor.TestAdminErrors" name="test_filter_invalid_status" time="0.000"><skipped type="pytest.skip" message="Superadmin login failed: 400 {&quot;detail&quot;:&quot;Turnstile verification required. Please retry.&quot;}">/app/backend/tests/test_iter108_error_monitor.py:210: Superadmin login failed: 400 {"detail":"Turnstile verification required. Please retry."}</skipped></testcase><testcase classname="backend.tests.test_iter108_error_monitor.TestAISuggest" name="test_ai_suggest" time="0.000"><skipped type="pytest.skip" message="Superadmin login failed: 400 {&quot;detail&quot;:&quot;Turnstile verification required. Please retry.&quot;}">/app/backend/tests/test_iter108_error_monitor.py:219: Superadmin login failed: 400 {"detail":"Turnstile verification required. Please retry."}</skipped></testcase></testsuite></testsuites>