<?xml version="1.0" encoding="utf-8"?><testsuites name="pytest tests"><testsuite name="pytest" errors="0" failures="3" skipped="0" tests="10" time="157.618" timestamp="2026-04-25T20:33:16.565954+00:00" hostname="agent-env-8b343572-668a-4145-bfbd-eff93a871360"><testcase classname="backend.tests.test_iter131_duel_tiebreaker.TestCreateFromQuizCapturesTime" name="test_create_quiz_duel_captures_challenger_time" time="87.346" /><testcase classname="backend.tests.test_iter131_duel_tiebreaker.TestCreateFromQuizCapturesTime" name="test_get_duel_exposes_both_time_fields" time="0.773" /><testcase classname="backend.tests.test_iter131_duel_tiebreaker.TestStartQuizDuel" name="test_self_duel_blocked" time="1.022" /><testcase classname="backend.tests.test_iter131_duel_tiebreaker.TestStartQuizDuel" name="test_alice_starts_gets_same_5_questions" time="2.442" /><testcase classname="backend.tests.test_iter131_duel_tiebreaker.TestSubmitQuizDuelHigherScore" name="test_alice_submits_and_wins_or_loses" time="5.650" /><testcase classname="backend.tests.test_iter131_duel_tiebreaker.TestSubmitQuizDuelHigherScore" name="test_double_submit_rejected" time="0.915" /><testcase classname="backend.tests.test_iter131_duel_tiebreaker.TestTiebreakerTime" name="test_equal_scores_diff_geq_020_faster_wins" time="21.820"><failure message="assert 6.82 &lt; 4.5">backend/tests/test_iter131_duel_tiebreaker.py:341: in test_equal_scores_diff_geq_020_faster_wins
    assert data["opponent_time_s"] &lt; 4.5
E   assert 6.82 &lt; 4.5</failure></testcase><testcase classname="backend.tests.test_iter131_duel_tiebreaker.TestTiebreakerTime" name="test_equal_scores_diff_lt_020_true_tie" time="14.675"><failure message="AssertionError: {'base_points_awarded': 20, 'bonus_awarded': 10, 'challenger_score': 1, 'challenger_time_s': 0.1, ...}&#10;assert 7.1000000000000005 &lt; 0.2&#10; +  where 7.1000000000000005 = abs((7.2 - 0.1))">backend/tests/test_iter131_duel_tiebreaker.py:374: in test_equal_scores_diff_lt_020_true_tie
    assert abs(data["opponent_time_s"] - data["challenger_time_s"]) &lt; 0.20, data
E   AssertionError: {'base_points_awarded': 20, 'bonus_awarded': 10, 'challenger_score': 1, 'challenger_time_s': 0.1, ...}
E   assert 7.1000000000000005 &lt; 0.2
E    +  where 7.1000000000000005 = abs((7.2 - 0.1))</failure></testcase><testcase classname="backend.tests.test_iter131_duel_tiebreaker.TestTiebreakerTime" name="test_unequal_scores_no_tiebreaker" time="2.226"><failure message="assert 429 == 200&#10; +  where 429 = &lt;Response [429]&gt;.status_code">backend/tests/test_iter131_duel_tiebreaker.py:385: in test_unequal_scores_no_tiebreaker
    assert r.status_code == 200
E   assert 429 == 200
E    +  where 429 = &lt;Response [429]&gt;.status_code</failure></testcase><testcase classname="backend.tests.test_iter131_duel_tiebreaker.TestRegressionTapDuelNoTimeTiebreaker" name="test_tap_duel_does_not_use_time" time="20.603" /></testsuite></testsuites>