<?xml version="1.0" encoding="utf-8"?><testsuites name="pytest tests"><testsuite name="pytest" errors="0" failures="0" skipped="0" tests="12" time="29.498" timestamp="2026-05-14T04:04:01.730393+00:00" hostname="agent-env-8b343572-668a-4145-bfbd-eff93a871360"><testcase classname="backend.tests.test_iter240j_linkedin_profile.TestFeatureA_NewFieldsExposed" name="test_anonymous_get_public_profile_returns_200" time="5.051" /><testcase classname="backend.tests.test_iter240j_linkedin_profile.TestFeatureA_NewFieldsExposed" name="test_email_never_leaked_anonymous" time="1.161" /><testcase classname="backend.tests.test_iter240j_linkedin_profile.TestFeatureB_LookupVariants" name="test_lookup_by_username_and_user_id_match" time="2.049" /><testcase classname="backend.tests.test_iter240j_linkedin_profile.TestFeatureC_UpdateProfile" name="test_put_profile_updates_and_completion" time="2.433" /><testcase classname="backend.tests.test_iter240j_linkedin_profile.TestFeatureD_VisibilityToggle" name="test_toggle_private_then_anonymous_view_is_masked" time="3.406" /><testcase classname="backend.tests.test_iter240j_linkedin_profile.TestFeatureD_VisibilityToggle" name="test_toggle_back_public_restores_full_payload" time="1.906" /><testcase classname="backend.tests.test_iter240j_linkedin_profile.TestFeatureD_VisibilityToggle" name="test_visibility_invalid_value" time="0.489" /><testcase classname="backend.tests.test_iter240j_linkedin_profile.TestFeatureD_VisibilityToggle" name="test_visibility_requires_auth" time="0.107" /><testcase classname="backend.tests.test_iter240j_linkedin_profile.TestFeatureL_EmailNeverLeaked" name="test_no_email_for_owner_view" time="1.501" /><testcase classname="backend.tests.test_iter240j_linkedin_profile.TestFeatureL_EmailNeverLeaked" name="test_no_email_for_other_user_view" time="4.624" /><testcase classname="backend.tests.test_iter240j_linkedin_profile.TestFeatureM_CompletionProgression" name="test_me_full_returns_pct" time="1.664" /><testcase classname="backend.tests.test_iter240j_linkedin_profile.TestFeatureM_CompletionProgression" name="test_completion_increases_after_more_fields" time="5.024" /></testsuite></testsuites>