<?xml version="1.0" encoding="utf-8"?><testsuites name="pytest tests"><testsuite name="pytest" errors="0" failures="0" skipped="0" tests="13" time="2.766" timestamp="2026-04-20T20:42:10.259694+00:00" hostname="agent-env-8b343572-668a-4145-bfbd-eff93a871360"><testcase classname="backend.tests.test_iteration16_realtime_money.TestSendMoneyHappyPath" name="test_send_money_happy_path" time="1.059" /><testcase classname="backend.tests.test_iteration16_realtime_money.TestSendMoneyValidation" name="test_self_transfer_rejected" time="0.105" /><testcase classname="backend.tests.test_iteration16_realtime_money.TestSendMoneyValidation" name="test_amount_below_min" time="0.128" /><testcase classname="backend.tests.test_iteration16_realtime_money.TestSendMoneyValidation" name="test_zero_amount" time="0.114" /><testcase classname="backend.tests.test_iteration16_realtime_money.TestSendMoneyValidation" name="test_invalid_recipient" time="0.109" /><testcase classname="backend.tests.test_iteration16_realtime_money.TestSendMoneyValidation" name="test_insufficient_balance" time="0.111" /><testcase classname="backend.tests.test_iteration16_realtime_money.TestSendMoneyValidation" name="test_unauth_rejected" time="0.116" /><testcase classname="backend.tests.test_iteration16_realtime_money.TestFeedNotifyRegression" name="test_like_by_non_owner_succeeds" time="0.239" /><testcase classname="backend.tests.test_iteration16_realtime_money.TestFeedNotifyRegression" name="test_comment_by_non_owner_succeeds" time="0.125" /><testcase classname="backend.tests.test_iteration16_realtime_money.TestFeedNotifyRegression" name="test_tip_still_works" time="0.238" /><testcase classname="backend.tests.test_iteration16_realtime_money.TestRegressionCoreFlows" name="test_send_text_message_still_works" time="0.119" /><testcase classname="backend.tests.test_iteration16_realtime_money.TestRegressionCoreFlows" name="test_conversations_list" time="0.117" /><testcase classname="backend.tests.test_iteration16_realtime_money.TestRegressionCoreFlows" name="test_wallet_send_still_works" time="0.116" /></testsuite></testsuites>