<?xml version="1.0" encoding="utf-8"?><testsuites name="pytest tests"><testsuite name="pytest" errors="0" failures="0" skipped="0" tests="6" time="95.714" timestamp="2026-05-04T22:11:12.589949+00:00" hostname="agent-env-8b343572-668a-4145-bfbd-eff93a871360"><testcase classname="backend.tests.test_reels_comments_share_iter215.TestReelComments" name="test_get_comments_list" time="89.111" /><testcase classname="backend.tests.test_reels_comments_share_iter215.TestReelComments" name="test_post_comment_empty_returns_400" time="0.379" /><testcase classname="backend.tests.test_reels_comments_share_iter215.TestReelComments" name="test_post_comment_unknown_reel_returns_404" time="0.715" /><testcase classname="backend.tests.test_reels_comments_share_iter215.TestReelComments" name="test_post_comment_success_and_persistence" time="2.593" /><testcase classname="backend.tests.test_reels_comments_share_iter215.TestReelShare" name="test_share_increments_count" time="2.113" /><testcase classname="backend.tests.test_reels_comments_share_iter215.TestReelShare" name="test_share_unknown_reel_returns_404" time="0.719" /></testsuite></testsuites>