<?xml version="1.0" encoding="utf-8"?><testsuites name="pytest tests"><testsuite name="pytest" errors="0" failures="3" skipped="0" tests="14" time="79.246" timestamp="2026-04-24T10:55:19.620710+00:00" hostname="agent-env-8b343572-668a-4145-bfbd-eff93a871360"><testcase classname="backend.tests.test_iter85_shuffling_virality.TestQuizShuffle" name="test_options_order_persisted_in_run" time="18.091" /><testcase classname="backend.tests.test_iter85_shuffling_virality.TestQuizShuffle" name="test_shuffle_distribution_across_runs" time="24.877" /><testcase classname="backend.tests.test_iter85_shuffling_virality.TestQuizShuffle" name="test_submit_scores_correctly_with_shuffled_options" time="8.928" /><testcase classname="backend.tests.test_iter85_shuffling_virality.TestQuizAdminMetrics" name="test_overview_has_new_fields" time="1.773" /><testcase classname="backend.tests.test_iter85_shuffling_virality.TestTapSuspicious" name="test_25_taps_not_suspicious" time="6.004"><failure message="AssertionError: 25 taps flagged suspicious: {'run_id': 9, 'taps_raw': 25, 'taps_valid': 25, 'points_awarded': 25, 'points_cycle': 1100, 'bonus_awarded': 0, 'timed_out': False, 'best_today': 25}&#10;assert None is False&#10; +  where None = &lt;built-in method get of dict object at 0xfd3828e14b40&gt;('suspicious')&#10; +    where &lt;built-in method get of dict object at 0xfd3828e14b40&gt; = {'best_today': 25, 'bonus_awarded': 0, 'points_awarded': 25, 'points_cycle': 1100, ...}.get">backend/tests/test_iter85_shuffling_virality.py:201: in test_25_taps_not_suspicious
    assert d.get("suspicious") is False, f"25 taps flagged suspicious: {d}"
E   AssertionError: 25 taps flagged suspicious: {'run_id': 9, 'taps_raw': 25, 'taps_valid': 25, 'points_awarded': 25, 'points_cycle': 1100, 'bonus_awarded': 0, 'timed_out': False, 'best_today': 25}
E   assert None is False
E    +  where None = &lt;built-in method get of dict object at 0xfd3828e14b40&gt;('suspicious')
E    +    where &lt;built-in method get of dict object at 0xfd3828e14b40&gt; = {'best_today': 25, 'bonus_awarded': 0, 'points_awarded': 25, 'points_cycle': 1100, ...}.get</failure></testcase><testcase classname="backend.tests.test_iter85_shuffling_virality.TestTapSuspicious" name="test_105_taps_suspicious_not_cheated" time="6.016"><failure message="AssertionError: 105 taps NOT suspicious: {'run_id': 10, 'taps_raw': 105, 'taps_valid': 105, 'points_awarded': 155, 'points_cycle': 1255, 'bonus_awarded': 50, 'timed_out': False, 'best_today': 105}&#10;assert None is True&#10; +  where None = &lt;built-in method get of dict object at 0xfd3828319d80&gt;('suspicious')&#10; +    where &lt;built-in method get of dict object at 0xfd3828319d80&gt; = {'best_today': 105, 'bonus_awarded': 50, 'points_awarded': 155, 'points_cycle': 1255, ...}.get">backend/tests/test_iter85_shuffling_virality.py:209: in test_105_taps_suspicious_not_cheated
    assert d.get("suspicious") is True, f"105 taps NOT suspicious: {d}"
E   AssertionError: 105 taps NOT suspicious: {'run_id': 10, 'taps_raw': 105, 'taps_valid': 105, 'points_awarded': 155, 'points_cycle': 1255, 'bonus_awarded': 50, 'timed_out': False, 'best_today': 105}
E   assert None is True
E    +  where None = &lt;built-in method get of dict object at 0xfd3828319d80&gt;('suspicious')
E    +    where &lt;built-in method get of dict object at 0xfd3828319d80&gt; = {'best_today': 105, 'bonus_awarded': 50, 'points_awarded': 155, 'points_cycle': 1255, ...}.get</failure></testcase><testcase classname="backend.tests.test_iter85_shuffling_virality.TestTapSuspicious" name="test_150_taps_suspicious_and_cheated" time="6.019"><failure message="AssertionError: assert None is True&#10; +  where None = &lt;built-in method get of dict object at 0xfd3828327000&gt;('cheated')&#10; +    where &lt;built-in method get of dict object at 0xfd3828327000&gt; = {'best_today': 120, 'bonus_awarded': 50, 'points_awarded': 170, 'points_cycle': 1425, ...}.get">backend/tests/test_iter85_shuffling_virality.py:221: in test_150_taps_suspicious_and_cheated
    assert d.get("cheated") is True
E   AssertionError: assert None is True
E    +  where None = &lt;built-in method get of dict object at 0xfd3828327000&gt;('cheated')
E    +    where &lt;built-in method get of dict object at 0xfd3828327000&gt; = {'best_today': 120, 'bonus_awarded': 50, 'points_awarded': 170, 'points_cycle': 1425, ...}.get</failure></testcase><testcase classname="backend.tests.test_iter85_shuffling_virality.TestTapAdminNew" name="test_overview_has_suspicious_and_p95" time="1.130" /><testcase classname="backend.tests.test_iter85_shuffling_virality.TestTapAdminNew" name="test_suspicious_endpoint_returns_flagged" time="0.701" /><testcase classname="backend.tests.test_iter85_shuffling_virality.TestTapAdminNew" name="test_suspicious_blocked_for_non_admin" time="0.368" /><testcase classname="backend.tests.test_iter85_shuffling_virality.TestEngagementLeaderboard" name="test_weekly_shape" time="1.014" /><testcase classname="backend.tests.test_iter85_shuffling_virality.TestEngagementLeaderboard" name="test_all_returns_30d" time="2.753" /><testcase classname="backend.tests.test_iter85_shuffling_virality.TestShareCard" name="test_share_card_png_authenticated" time="0.896" /><testcase classname="backend.tests.test_iter85_shuffling_virality.TestShareCard" name="test_share_card_public_png" time="0.563" /></testsuite></testsuites>