<?xml version="1.0" encoding="utf-8"?><testsuites name="pytest tests"><testsuite name="pytest" errors="0" failures="0" skipped="0" tests="37" time="85.644" timestamp="2026-04-22T16:59:23.966613+00:00" hostname="agent-env-8b343572-668a-4145-bfbd-eff93a871360"><testcase classname="tests.test_iteration67_staking" name="test_public_plans_available" time="2.182" /><testcase classname="tests.test_iteration67_staking" name="test_public_leaderboard_returns_shortened_wallets" time="0.327" /><testcase classname="tests.test_iteration67_staking" name="test_wallet_connect_then_stake_then_early_withdraw" time="12.281" /><testcase classname="tests.test_iteration67_staking" name="test_admin_plan_crud" time="2.941" /><testcase classname="tests.test_iteration67_staking" name="test_non_admin_cannot_crud_plans" time="0.327" /><testcase classname="tests.test_iteration67_staking" name="test_settings_locked_keys_cannot_be_enabled" time="3.930" /><testcase classname="tests.test_iteration67_staking" name="test_stake_requires_wallet" time="0.327" /><testcase classname="tests.test_iteration67_staking" name="test_stake_under_minimum_rejected" time="3.981" /><testcase classname="tests.test_iteration64_messaging_center" name="test_non_admin_forbidden" time="1.614" /><testcase classname="tests.test_iteration64_messaging_center" name="test_segments_auto_seed" time="2.429" /><testcase classname="tests.test_iteration64_messaging_center" name="test_segment_preview_by_id" time="1.130" /><testcase classname="tests.test_iteration64_messaging_center" name="test_segment_preview_inline_rules" time="0.915" /><testcase classname="tests.test_iteration64_messaging_center" name="test_segment_preview_invalid_rule" time="0.476" /><testcase classname="tests.test_iteration64_messaging_center" name="test_custom_segment_create_update_delete" time="3.605" /><testcase classname="tests.test_iteration64_messaging_center" name="test_system_segment_not_editable" time="1.382" /><testcase classname="tests.test_iteration64_messaging_center" name="test_template_lifecycle" time="1.710" /><testcase classname="tests.test_iteration64_messaging_center" name="test_campaign_update_draft_only" time="2.036" /><testcase classname="tests.test_iteration64_messaging_center" name="test_campaign_test_send" time="2.071" /><testcase classname="tests.test_iteration64_messaging_center" name="test_campaign_send_requires_confirm" time="0.368" /><testcase classname="tests.test_iteration64_messaging_center" name="test_campaign_send_enqueues_and_worker_drains" time="9.718" /><testcase classname="tests.test_iteration64_messaging_center" name="test_campaign_cannot_edit_after_send" time="0.689" /><testcase classname="tests.test_iteration64_messaging_center" name="test_variable_substitution_applied" time="8.347" /><testcase classname="tests.test_iteration64_messaging_center" name="test_unsubscribe_valid_token_flips_user" time="2.751" /><testcase classname="tests.test_iteration64_messaging_center" name="test_unsubscribe_bad_token_400" time="0.003" /><testcase classname="tests.test_iteration64_messaging_center" name="test_open_pixel_returns_gif_and_logs" time="0.324" /><testcase classname="tests.test_iteration64_messaging_center" name="test_click_redirect_302" time="0.325" /><testcase classname="tests.test_iteration64_messaging_center" name="test_resend_webhook_bounced" time="0.550" /><testcase classname="tests.test_iteration64_messaging_center" name="test_resend_webhook_complained_unsubscribes_user" time="3.834" /><testcase classname="tests.test_iteration64_messaging_center" name="test_resend_webhook_unknown_type_ignored" time="0.003" /><testcase classname="tests.test_iteration64_messaging_center" name="test_analytics_dashboard_shape" time="0.653" /><testcase classname="tests.test_iteration66_individual_targeting" name="test_user_search_admin_only" time="1.607" /><testcase classname="tests.test_iteration66_individual_targeting" name="test_user_search_by_email" time="2.122" /><testcase classname="tests.test_iteration66_individual_targeting" name="test_user_search_empty_query_returns_empty" time="0.366" /><testcase classname="tests.test_iteration66_individual_targeting" name="test_user_search_limit_respected" time="0.718" /><testcase classname="tests.test_iteration66_individual_targeting" name="test_campaign_with_mixed_targets" time="1.821" /><testcase classname="tests.test_iteration66_individual_targeting" name="test_campaign_send_individual_expands_correctly" time="5.818" /><testcase classname="tests.test_iteration66_individual_targeting" name="test_campaign_send_no_audience_rejected" time="1.878" /></testsuite></testsuites>