<?xml version="1.0" encoding="utf-8"?><testsuites name="pytest tests"><testsuite name="pytest" errors="0" failures="0" skipped="0" tests="41" time="107.984" timestamp="2026-04-25T00:20:40.772687+00:00" hostname="agent-env-8b343572-668a-4145-bfbd-eff93a871360"><testcase classname="backend.tests.test_iteration101_driver_reviews.TestSubmitReview" name="test_01_before_complete_409_not_completed" time="15.026" /><testcase classname="backend.tests.test_iteration101_driver_reviews.TestSubmitReview" name="test_02_404_unknown_ride" time="1.249" /><testcase classname="backend.tests.test_iteration101_driver_reviews.TestSubmitReview" name="test_03_full_lifecycle_and_rider_posts_4_stars" time="13.011" /><testcase classname="backend.tests.test_iteration101_driver_reviews.TestSubmitReview" name="test_04_idempotent_409_on_second_post" time="1.483" /><testcase classname="backend.tests.test_iteration101_driver_reviews.TestSubmitReview" name="test_05_403_when_not_rider" time="2.489" /><testcase classname="backend.tests.test_iteration101_driver_reviews.TestSubmitReview" name="test_06_pydantic_rating_out_of_range" time="8.864" /><testcase classname="backend.tests.test_iteration101_driver_reviews.TestSubmitReview" name="test_07_second_review_recomputes_rolling_avg" time="3.344" /><testcase classname="backend.tests.test_iteration101_driver_reviews.TestGetRideReview" name="test_10_rider_reads_review" time="1.251" /><testcase classname="backend.tests.test_iteration101_driver_reviews.TestGetRideReview" name="test_11_driver_may_read" time="1.239" /><testcase classname="backend.tests.test_iteration101_driver_reviews.TestGetRideReview" name="test_12_stranger_forbidden" time="1.061" /><testcase classname="backend.tests.test_iteration101_driver_reviews.TestGetRideReview" name="test_13_404_missing_ride" time="1.036" /><testcase classname="backend.tests.test_iteration101_driver_reviews.TestGetRideReview" name="test_14_can_submit_true_only_when_all_conditions_met" time="11.518" /><testcase classname="backend.tests.test_iteration101_driver_reviews.TestDriverReviewsPublic" name="test_20_list_summary_and_histogram" time="1.481" /><testcase classname="backend.tests.test_iteration101_driver_reviews.TestDriverReviewsPublic" name="test_21_pagination" time="1.467" /><testcase classname="backend.tests.test_iteration101_driver_reviews.TestDriverReviewsPublic" name="test_22_404_unknown_driver" time="1.029" /><testcase classname="backend.tests.test_iteration101_driver_reviews.TestAdminDriverDetailIncludesReviews" name="test_30_reviews_block_present" time="1.680" /><testcase classname="backend.tests.test_iteration101_driver_reviews.TestAdminDriverDetailIncludesReviews" name="test_31_non_admin_forbidden" time="0.381" /><testcase classname="backend.tests.test_iter99_transport_lifecycle.TestGPSValidation" name="test_invalid_lat_999" time="10.095" /><testcase classname="backend.tests.test_iter99_transport_lifecycle.TestGPSValidation" name="test_invalid_nan" time="0.396" /><testcase classname="backend.tests.test_iter99_transport_lifecycle.TestGPSValidation" name="test_distance_too_short" time="0.404" /><testcase classname="backend.tests.test_iter99_transport_lifecycle.TestGPSValidation" name="test_distance_too_long" time="0.386" /><testcase classname="backend.tests.test_iter99_transport_lifecycle.TestLifecycle" name="test_1_create_valid_ride" time="2.006" /><testcase classname="backend.tests.test_iter99_transport_lifecycle.TestLifecycle" name="test_2_duplicate_active_ride_409" time="1.675" /><testcase classname="backend.tests.test_iter99_transport_lifecycle.TestLifecycle" name="test_3_accept_by_rider_400" time="0.925" /><testcase classname="backend.tests.test_iter99_transport_lifecycle.TestLifecycle" name="test_4_accept_by_driver" time="1.575" /><testcase classname="backend.tests.test_iter99_transport_lifecycle.TestLifecycle" name="test_5_complete_before_start_409" time="0.922" /><testcase classname="backend.tests.test_iter99_transport_lifecycle.TestLifecycle" name="test_6_en_route_ok" time="1.365" /><testcase classname="backend.tests.test_iter99_transport_lifecycle.TestLifecycle" name="test_7_en_route_twice_409" time="0.925" /><testcase classname="backend.tests.test_iter99_transport_lifecycle.TestLifecycle" name="test_8_position_ping" time="1.032" /><testcase classname="backend.tests.test_iter99_transport_lifecycle.TestLifecycle" name="test_9_position_wrong_driver_403" time="0.717" /><testcase classname="backend.tests.test_iter99_transport_lifecycle.TestLifecycle" name="test_10_start_ride" time="1.358" /><testcase classname="backend.tests.test_iter99_transport_lifecycle.TestLifecycle" name="test_11_cancel_after_start_409" time="0.815" /><testcase classname="backend.tests.test_iter99_transport_lifecycle.TestLifecycle" name="test_12_complete_from_started_and_wallet_flow" time="5.309" /><testcase classname="backend.tests.test_iter99_transport_lifecycle.TestDetailAndCancel" name="test_detail_full_payload" time="0.709" /><testcase classname="backend.tests.test_iter99_transport_lifecycle.TestDetailAndCancel" name="test_detail_access_denied_for_others" time="0.709" /><testcase classname="backend.tests.test_iter99_transport_lifecycle.TestDetailAndCancel" name="test_cancel_pending_ride_ok" time="3.239" /><testcase classname="backend.tests.test_iter99_transport_lifecycle.TestHeatmap" name="test_heatmap_pickup" time="0.707" /><testcase classname="backend.tests.test_iter99_transport_lifecycle.TestHeatmap" name="test_heatmap_dropoff" time="0.707" /><testcase classname="backend.tests.test_iter99_transport_lifecycle.TestHeatmap" name="test_heatmap_non_admin_403" time="0.375" /><testcase classname="backend.tests.test_iter99_transport_lifecycle.TestSchemaAudit" name="test_ride_requests_columns" time="1.026" /><testcase classname="backend.tests.test_iter99_transport_lifecycle.TestSchemaAudit" name="test_driver_fk_dropped" time="2.874" /></testsuite></testsuites>