<?xml version="1.0" encoding="utf-8"?><testsuites name="pytest tests"><testsuite name="pytest" errors="0" failures="0" skipped="0" tests="5" time="4.049" timestamp="2026-04-25T10:24:25.621431+00:00" hostname="agent-env-8b343572-668a-4145-bfbd-eff93a871360"><testcase classname="tests.test_iter111_referral_phases_abc.TestPreview" name="test_preview_valid_code" time="2.805" /><testcase classname="tests.test_iter111_referral_phases_abc.TestPreview" name="test_preview_invalid_code" time="0.444" /><testcase classname="tests.test_iter111_referral_phases_abc.TestPreview" name="test_preview_too_long_code" time="0.109" /><testcase classname="tests.test_iter111_referral_phases_abc.TestPreview" name="test_preview_lowercase_code_normalized" time="0.439" /><testcase classname="tests.test_iter111_referral_phases_abc.TestShortLink" name="test_short_link_serves_spa" time="0.159" /></testsuite></testsuites>