<?xml version="1.0" encoding="utf-8"?><testsuites name="pytest tests"><testsuite name="pytest" errors="0" failures="0" skipped="0" tests="10" time="4.501" timestamp="2026-04-21T21:40:33.651368+00:00" hostname="agent-env-8b343572-668a-4145-bfbd-eff93a871360"><testcase classname="backend.tests.test_iteration53_livekit_sprintB" name="test_livekit_is_configured" time="1.227" /><testcase classname="backend.tests.test_iteration53_livekit_sprintB" name="test_livekit_non_admin_forbidden" time="0.440" /><testcase classname="backend.tests.test_iteration53_livekit_sprintB" name="test_create_p2p_session" time="0.841" /><testcase classname="backend.tests.test_iteration53_livekit_sprintB" name="test_create_session_self_not_allowed_p2p" time="0.068" /><testcase classname="backend.tests.test_iteration53_livekit_sprintB" name="test_create_session_invalid_mode" time="0.073" /><testcase classname="backend.tests.test_iteration53_livekit_sprintB" name="test_token_for_host_returns_jwt" time="0.681" /><testcase classname="backend.tests.test_iteration53_livekit_sprintB" name="test_token_for_callee_allowed" time="0.064" /><testcase classname="backend.tests.test_iteration53_livekit_sprintB" name="test_token_for_stranger_forbidden" time="0.063" /><testcase classname="backend.tests.test_iteration53_livekit_sprintB" name="test_token_unknown_session" time="0.068" /><testcase classname="backend.tests.test_iteration53_livekit_sprintB" name="test_join_leave_ends_session_when_host_leaves" time="0.914" /></testsuite></testsuites>