<?xml version="1.0" encoding="utf-8"?><testsuites name="pytest tests"><testsuite name="pytest" errors="0" failures="0" skipped="3" tests="7" time="291.019" timestamp="2026-05-06T01:29:04.113979+00:00" hostname="agent-env-8b343572-668a-4145-bfbd-eff93a871360"><testcase classname="backend.tests.test_iter232_double_validation" name="test_m1_bob_quiz_tx_currency_is_usd" time="186.484"><skipped type="pytest.skip" message="Login failed for bob@japap.com: ('exc', &quot;HTTPSConnectionPool(host='japap-refactor.preview.emergentagent.com', port=443): Read timed out. (read timeout=60)&quot;)">/app/backend/tests/test_iter232_double_validation.py:92: Login failed for bob@japap.com: ('exc', "HTTPSConnectionPool(host='japap-refactor.preview.emergentagent.com', port=443): Read timed out. (read timeout=60)")</skipped></testcase><testcase classname="backend.tests.test_iter232_double_validation" name="test_m2a_allow_double_create_locks_2x" time="92.536" /><testcase classname="backend.tests.test_iter232_double_validation" name="test_m2b_bob_accept_no_double_refunds_alice_excess" time="0.000"><skipped type="pytest.skip" message="Login failed for bob@japap.com: ('exc', &quot;HTTPSConnectionPool(host='japap-refactor.preview.emergentagent.com', port=443): Read timed out. (read timeout=60)&quot;)">/app/backend/tests/test_iter232_double_validation.py:134: Login failed for bob@japap.com: ('exc', "HTTPSConnectionPool(host='japap-refactor.preview.emergentagent.com', port=443): Read timed out. (read timeout=60)")</skipped></testcase><testcase classname="backend.tests.test_iter232_double_validation" name="test_m2c_bob_accept_with_double" time="0.000"><skipped type="pytest.skip" message="Login failed for bob@japap.com: ('exc', &quot;HTTPSConnectionPool(host='japap-refactor.preview.emergentagent.com', port=443): Read timed out. (read timeout=60)&quot;)">/app/backend/tests/test_iter232_double_validation.py:160: Login failed for bob@japap.com: ('exc', "HTTPSConnectionPool(host='japap-refactor.preview.emergentagent.com', port=443): Read timed out. (read timeout=60)")</skipped></testcase><testcase classname="backend.tests.test_iter232_double_validation" name="test_m2e_charlie_insufficient_for_double_returns_402" time="5.216" /><testcase classname="backend.tests.test_iter232_double_validation" name="test_m3_db_schema" time="1.442" /><testcase classname="backend.tests.test_iter232_double_validation" name="test_m3_admin_validation_stats_endpoint" time="5.239" /></testsuite></testsuites>