<?xml version="1.0" encoding="utf-8"?><testsuites name="pytest tests"><testsuite name="pytest" errors="0" failures="0" skipped="0" tests="29" time="60.071" timestamp="2026-04-22T16:20:06.560529+00:00" hostname="agent-env-8b343572-668a-4145-bfbd-eff93a871360"><testcase classname="tests.test_iteration64_messaging_center" name="test_non_admin_forbidden" time="1.633" /><testcase classname="tests.test_iteration64_messaging_center" name="test_segments_auto_seed" time="2.453" /><testcase classname="tests.test_iteration64_messaging_center" name="test_segment_preview_by_id" time="1.138" /><testcase classname="tests.test_iteration64_messaging_center" name="test_segment_preview_inline_rules" time="0.918" /><testcase classname="tests.test_iteration64_messaging_center" name="test_segment_preview_invalid_rule" time="0.479" /><testcase classname="tests.test_iteration64_messaging_center" name="test_custom_segment_create_update_delete" time="3.618" /><testcase classname="tests.test_iteration64_messaging_center" name="test_system_segment_not_editable" time="1.392" /><testcase classname="tests.test_iteration64_messaging_center" name="test_template_lifecycle" time="1.746" /><testcase classname="tests.test_iteration64_messaging_center" name="test_campaign_update_draft_only" time="2.053" /><testcase classname="tests.test_iteration64_messaging_center" name="test_campaign_test_send" time="2.074" /><testcase classname="tests.test_iteration64_messaging_center" name="test_campaign_send_requires_confirm" time="0.370" /><testcase classname="tests.test_iteration64_messaging_center" name="test_campaign_send_enqueues_and_worker_drains" time="9.766" /><testcase classname="tests.test_iteration64_messaging_center" name="test_campaign_cannot_edit_after_send" time="0.695" /><testcase classname="tests.test_iteration64_messaging_center" name="test_variable_substitution_applied" time="8.424" /><testcase classname="tests.test_iteration64_messaging_center" name="test_unsubscribe_valid_token_flips_user" time="2.788" /><testcase classname="tests.test_iteration64_messaging_center" name="test_unsubscribe_bad_token_400" time="0.003" /><testcase classname="tests.test_iteration64_messaging_center" name="test_open_pixel_returns_gif_and_logs" time="0.329" /><testcase classname="tests.test_iteration64_messaging_center" name="test_click_redirect_302" time="0.329" /><testcase classname="tests.test_iteration64_messaging_center" name="test_resend_webhook_bounced" time="0.550" /><testcase classname="tests.test_iteration64_messaging_center" name="test_resend_webhook_complained_unsubscribes_user" time="3.874" /><testcase classname="tests.test_iteration64_messaging_center" name="test_resend_webhook_unknown_type_ignored" time="0.003" /><testcase classname="tests.test_iteration64_messaging_center" name="test_analytics_dashboard_shape" time="0.656" /><testcase classname="tests.test_iteration66_individual_targeting" name="test_user_search_admin_only" time="1.617" /><testcase classname="tests.test_iteration66_individual_targeting" name="test_user_search_by_email" time="2.121" /><testcase classname="tests.test_iteration66_individual_targeting" name="test_user_search_empty_query_returns_empty" time="0.367" /><testcase classname="tests.test_iteration66_individual_targeting" name="test_user_search_limit_respected" time="0.720" /><testcase classname="tests.test_iteration66_individual_targeting" name="test_campaign_with_mixed_targets" time="1.818" /><testcase classname="tests.test_iteration66_individual_targeting" name="test_campaign_send_individual_expands_correctly" time="6.173" /><testcase classname="tests.test_iteration66_individual_targeting" name="test_campaign_send_no_audience_rejected" time="1.880" /></testsuite></testsuites>