<?xml version="1.0" encoding="utf-8"?><testsuites name="pytest tests"><testsuite name="pytest" errors="0" failures="0" skipped="0" tests="11" time="71.169" timestamp="2026-04-22T20:19:13.139910+00:00" hostname="agent-env-8b343572-668a-4145-bfbd-eff93a871360"><testcase classname="tests.test_iteration76_feed_share_comments.TestSinglePost" name="test_get_single_post_shape" time="58.919" /><testcase classname="tests.test_iteration76_feed_share_comments.TestSinglePost" name="test_get_single_post_404" time="0.700" /><testcase classname="tests.test_iteration76_feed_share_comments.TestComments" name="test_create_comment_then_get_and_count_increments" time="3.262" /><testcase classname="tests.test_iteration76_feed_share_comments.TestExternalShare" name="test_share_external_with_channel[whatsapp]" time="0.923" /><testcase classname="tests.test_iteration76_feed_share_comments.TestExternalShare" name="test_share_external_with_channel[facebook]" time="0.927" /><testcase classname="tests.test_iteration76_feed_share_comments.TestExternalShare" name="test_share_external_with_channel[copy_link]" time="0.919" /><testcase classname="tests.test_iteration76_feed_share_comments.TestExternalShare" name="test_share_external_no_caption_unknown" time="0.925" /><testcase classname="tests.test_iteration76_feed_share_comments.TestExternalShare" name="test_share_invalid_target_400" time="0.391" /><testcase classname="tests.test_iteration76_feed_share_comments.TestExternalShare" name="test_share_external_nonexistent_post_404" time="0.702" /><testcase classname="tests.test_iteration76_feed_share_comments.TestRegression" name="test_like_toggle" time="2.498" /><testcase classname="tests.test_iteration76_feed_share_comments.TestRegression" name="test_feed_listing_smoke" time="0.929" /></testsuite></testsuites>