<?xml version="1.0" encoding="utf-8"?><testsuites name="pytest tests"><testsuite name="pytest" errors="0" failures="0" skipped="0" tests="46" time="0.340" timestamp="2026-04-25T10:59:02.800816+00:00" hostname="agent-env-8b343572-668a-4145-bfbd-eff93a871360"><testcase classname="tests.test_wheel_fortune" name="test_cycle_length_is_30_days" time="0.000" /><testcase classname="tests.test_wheel_fortune" name="test_goals_match_product_spec" time="0.000" /><testcase classname="tests.test_wheel_fortune" name="test_claim_grace_window_exists" time="0.000" /><testcase classname="tests.test_wheel_fortune" name="test_wheel_has_exactly_8_slots_index_0_is_jackpot" time="0.000" /><testcase classname="tests.test_wheel_fortune" name="test_compute_phase_boundaries[0-1]" time="0.000" /><testcase classname="tests.test_wheel_fortune" name="test_compute_phase_boundaries[1-1]" time="0.000" /><testcase classname="tests.test_wheel_fortune" name="test_compute_phase_boundaries[5-1]" time="0.000" /><testcase classname="tests.test_wheel_fortune" name="test_compute_phase_boundaries[10-1]" time="0.000" /><testcase classname="tests.test_wheel_fortune" name="test_compute_phase_boundaries[11-2]" time="0.000" /><testcase classname="tests.test_wheel_fortune" name="test_compute_phase_boundaries[15-2]" time="0.000" /><testcase classname="tests.test_wheel_fortune" name="test_compute_phase_boundaries[20-2]" time="0.000" /><testcase classname="tests.test_wheel_fortune" name="test_compute_phase_boundaries[21-3]" time="0.000" /><testcase classname="tests.test_wheel_fortune" name="test_compute_phase_boundaries[25-3]" time="0.000" /><testcase classname="tests.test_wheel_fortune" name="test_compute_phase_boundaries[30-3]" time="0.000" /><testcase classname="tests.test_wheel_fortune" name="test_compute_phase_boundaries[100-3]" time="0.000" /><testcase classname="tests.test_wheel_fortune" name="test_theoretical_max_24_days_exceeds_goal_without_clamp" time="0.000" /><testcase classname="tests.test_wheel_fortune" name="test_sovereign_clamp_enforces_sub_10k_until_day_25" time="0.000" /><testcase classname="tests.test_wheel_fortune" name="test_day_25_is_first_day_clamp_is_lifted" time="0.000" /><testcase classname="tests.test_wheel_fortune" name="test_jackpot_refused_before_phase_3" time="0.000" /><testcase classname="tests.test_wheel_fortune" name="test_jackpot_refused_below_8000_points" time="0.000" /><testcase classname="tests.test_wheel_fortune" name="test_jackpot_refused_below_20_days" time="0.000" /><testcase classname="tests.test_wheel_fortune" name="test_jackpot_accepted_in_window" time="0.000" /><testcase classname="tests.test_wheel_fortune" name="test_near_miss_only_in_right_window" time="0.000" /><testcase classname="tests.test_wheel_fortune" name="test_streak_bonus_thresholds[0-0]" time="0.000" /><testcase classname="tests.test_wheel_fortune" name="test_streak_bonus_thresholds[1-0]" time="0.000" /><testcase classname="tests.test_wheel_fortune" name="test_streak_bonus_thresholds[2-0]" time="0.000" /><testcase classname="tests.test_wheel_fortune" name="test_streak_bonus_thresholds[3-50]" time="0.000" /><testcase classname="tests.test_wheel_fortune" name="test_streak_bonus_thresholds[5-50]" time="0.000" /><testcase classname="tests.test_wheel_fortune" name="test_streak_bonus_thresholds[6-50]" time="0.000" /><testcase classname="tests.test_wheel_fortune" name="test_streak_bonus_thresholds[7-150]" time="0.000" /><testcase classname="tests.test_wheel_fortune" name="test_streak_bonus_thresholds[10-150]" time="0.000" /><testcase classname="tests.test_wheel_fortune" name="test_streak_bonus_thresholds[14-150]" time="0.000" /><testcase classname="tests.test_wheel_fortune" name="test_streak_bonus_thresholds[15-400]" time="0.000" /><testcase classname="tests.test_wheel_fortune" name="test_streak_bonus_thresholds[30-400]" time="0.000" /><testcase classname="tests.test_wheel_fortune" name="test_milestones_ordered_crossings" time="0.000" /><testcase classname="tests.test_wheel_fortune" name="test_cycle_trigger_tags[7-j7]" time="0.000" /><testcase classname="tests.test_wheel_fortune" name="test_cycle_trigger_tags[3-j3]" time="0.000" /><testcase classname="tests.test_wheel_fortune" name="test_cycle_trigger_tags[1-j1]" time="0.000" /><testcase classname="tests.test_wheel_fortune" name="test_cycle_trigger_tags[0-j0]" time="0.000" /><testcase classname="tests.test_wheel_fortune" name="test_cycle_trigger_tags[2-None]" time="0.000" /><testcase classname="tests.test_wheel_fortune" name="test_cycle_trigger_tags[4-None]" time="0.000" /><testcase classname="tests.test_wheel_fortune" name="test_cycle_trigger_tags[8-None]" time="0.000" /><testcase classname="tests.test_wheel_fortune" name="test_cycle_trigger_tags[-1-None]" time="0.000" /><testcase classname="tests.test_wheel_fortune" name="test_phase1_and_2_distributions_exclude_jackpot" time="0.000" /><testcase classname="tests.test_wheel_fortune" name="test_weighted_pick_distribution_stays_in_valid_slots" time="0.001" /><testcase classname="tests.test_wheel_fortune" name="test_weighted_pick_handles_empty_gracefully" time="0.000" /></testsuite></testsuites>