<?xml version="1.0" encoding="utf-8"?><testsuites name="pytest tests"><testsuite name="pytest" errors="0" failures="0" skipped="0" tests="45" time="173.046" timestamp="2026-04-27T14:19:32.857620+00:00" hostname="agent-env-8b343572-668a-4145-bfbd-eff93a871360"><testcase classname="tests.test_iter142_crowdfunding" name="test_01_state_initial" time="13.621" /><testcase classname="tests.test_iter142_crowdfunding" name="test_02_create_project_alice" time="3.782" /><testcase classname="tests.test_iter142_crowdfunding" name="test_03_alice_cannot_create_second" time="1.007" /><testcase classname="tests.test_iter142_crowdfunding" name="test_04_create_project_bob_opens_votes" time="2.978" /><testcase classname="tests.test_iter142_crowdfunding" name="test_05_state_threshold_reached" time="0.678" /><testcase classname="tests.test_iter142_crowdfunding" name="test_06_list_projects_returns_two" time="0.708" /><testcase classname="tests.test_iter142_crowdfunding" name="test_07_alice_cannot_vote_self" time="1.658" /><testcase classname="tests.test_iter142_crowdfunding" name="test_08_bob_votes_alice" time="2.873" /><testcase classname="tests.test_iter142_crowdfunding" name="test_09_bob_double_vote_blocked" time="2.131" /><testcase classname="tests.test_iter142_crowdfunding" name="test_10_winner_detection_and_reward" time="9.079" /><testcase classname="tests.test_iter142_crowdfunding" name="test_11_between_cycles_no_more_votes" time="2.885" /><testcase classname="tests.test_iter142_crowdfunding" name="test_12_admin_starts_new_cycle" time="2.306" /><testcase classname="tests.test_iter142_crowdfunding" name="test_13_non_admin_cannot_start_cycle" time="0.459" /><testcase classname="tests.test_iter142_crowdfunding" name="test_14_admin_update_active_cycle" time="1.958" /><testcase classname="tests.test_iter142_crowdfunding" name="test_15_admin_settings_get_put" time="2.544" /><testcase classname="tests.test_iter142_crowdfunding" name="test_16_alice_can_create_in_new_cycle" time="5.948" /><testcase classname="tests.test_iter142b_share" name="test_share_endpoint_returns_all_links" time="8.281" /><testcase classname="tests.test_iter142b_share" name="test_share_card_story_light_webp_under_150kb" time="0.948" /><testcase classname="tests.test_iter142b_share" name="test_share_card_landscape_light_webp_under_80kb" time="0.849" /><testcase classname="tests.test_iter142b_share" name="test_share_card_jpeg_fallback_via_accept_header" time="0.764" /><testcase classname="tests.test_iter142b_share" name="test_share_card_hd_under_200kb" time="1.865" /><testcase classname="tests.test_iter142b_share" name="test_share_card_legacy_png_path_still_works" time="0.838" /><testcase classname="tests.test_iter142b_share" name="test_og_endpoint_returns_rich_meta" time="0.657" /><testcase classname="tests.test_iter142b_share" name="test_share_unknown_slug_returns_404" time="0.452" /><testcase classname="tests.test_iter142b_share" name="test_og_unknown_slug_returns_fallback" time="0.534" /><testcase classname="tests.test_iter142d_engagement" name="test_anon_engagement_returns_cold_default" time="2.175" /><testcase classname="tests.test_iter142d_engagement" name="test_track_event_accepts_valid_types" time="5.986" /><testcase classname="tests.test_iter142d_engagement" name="test_track_event_rejects_unknown_type" time="0.441" /><testcase classname="tests.test_iter142d_engagement" name="test_engaged_state_after_share" time="2.284" /><testcase classname="tests.test_iter142d_engagement" name="test_critical_state_with_open_votes" time="17.143" /><testcase classname="tests.test_iter142d_engagement" name="test_cooldown_suppresses_same_state" time="6.976" /><testcase classname="tests.test_iter142d_engagement" name="test_feedback_dismiss_creates_7d_cooldown" time="2.864" /><testcase classname="tests.test_iter142d_engagement" name="test_admin_message_performance_listing" time="0.781" /><testcase classname="tests.test_iter142d_engagement" name="test_non_admin_blocked_from_message_performance" time="0.448" /><testcase classname="tests.test_iter142e_lifecycle" name="test_01_create_alice" time="8.615" /><testcase classname="tests.test_iter142e_lifecycle" name="test_02_owner_can_edit_before_votes" time="4.225" /><testcase classname="tests.test_iter142e_lifecycle" name="test_03_other_user_cannot_edit" time="5.976" /><testcase classname="tests.test_iter142e_lifecycle" name="test_04_owner_can_delete_before_votes" time="4.268" /><testcase classname="tests.test_iter142e_lifecycle" name="test_05_owner_cannot_delete_after_votes_open" time="15.598" /><testcase classname="tests.test_iter142e_lifecycle" name="test_06_admin_can_force_delete" time="4.294" /><testcase classname="tests.test_iter142e_lifecycle" name="test_07_non_admin_cannot_force_delete" time="3.054" /><testcase classname="tests.test_iter142e_lifecycle" name="test_08_admin_disqualify_keeps_visible_log" time="4.337" /><testcase classname="tests.test_iter142e_lifecycle" name="test_09_share_performance_endpoint" time="4.911" /><testcase classname="tests.test_iter142e_lifecycle" name="test_10_rival_endpoint" time="4.189" /><testcase classname="tests.test_iter142e_lifecycle" name="test_11_engagement_includes_velocity_and_share_perf" time="4.538" /></testsuite></testsuites>