<?xml version="1.0" encoding="utf-8"?><testsuites name="pytest tests"><testsuite name="pytest" errors="7" failures="0" skipped="0" tests="8" time="127.591" timestamp="2026-05-14T01:42:57.506737+00:00" hostname="agent-env-8b343572-668a-4145-bfbd-eff93a871360"><testcase classname="tests.test_iter240f_boost_lifecycle" name="test_K_sw_version" time="0.261" /><testcase classname="tests.test_iter240f_boost_lifecycle" name="test_E_fast_track_price" time="126.480"><error message="failed on setup with &quot;requests.exceptions.ConnectionError: HTTPSConnectionPool(host='japap-refactor.preview.emergentagent.com', port=443): Max retries exceeded with url: /api/health (Caused by ReadTimeoutError(&quot;HTTPSConnectionPool(host='japap-refactor.preview.emergentagent.com', port=443): Read timed out. (read timeout=30)&quot;))&quot;">/root/.venv/lib/python3.11/site-packages/urllib3/connectionpool.py:534: in _make_request
    response = conn.getresponse()
               ^^^^^^^^^^^^^^^^^^
/root/.venv/lib/python3.11/site-packages/urllib3/connection.py:571: in getresponse
    httplib_response = super().getresponse()
                       ^^^^^^^^^^^^^^^^^^^^^
/usr/local/lib/python3.11/http/client.py:1415: in getresponse
    response.begin()
/usr/local/lib/python3.11/http/client.py:330: in begin
    version, status, reason = self._read_status()
                              ^^^^^^^^^^^^^^^^^^^
/usr/local/lib/python3.11/http/client.py:291: in _read_status
    line = str(self.fp.readline(_MAXLINE + 1), "iso-8859-1")
               ^^^^^^^^^^^^^^^^^^^^^^^^^^^^^^
/usr/local/lib/python3.11/socket.py:718: in readinto
    return self._sock.recv_into(b)
           ^^^^^^^^^^^^^^^^^^^^^^^
/usr/local/lib/python3.11/ssl.py:1314: in recv_into
    return self.read(nbytes, buffer)
           ^^^^^^^^^^^^^^^^^^^^^^^^^
/usr/local/lib/python3.11/ssl.py:1166: in read
    return self._sslobj.read(len, buffer)
           ^^^^^^^^^^^^^^^^^^^^^^^^^^^^^^
E   TimeoutError: The read operation timed out

The above exception was the direct cause of the following exception:
/root/.venv/lib/python3.11/site-packages/urllib3/connectionpool.py:787: in urlopen
    response = self._make_request(
/root/.venv/lib/python3.11/site-packages/urllib3/connectionpool.py:536: in _make_request
    self._raise_timeout(err=e, url=url, timeout_value=read_timeout)
/root/.venv/lib/python3.11/site-packages/urllib3/connectionpool.py:367: in _raise_timeout
    raise ReadTimeoutError(
E   urllib3.exceptions.ReadTimeoutError: HTTPSConnectionPool(host='japap-refactor.preview.emergentagent.com', port=443): Read timed out. (read timeout=30)

The above exception was the direct cause of the following exception:
/root/.venv/lib/python3.11/site-packages/requests/adapters.py:645: in send
    resp = conn.urlopen(
/root/.venv/lib/python3.11/site-packages/urllib3/connectionpool.py:871: in urlopen
    return self.urlopen(
/root/.venv/lib/python3.11/site-packages/urllib3/connectionpool.py:871: in urlopen
    return self.urlopen(
/root/.venv/lib/python3.11/site-packages/urllib3/connectionpool.py:871: in urlopen
    return self.urlopen(
/root/.venv/lib/python3.11/site-packages/urllib3/connectionpool.py:841: in urlopen
    retries = retries.increment(
/root/.venv/lib/python3.11/site-packages/urllib3/util/retry.py:535: in increment
    raise MaxRetryError(_pool, url, reason) from reason  # type: ignore[arg-type]
    ^^^^^^^^^^^^^^^^^^^^^^^^^^^^^^^^^^^^^^^^^^^^^^^^^^^
E   urllib3.exceptions.MaxRetryError: HTTPSConnectionPool(host='japap-refactor.preview.emergentagent.com', port=443): Max retries exceeded with url: /api/health (Caused by ReadTimeoutError("HTTPSConnectionPool(host='japap-refactor.preview.emergentagent.com', port=443): Read timed out. (read timeout=30)"))

During handling of the above exception, another exception occurred:
tests/test_iter240f_boost_lifecycle.py:69: in bob_s
    return _login(BOB)
           ^^^^^^^^^^^
tests/test_iter240f_boost_lifecycle.py:56: in _login
    s.get(f"{BASE}/api/health", timeout=30)
/root/.venv/lib/python3.11/site-packages/requests/sessions.py:605: in get
    return self.request("GET", url, **kwargs)
           ^^^^^^^^^^^^^^^^^^^^^^^^^^^^^^^^^^
/root/.venv/lib/python3.11/site-packages/requests/sessions.py:592: in request
    resp = self.send(prep, **send_kwargs)
           ^^^^^^^^^^^^^^^^^^^^^^^^^^^^^^
/root/.venv/lib/python3.11/site-packages/requests/sessions.py:706: in send
    r = adapter.send(request, **kwargs)
        ^^^^^^^^^^^^^^^^^^^^^^^^^^^^^^^
/root/.venv/lib/python3.11/site-packages/requests/adapters.py:678: in send
    raise ConnectionError(e, request=request)
E   requests.exceptions.ConnectionError: HTTPSConnectionPool(host='japap-refactor.preview.emergentagent.com', port=443): Max retries exceeded with url: /api/health (Caused by ReadTimeoutError("HTTPSConnectionPool(host='japap-refactor.preview.emergentagent.com', port=443): Read timed out. (read timeout=30)"))</error></testcase><testcase classname="tests.test_iter240f_boost_lifecycle" name="test_D_auth_me_has_language_field" time="0.000"><error message="failed on setup with &quot;requests.exceptions.ConnectionError: HTTPSConnectionPool(host='japap-refactor.preview.emergentagent.com', port=443): Max retries exceeded with url: /api/health (Caused by ReadTimeoutError(&quot;HTTPSConnectionPool(host='japap-refactor.preview.emergentagent.com', port=443): Read timed out. (read timeout=30)&quot;))&quot;">/root/.venv/lib/python3.11/site-packages/urllib3/connectionpool.py:534: in _make_request
    response = conn.getresponse()
               ^^^^^^^^^^^^^^^^^^
/root/.venv/lib/python3.11/site-packages/urllib3/connection.py:571: in getresponse
    httplib_response = super().getresponse()
                       ^^^^^^^^^^^^^^^^^^^^^
/usr/local/lib/python3.11/http/client.py:1415: in getresponse
    response.begin()
/usr/local/lib/python3.11/http/client.py:330: in begin
    version, status, reason = self._read_status()
                              ^^^^^^^^^^^^^^^^^^^
/usr/local/lib/python3.11/http/client.py:291: in _read_status
    line = str(self.fp.readline(_MAXLINE + 1), "iso-8859-1")
               ^^^^^^^^^^^^^^^^^^^^^^^^^^^^^^
/usr/local/lib/python3.11/socket.py:718: in readinto
    return self._sock.recv_into(b)
           ^^^^^^^^^^^^^^^^^^^^^^^
/usr/local/lib/python3.11/ssl.py:1314: in recv_into
    return self.read(nbytes, buffer)
           ^^^^^^^^^^^^^^^^^^^^^^^^^
/usr/local/lib/python3.11/ssl.py:1166: in read
    return self._sslobj.read(len, buffer)
           ^^^^^^^^^^^^^^^^^^^^^^^^^^^^^^
E   TimeoutError: The read operation timed out

The above exception was the direct cause of the following exception:
/root/.venv/lib/python3.11/site-packages/urllib3/connectionpool.py:787: in urlopen
    response = self._make_request(
/root/.venv/lib/python3.11/site-packages/urllib3/connectionpool.py:536: in _make_request
    self._raise_timeout(err=e, url=url, timeout_value=read_timeout)
/root/.venv/lib/python3.11/site-packages/urllib3/connectionpool.py:367: in _raise_timeout
    raise ReadTimeoutError(
E   urllib3.exceptions.ReadTimeoutError: HTTPSConnectionPool(host='japap-refactor.preview.emergentagent.com', port=443): Read timed out. (read timeout=30)

The above exception was the direct cause of the following exception:
/root/.venv/lib/python3.11/site-packages/requests/adapters.py:645: in send
    resp = conn.urlopen(
/root/.venv/lib/python3.11/site-packages/urllib3/connectionpool.py:871: in urlopen
    return self.urlopen(
/root/.venv/lib/python3.11/site-packages/urllib3/connectionpool.py:871: in urlopen
    return self.urlopen(
/root/.venv/lib/python3.11/site-packages/urllib3/connectionpool.py:871: in urlopen
    return self.urlopen(
/root/.venv/lib/python3.11/site-packages/urllib3/connectionpool.py:841: in urlopen
    retries = retries.increment(
/root/.venv/lib/python3.11/site-packages/urllib3/util/retry.py:535: in increment
    raise MaxRetryError(_pool, url, reason) from reason  # type: ignore[arg-type]
    ^^^^^^^^^^^^^^^^^^^^^^^^^^^^^^^^^^^^^^^^^^^^^^^^^^^
E   urllib3.exceptions.MaxRetryError: HTTPSConnectionPool(host='japap-refactor.preview.emergentagent.com', port=443): Max retries exceeded with url: /api/health (Caused by ReadTimeoutError("HTTPSConnectionPool(host='japap-refactor.preview.emergentagent.com', port=443): Read timed out. (read timeout=30)"))

During handling of the above exception, another exception occurred:
tests/test_iter240f_boost_lifecycle.py:69: in bob_s
    return _login(BOB)
           ^^^^^^^^^^^
tests/test_iter240f_boost_lifecycle.py:56: in _login
    s.get(f"{BASE}/api/health", timeout=30)
/root/.venv/lib/python3.11/site-packages/requests/sessions.py:605: in get
    return self.request("GET", url, **kwargs)
           ^^^^^^^^^^^^^^^^^^^^^^^^^^^^^^^^^^
/root/.venv/lib/python3.11/site-packages/requests/sessions.py:592: in request
    resp = self.send(prep, **send_kwargs)
           ^^^^^^^^^^^^^^^^^^^^^^^^^^^^^^
/root/.venv/lib/python3.11/site-packages/requests/sessions.py:706: in send
    r = adapter.send(request, **kwargs)
        ^^^^^^^^^^^^^^^^^^^^^^^^^^^^^^^
/root/.venv/lib/python3.11/site-packages/requests/adapters.py:678: in send
    raise ConnectionError(e, request=request)
E   requests.exceptions.ConnectionError: HTTPSConnectionPool(host='japap-refactor.preview.emergentagent.com', port=443): Max retries exceeded with url: /api/health (Caused by ReadTimeoutError("HTTPSConnectionPool(host='japap-refactor.preview.emergentagent.com', port=443): Read timed out. (read timeout=30)"))</error></testcase><testcase classname="tests.test_iter240f_boost_lifecycle" name="test_A_boost_active_orders_in_priority_block" time="0.000"><error message="failed on setup with &quot;requests.exceptions.ConnectionError: HTTPSConnectionPool(host='japap-refactor.preview.emergentagent.com', port=443): Max retries exceeded with url: /api/health (Caused by ReadTimeoutError(&quot;HTTPSConnectionPool(host='japap-refactor.preview.emergentagent.com', port=443): Read timed out. (read timeout=30)&quot;))&quot;">/root/.venv/lib/python3.11/site-packages/urllib3/connectionpool.py:534: in _make_request
    response = conn.getresponse()
               ^^^^^^^^^^^^^^^^^^
/root/.venv/lib/python3.11/site-packages/urllib3/connection.py:571: in getresponse
    httplib_response = super().getresponse()
                       ^^^^^^^^^^^^^^^^^^^^^
/usr/local/lib/python3.11/http/client.py:1415: in getresponse
    response.begin()
/usr/local/lib/python3.11/http/client.py:330: in begin
    version, status, reason = self._read_status()
                              ^^^^^^^^^^^^^^^^^^^
/usr/local/lib/python3.11/http/client.py:291: in _read_status
    line = str(self.fp.readline(_MAXLINE + 1), "iso-8859-1")
               ^^^^^^^^^^^^^^^^^^^^^^^^^^^^^^
/usr/local/lib/python3.11/socket.py:718: in readinto
    return self._sock.recv_into(b)
           ^^^^^^^^^^^^^^^^^^^^^^^
/usr/local/lib/python3.11/ssl.py:1314: in recv_into
    return self.read(nbytes, buffer)
           ^^^^^^^^^^^^^^^^^^^^^^^^^
/usr/local/lib/python3.11/ssl.py:1166: in read
    return self._sslobj.read(len, buffer)
           ^^^^^^^^^^^^^^^^^^^^^^^^^^^^^^
E   TimeoutError: The read operation timed out

The above exception was the direct cause of the following exception:
/root/.venv/lib/python3.11/site-packages/urllib3/connectionpool.py:787: in urlopen
    response = self._make_request(
/root/.venv/lib/python3.11/site-packages/urllib3/connectionpool.py:536: in _make_request
    self._raise_timeout(err=e, url=url, timeout_value=read_timeout)
/root/.venv/lib/python3.11/site-packages/urllib3/connectionpool.py:367: in _raise_timeout
    raise ReadTimeoutError(
E   urllib3.exceptions.ReadTimeoutError: HTTPSConnectionPool(host='japap-refactor.preview.emergentagent.com', port=443): Read timed out. (read timeout=30)

The above exception was the direct cause of the following exception:
/root/.venv/lib/python3.11/site-packages/requests/adapters.py:645: in send
    resp = conn.urlopen(
/root/.venv/lib/python3.11/site-packages/urllib3/connectionpool.py:871: in urlopen
    return self.urlopen(
/root/.venv/lib/python3.11/site-packages/urllib3/connectionpool.py:871: in urlopen
    return self.urlopen(
/root/.venv/lib/python3.11/site-packages/urllib3/connectionpool.py:871: in urlopen
    return self.urlopen(
/root/.venv/lib/python3.11/site-packages/urllib3/connectionpool.py:841: in urlopen
    retries = retries.increment(
/root/.venv/lib/python3.11/site-packages/urllib3/util/retry.py:535: in increment
    raise MaxRetryError(_pool, url, reason) from reason  # type: ignore[arg-type]
    ^^^^^^^^^^^^^^^^^^^^^^^^^^^^^^^^^^^^^^^^^^^^^^^^^^^
E   urllib3.exceptions.MaxRetryError: HTTPSConnectionPool(host='japap-refactor.preview.emergentagent.com', port=443): Max retries exceeded with url: /api/health (Caused by ReadTimeoutError("HTTPSConnectionPool(host='japap-refactor.preview.emergentagent.com', port=443): Read timed out. (read timeout=30)"))

During handling of the above exception, another exception occurred:
tests/test_iter240f_boost_lifecycle.py:69: in bob_s
    return _login(BOB)
           ^^^^^^^^^^^
tests/test_iter240f_boost_lifecycle.py:56: in _login
    s.get(f"{BASE}/api/health", timeout=30)
/root/.venv/lib/python3.11/site-packages/requests/sessions.py:605: in get
    return self.request("GET", url, **kwargs)
           ^^^^^^^^^^^^^^^^^^^^^^^^^^^^^^^^^^
/root/.venv/lib/python3.11/site-packages/requests/sessions.py:592: in request
    resp = self.send(prep, **send_kwargs)
           ^^^^^^^^^^^^^^^^^^^^^^^^^^^^^^
/root/.venv/lib/python3.11/site-packages/requests/sessions.py:706: in send
    r = adapter.send(request, **kwargs)
        ^^^^^^^^^^^^^^^^^^^^^^^^^^^^^^^
/root/.venv/lib/python3.11/site-packages/requests/adapters.py:678: in send
    raise ConnectionError(e, request=request)
E   requests.exceptions.ConnectionError: HTTPSConnectionPool(host='japap-refactor.preview.emergentagent.com', port=443): Max retries exceeded with url: /api/health (Caused by ReadTimeoutError("HTTPSConnectionPool(host='japap-refactor.preview.emergentagent.com', port=443): Read timed out. (read timeout=30)"))</error></testcase><testcase classname="tests.test_iter240f_boost_lifecycle" name="test_C1_edit_allowed_when_votes_closed" time="0.000"><error message="failed on setup with &quot;requests.exceptions.ConnectionError: HTTPSConnectionPool(host='japap-refactor.preview.emergentagent.com', port=443): Max retries exceeded with url: /api/health (Caused by ReadTimeoutError(&quot;HTTPSConnectionPool(host='japap-refactor.preview.emergentagent.com', port=443): Read timed out. (read timeout=30)&quot;))&quot;">/root/.venv/lib/python3.11/site-packages/urllib3/connectionpool.py:534: in _make_request
    response = conn.getresponse()
               ^^^^^^^^^^^^^^^^^^
/root/.venv/lib/python3.11/site-packages/urllib3/connection.py:571: in getresponse
    httplib_response = super().getresponse()
                       ^^^^^^^^^^^^^^^^^^^^^
/usr/local/lib/python3.11/http/client.py:1415: in getresponse
    response.begin()
/usr/local/lib/python3.11/http/client.py:330: in begin
    version, status, reason = self._read_status()
                              ^^^^^^^^^^^^^^^^^^^
/usr/local/lib/python3.11/http/client.py:291: in _read_status
    line = str(self.fp.readline(_MAXLINE + 1), "iso-8859-1")
               ^^^^^^^^^^^^^^^^^^^^^^^^^^^^^^
/usr/local/lib/python3.11/socket.py:718: in readinto
    return self._sock.recv_into(b)
           ^^^^^^^^^^^^^^^^^^^^^^^
/usr/local/lib/python3.11/ssl.py:1314: in recv_into
    return self.read(nbytes, buffer)
           ^^^^^^^^^^^^^^^^^^^^^^^^^
/usr/local/lib/python3.11/ssl.py:1166: in read
    return self._sslobj.read(len, buffer)
           ^^^^^^^^^^^^^^^^^^^^^^^^^^^^^^
E   TimeoutError: The read operation timed out

The above exception was the direct cause of the following exception:
/root/.venv/lib/python3.11/site-packages/urllib3/connectionpool.py:787: in urlopen
    response = self._make_request(
/root/.venv/lib/python3.11/site-packages/urllib3/connectionpool.py:536: in _make_request
    self._raise_timeout(err=e, url=url, timeout_value=read_timeout)
/root/.venv/lib/python3.11/site-packages/urllib3/connectionpool.py:367: in _raise_timeout
    raise ReadTimeoutError(
E   urllib3.exceptions.ReadTimeoutError: HTTPSConnectionPool(host='japap-refactor.preview.emergentagent.com', port=443): Read timed out. (read timeout=30)

The above exception was the direct cause of the following exception:
/root/.venv/lib/python3.11/site-packages/requests/adapters.py:645: in send
    resp = conn.urlopen(
/root/.venv/lib/python3.11/site-packages/urllib3/connectionpool.py:871: in urlopen
    return self.urlopen(
/root/.venv/lib/python3.11/site-packages/urllib3/connectionpool.py:871: in urlopen
    return self.urlopen(
/root/.venv/lib/python3.11/site-packages/urllib3/connectionpool.py:871: in urlopen
    return self.urlopen(
/root/.venv/lib/python3.11/site-packages/urllib3/connectionpool.py:841: in urlopen
    retries = retries.increment(
/root/.venv/lib/python3.11/site-packages/urllib3/util/retry.py:535: in increment
    raise MaxRetryError(_pool, url, reason) from reason  # type: ignore[arg-type]
    ^^^^^^^^^^^^^^^^^^^^^^^^^^^^^^^^^^^^^^^^^^^^^^^^^^^
E   urllib3.exceptions.MaxRetryError: HTTPSConnectionPool(host='japap-refactor.preview.emergentagent.com', port=443): Max retries exceeded with url: /api/health (Caused by ReadTimeoutError("HTTPSConnectionPool(host='japap-refactor.preview.emergentagent.com', port=443): Read timed out. (read timeout=30)"))

During handling of the above exception, another exception occurred:
tests/test_iter240f_boost_lifecycle.py:69: in bob_s
    return _login(BOB)
           ^^^^^^^^^^^
tests/test_iter240f_boost_lifecycle.py:56: in _login
    s.get(f"{BASE}/api/health", timeout=30)
/root/.venv/lib/python3.11/site-packages/requests/sessions.py:605: in get
    return self.request("GET", url, **kwargs)
           ^^^^^^^^^^^^^^^^^^^^^^^^^^^^^^^^^^
/root/.venv/lib/python3.11/site-packages/requests/sessions.py:592: in request
    resp = self.send(prep, **send_kwargs)
           ^^^^^^^^^^^^^^^^^^^^^^^^^^^^^^
/root/.venv/lib/python3.11/site-packages/requests/sessions.py:706: in send
    r = adapter.send(request, **kwargs)
        ^^^^^^^^^^^^^^^^^^^^^^^^^^^^^^^
/root/.venv/lib/python3.11/site-packages/requests/adapters.py:678: in send
    raise ConnectionError(e, request=request)
E   requests.exceptions.ConnectionError: HTTPSConnectionPool(host='japap-refactor.preview.emergentagent.com', port=443): Max retries exceeded with url: /api/health (Caused by ReadTimeoutError("HTTPSConnectionPool(host='japap-refactor.preview.emergentagent.com', port=443): Read timed out. (read timeout=30)"))</error></testcase><testcase classname="tests.test_iter240f_boost_lifecycle" name="test_B_boost_blocked_when_votes_open" time="0.000"><error message="failed on setup with &quot;requests.exceptions.ConnectionError: HTTPSConnectionPool(host='japap-refactor.preview.emergentagent.com', port=443): Max retries exceeded with url: /api/health (Caused by ReadTimeoutError(&quot;HTTPSConnectionPool(host='japap-refactor.preview.emergentagent.com', port=443): Read timed out. (read timeout=30)&quot;))&quot;">/root/.venv/lib/python3.11/site-packages/urllib3/connectionpool.py:534: in _make_request
    response = conn.getresponse()
               ^^^^^^^^^^^^^^^^^^
/root/.venv/lib/python3.11/site-packages/urllib3/connection.py:571: in getresponse
    httplib_response = super().getresponse()
                       ^^^^^^^^^^^^^^^^^^^^^
/usr/local/lib/python3.11/http/client.py:1415: in getresponse
    response.begin()
/usr/local/lib/python3.11/http/client.py:330: in begin
    version, status, reason = self._read_status()
                              ^^^^^^^^^^^^^^^^^^^
/usr/local/lib/python3.11/http/client.py:291: in _read_status
    line = str(self.fp.readline(_MAXLINE + 1), "iso-8859-1")
               ^^^^^^^^^^^^^^^^^^^^^^^^^^^^^^
/usr/local/lib/python3.11/socket.py:718: in readinto
    return self._sock.recv_into(b)
           ^^^^^^^^^^^^^^^^^^^^^^^
/usr/local/lib/python3.11/ssl.py:1314: in recv_into
    return self.read(nbytes, buffer)
           ^^^^^^^^^^^^^^^^^^^^^^^^^
/usr/local/lib/python3.11/ssl.py:1166: in read
    return self._sslobj.read(len, buffer)
           ^^^^^^^^^^^^^^^^^^^^^^^^^^^^^^
E   TimeoutError: The read operation timed out

The above exception was the direct cause of the following exception:
/root/.venv/lib/python3.11/site-packages/urllib3/connectionpool.py:787: in urlopen
    response = self._make_request(
/root/.venv/lib/python3.11/site-packages/urllib3/connectionpool.py:536: in _make_request
    self._raise_timeout(err=e, url=url, timeout_value=read_timeout)
/root/.venv/lib/python3.11/site-packages/urllib3/connectionpool.py:367: in _raise_timeout
    raise ReadTimeoutError(
E   urllib3.exceptions.ReadTimeoutError: HTTPSConnectionPool(host='japap-refactor.preview.emergentagent.com', port=443): Read timed out. (read timeout=30)

The above exception was the direct cause of the following exception:
/root/.venv/lib/python3.11/site-packages/requests/adapters.py:645: in send
    resp = conn.urlopen(
/root/.venv/lib/python3.11/site-packages/urllib3/connectionpool.py:871: in urlopen
    return self.urlopen(
/root/.venv/lib/python3.11/site-packages/urllib3/connectionpool.py:871: in urlopen
    return self.urlopen(
/root/.venv/lib/python3.11/site-packages/urllib3/connectionpool.py:871: in urlopen
    return self.urlopen(
/root/.venv/lib/python3.11/site-packages/urllib3/connectionpool.py:841: in urlopen
    retries = retries.increment(
/root/.venv/lib/python3.11/site-packages/urllib3/util/retry.py:535: in increment
    raise MaxRetryError(_pool, url, reason) from reason  # type: ignore[arg-type]
    ^^^^^^^^^^^^^^^^^^^^^^^^^^^^^^^^^^^^^^^^^^^^^^^^^^^
E   urllib3.exceptions.MaxRetryError: HTTPSConnectionPool(host='japap-refactor.preview.emergentagent.com', port=443): Max retries exceeded with url: /api/health (Caused by ReadTimeoutError("HTTPSConnectionPool(host='japap-refactor.preview.emergentagent.com', port=443): Read timed out. (read timeout=30)"))

During handling of the above exception, another exception occurred:
tests/test_iter240f_boost_lifecycle.py:69: in bob_s
    return _login(BOB)
           ^^^^^^^^^^^
tests/test_iter240f_boost_lifecycle.py:56: in _login
    s.get(f"{BASE}/api/health", timeout=30)
/root/.venv/lib/python3.11/site-packages/requests/sessions.py:605: in get
    return self.request("GET", url, **kwargs)
           ^^^^^^^^^^^^^^^^^^^^^^^^^^^^^^^^^^
/root/.venv/lib/python3.11/site-packages/requests/sessions.py:592: in request
    resp = self.send(prep, **send_kwargs)
           ^^^^^^^^^^^^^^^^^^^^^^^^^^^^^^
/root/.venv/lib/python3.11/site-packages/requests/sessions.py:706: in send
    r = adapter.send(request, **kwargs)
        ^^^^^^^^^^^^^^^^^^^^^^^^^^^^^^^
/root/.venv/lib/python3.11/site-packages/requests/adapters.py:678: in send
    raise ConnectionError(e, request=request)
E   requests.exceptions.ConnectionError: HTTPSConnectionPool(host='japap-refactor.preview.emergentagent.com', port=443): Max retries exceeded with url: /api/health (Caused by ReadTimeoutError("HTTPSConnectionPool(host='japap-refactor.preview.emergentagent.com', port=443): Read timed out. (read timeout=30)"))</error></testcase><testcase classname="tests.test_iter240f_boost_lifecycle" name="test_C2_edit_blocked_when_votes_open" time="0.000"><error message="failed on setup with &quot;requests.exceptions.ConnectionError: HTTPSConnectionPool(host='japap-refactor.preview.emergentagent.com', port=443): Max retries exceeded with url: /api/health (Caused by ReadTimeoutError(&quot;HTTPSConnectionPool(host='japap-refactor.preview.emergentagent.com', port=443): Read timed out. (read timeout=30)&quot;))&quot;">/root/.venv/lib/python3.11/site-packages/urllib3/connectionpool.py:534: in _make_request
    response = conn.getresponse()
               ^^^^^^^^^^^^^^^^^^
/root/.venv/lib/python3.11/site-packages/urllib3/connection.py:571: in getresponse
    httplib_response = super().getresponse()
                       ^^^^^^^^^^^^^^^^^^^^^
/usr/local/lib/python3.11/http/client.py:1415: in getresponse
    response.begin()
/usr/local/lib/python3.11/http/client.py:330: in begin
    version, status, reason = self._read_status()
                              ^^^^^^^^^^^^^^^^^^^
/usr/local/lib/python3.11/http/client.py:291: in _read_status
    line = str(self.fp.readline(_MAXLINE + 1), "iso-8859-1")
               ^^^^^^^^^^^^^^^^^^^^^^^^^^^^^^
/usr/local/lib/python3.11/socket.py:718: in readinto
    return self._sock.recv_into(b)
           ^^^^^^^^^^^^^^^^^^^^^^^
/usr/local/lib/python3.11/ssl.py:1314: in recv_into
    return self.read(nbytes, buffer)
           ^^^^^^^^^^^^^^^^^^^^^^^^^
/usr/local/lib/python3.11/ssl.py:1166: in read
    return self._sslobj.read(len, buffer)
           ^^^^^^^^^^^^^^^^^^^^^^^^^^^^^^
E   TimeoutError: The read operation timed out

The above exception was the direct cause of the following exception:
/root/.venv/lib/python3.11/site-packages/urllib3/connectionpool.py:787: in urlopen
    response = self._make_request(
/root/.venv/lib/python3.11/site-packages/urllib3/connectionpool.py:536: in _make_request
    self._raise_timeout(err=e, url=url, timeout_value=read_timeout)
/root/.venv/lib/python3.11/site-packages/urllib3/connectionpool.py:367: in _raise_timeout
    raise ReadTimeoutError(
E   urllib3.exceptions.ReadTimeoutError: HTTPSConnectionPool(host='japap-refactor.preview.emergentagent.com', port=443): Read timed out. (read timeout=30)

The above exception was the direct cause of the following exception:
/root/.venv/lib/python3.11/site-packages/requests/adapters.py:645: in send
    resp = conn.urlopen(
/root/.venv/lib/python3.11/site-packages/urllib3/connectionpool.py:871: in urlopen
    return self.urlopen(
/root/.venv/lib/python3.11/site-packages/urllib3/connectionpool.py:871: in urlopen
    return self.urlopen(
/root/.venv/lib/python3.11/site-packages/urllib3/connectionpool.py:871: in urlopen
    return self.urlopen(
/root/.venv/lib/python3.11/site-packages/urllib3/connectionpool.py:841: in urlopen
    retries = retries.increment(
/root/.venv/lib/python3.11/site-packages/urllib3/util/retry.py:535: in increment
    raise MaxRetryError(_pool, url, reason) from reason  # type: ignore[arg-type]
    ^^^^^^^^^^^^^^^^^^^^^^^^^^^^^^^^^^^^^^^^^^^^^^^^^^^
E   urllib3.exceptions.MaxRetryError: HTTPSConnectionPool(host='japap-refactor.preview.emergentagent.com', port=443): Max retries exceeded with url: /api/health (Caused by ReadTimeoutError("HTTPSConnectionPool(host='japap-refactor.preview.emergentagent.com', port=443): Read timed out. (read timeout=30)"))

During handling of the above exception, another exception occurred:
tests/test_iter240f_boost_lifecycle.py:69: in bob_s
    return _login(BOB)
           ^^^^^^^^^^^
tests/test_iter240f_boost_lifecycle.py:56: in _login
    s.get(f"{BASE}/api/health", timeout=30)
/root/.venv/lib/python3.11/site-packages/requests/sessions.py:605: in get
    return self.request("GET", url, **kwargs)
           ^^^^^^^^^^^^^^^^^^^^^^^^^^^^^^^^^^
/root/.venv/lib/python3.11/site-packages/requests/sessions.py:592: in request
    resp = self.send(prep, **send_kwargs)
           ^^^^^^^^^^^^^^^^^^^^^^^^^^^^^^
/root/.venv/lib/python3.11/site-packages/requests/sessions.py:706: in send
    r = adapter.send(request, **kwargs)
        ^^^^^^^^^^^^^^^^^^^^^^^^^^^^^^^
/root/.venv/lib/python3.11/site-packages/requests/adapters.py:678: in send
    raise ConnectionError(e, request=request)
E   requests.exceptions.ConnectionError: HTTPSConnectionPool(host='japap-refactor.preview.emergentagent.com', port=443): Max retries exceeded with url: /api/health (Caused by ReadTimeoutError("HTTPSConnectionPool(host='japap-refactor.preview.emergentagent.com', port=443): Read timed out. (read timeout=30)"))</error></testcase><testcase classname="tests.test_iter240f_boost_lifecycle" name="test_C3_delete_blocked_when_votes_open" time="0.000"><error message="failed on setup with &quot;requests.exceptions.ConnectionError: HTTPSConnectionPool(host='japap-refactor.preview.emergentagent.com', port=443): Max retries exceeded with url: /api/health (Caused by ReadTimeoutError(&quot;HTTPSConnectionPool(host='japap-refactor.preview.emergentagent.com', port=443): Read timed out. (read timeout=30)&quot;))&quot;">/root/.venv/lib/python3.11/site-packages/urllib3/connectionpool.py:534: in _make_request
    response = conn.getresponse()
               ^^^^^^^^^^^^^^^^^^
/root/.venv/lib/python3.11/site-packages/urllib3/connection.py:571: in getresponse
    httplib_response = super().getresponse()
                       ^^^^^^^^^^^^^^^^^^^^^
/usr/local/lib/python3.11/http/client.py:1415: in getresponse
    response.begin()
/usr/local/lib/python3.11/http/client.py:330: in begin
    version, status, reason = self._read_status()
                              ^^^^^^^^^^^^^^^^^^^
/usr/local/lib/python3.11/http/client.py:291: in _read_status
    line = str(self.fp.readline(_MAXLINE + 1), "iso-8859-1")
               ^^^^^^^^^^^^^^^^^^^^^^^^^^^^^^
/usr/local/lib/python3.11/socket.py:718: in readinto
    return self._sock.recv_into(b)
           ^^^^^^^^^^^^^^^^^^^^^^^
/usr/local/lib/python3.11/ssl.py:1314: in recv_into
    return self.read(nbytes, buffer)
           ^^^^^^^^^^^^^^^^^^^^^^^^^
/usr/local/lib/python3.11/ssl.py:1166: in read
    return self._sslobj.read(len, buffer)
           ^^^^^^^^^^^^^^^^^^^^^^^^^^^^^^
E   TimeoutError: The read operation timed out

The above exception was the direct cause of the following exception:
/root/.venv/lib/python3.11/site-packages/urllib3/connectionpool.py:787: in urlopen
    response = self._make_request(
/root/.venv/lib/python3.11/site-packages/urllib3/connectionpool.py:536: in _make_request
    self._raise_timeout(err=e, url=url, timeout_value=read_timeout)
/root/.venv/lib/python3.11/site-packages/urllib3/connectionpool.py:367: in _raise_timeout
    raise ReadTimeoutError(
E   urllib3.exceptions.ReadTimeoutError: HTTPSConnectionPool(host='japap-refactor.preview.emergentagent.com', port=443): Read timed out. (read timeout=30)

The above exception was the direct cause of the following exception:
/root/.venv/lib/python3.11/site-packages/requests/adapters.py:645: in send
    resp = conn.urlopen(
/root/.venv/lib/python3.11/site-packages/urllib3/connectionpool.py:871: in urlopen
    return self.urlopen(
/root/.venv/lib/python3.11/site-packages/urllib3/connectionpool.py:871: in urlopen
    return self.urlopen(
/root/.venv/lib/python3.11/site-packages/urllib3/connectionpool.py:871: in urlopen
    return self.urlopen(
/root/.venv/lib/python3.11/site-packages/urllib3/connectionpool.py:841: in urlopen
    retries = retries.increment(
/root/.venv/lib/python3.11/site-packages/urllib3/util/retry.py:535: in increment
    raise MaxRetryError(_pool, url, reason) from reason  # type: ignore[arg-type]
    ^^^^^^^^^^^^^^^^^^^^^^^^^^^^^^^^^^^^^^^^^^^^^^^^^^^
E   urllib3.exceptions.MaxRetryError: HTTPSConnectionPool(host='japap-refactor.preview.emergentagent.com', port=443): Max retries exceeded with url: /api/health (Caused by ReadTimeoutError("HTTPSConnectionPool(host='japap-refactor.preview.emergentagent.com', port=443): Read timed out. (read timeout=30)"))

During handling of the above exception, another exception occurred:
tests/test_iter240f_boost_lifecycle.py:69: in bob_s
    return _login(BOB)
           ^^^^^^^^^^^
tests/test_iter240f_boost_lifecycle.py:56: in _login
    s.get(f"{BASE}/api/health", timeout=30)
/root/.venv/lib/python3.11/site-packages/requests/sessions.py:605: in get
    return self.request("GET", url, **kwargs)
           ^^^^^^^^^^^^^^^^^^^^^^^^^^^^^^^^^^
/root/.venv/lib/python3.11/site-packages/requests/sessions.py:592: in request
    resp = self.send(prep, **send_kwargs)
           ^^^^^^^^^^^^^^^^^^^^^^^^^^^^^^
/root/.venv/lib/python3.11/site-packages/requests/sessions.py:706: in send
    r = adapter.send(request, **kwargs)
        ^^^^^^^^^^^^^^^^^^^^^^^^^^^^^^^
/root/.venv/lib/python3.11/site-packages/requests/adapters.py:678: in send
    raise ConnectionError(e, request=request)
E   requests.exceptions.ConnectionError: HTTPSConnectionPool(host='japap-refactor.preview.emergentagent.com', port=443): Max retries exceeded with url: /api/health (Caused by ReadTimeoutError("HTTPSConnectionPool(host='japap-refactor.preview.emergentagent.com', port=443): Read timed out. (read timeout=30)"))</error></testcase></testsuite></testsuites>