<?xml version="1.0" encoding="utf-8"?><testsuites name="pytest tests"><testsuite name="pytest" errors="0" failures="1" skipped="0" tests="11" time="79.439" timestamp="2026-04-26T13:02:23.524162+00:00" hostname="agent-env-8b343572-668a-4145-bfbd-eff93a871360"><testcase classname="backend.tests.test_iter141_multi_challenger.TestLeaderboard" name="test_leaderboard_public_no_auth" time="60.120"><failure message="AssertionError: The preview environment is not responding. It may be starting up.&#10;  &#10;assert 502 == 200&#10; +  where 502 = &lt;Response [502]&gt;.status_code">E   AssertionError: The preview environment is not responding. It may be starting up.
      
    assert 502 == 200
     +  where 502 = &lt;Response [502]&gt;.status_code</failure></testcase><testcase classname="backend.tests.test_iter141_multi_challenger.TestLeaderboard" name="test_leaderboard_as_initiator_sets_flag" time="5.435" /><testcase classname="backend.tests.test_iter141_multi_challenger.TestLeaderboard" name="test_leaderboard_as_challenger_has_your_attempt" time="3.808" /><testcase classname="backend.tests.test_iter141_multi_challenger.TestLeaderboard" name="test_leaderboard_unknown_token_404" time="0.548" /><testcase classname="backend.tests.test_iter141_multi_challenger.TestMeSent" name="test_me_sent_requires_auth" time="0.111" /><testcase classname="backend.tests.test_iter141_multi_challenger.TestMeSent" name="test_me_sent_alice_returns_seed_duel" time="0.807" /><testcase classname="backend.tests.test_iter141_multi_challenger.TestMultiGuards" name="test_bob_cannot_restart_after_play" time="1.569" /><testcase classname="backend.tests.test_iter141_multi_challenger.TestMultiGuards" name="test_initiator_cannot_start_own_multi_challenge" time="1.027" /><testcase classname="backend.tests.test_iter141_multi_challenger.TestMultiGuards" name="test_bob_cannot_submit_again" time="1.150" /><testcase classname="backend.tests.test_iter141_multi_challenger.TestDuelKind" name="test_get_duel_returns_multi_kind" time="0.993" /><testcase classname="backend.tests.test_iter141_multi_challenger.TestDuelKind" name="test_classic_duels_still_work_in_my_list" time="3.784" /></testsuite></testsuites>