<?xml version="1.0" encoding="utf-8"?><testsuites name="pytest tests"><testsuite name="pytest" errors="0" failures="1" skipped="0" tests="12" time="141.797" timestamp="2026-04-27T18:53:56.532746+00:00" hostname="agent-env-8b343572-668a-4145-bfbd-eff93a871360"><testcase classname="tests.test_iter150_gallery_aifilter_fraud.TestPhotoGallery" name="test_self_gallery_empty_or_items" time="112.225" /><testcase classname="tests.test_iter150_gallery_aifilter_fraud.TestPhotoGallery" name="test_story_with_filter_preset_appears" time="1.767" /><testcase classname="tests.test_iter150_gallery_aifilter_fraud.TestPhotoGallery" name="test_story_filter_preset_invalid_chars_rejected" time="2.412" /><testcase classname="tests.test_iter150_gallery_aifilter_fraud.TestAiFilter" name="test_quota_bob_pro" time="0.765" /><testcase classname="tests.test_iter150_gallery_aifilter_fraud.TestAiFilter" name="test_invalid_style" time="0.605" /><testcase classname="tests.test_iter150_gallery_aifilter_fraud.TestAiFilter" name="test_unsupported_mime" time="0.502" /><testcase classname="tests.test_iter150_gallery_aifilter_fraud.TestAiFilter" name="test_empty_file" time="0.446" /><testcase classname="tests.test_iter150_gallery_aifilter_fraud.TestAiFilter" name="test_file_too_large" time="0.810" /><testcase classname="tests.test_iter150_gallery_aifilter_fraud.TestAiFilter" name="test_valid_cartoon_wiring" time="17.647" /><testcase classname="tests.test_iter150_gallery_aifilter_fraud.TestFraudReport" name="test_non_admin_forbidden" time="0.484" /><testcase classname="tests.test_iter150_gallery_aifilter_fraud.TestFraudReport" name="test_admin_ok" time="4.023" /><testcase classname="tests.test_iter150_gallery_aifilter_fraud.TestFraudScoring" name="test_scoring_signals" time="0.000"><failure message="Failed: async def functions are not natively supported.&#10;You need to install a suitable plugin for your async framework, for example:&#10;  - anyio&#10;  - pytest-asyncio&#10;  - pytest-tornasync&#10;  - pytest-trio&#10;  - pytest-twisted">async def functions are not natively supported.
You need to install a suitable plugin for your async framework, for example:
  - anyio
  - pytest-asyncio
  - pytest-tornasync
  - pytest-trio
  - pytest-twisted</failure></testcase></testsuite></testsuites>