<?xml version="1.0" encoding="utf-8"?><testsuites name="pytest tests"><testsuite name="pytest" errors="0" failures="0" skipped="1" tests="18" time="35.869" timestamp="2026-05-09T13:52:05.560380+00:00" hostname="agent-env-8b343572-668a-4145-bfbd-eff93a871360"><testcase classname="tests.test_iter237ac_onchain_verify.TestDetectNetwork" name="test_trc20_detected" time="0.000" /><testcase classname="tests.test_iter237ac_onchain_verify.TestDetectNetwork" name="test_bep20_detected" time="0.000" /><testcase classname="tests.test_iter237ac_onchain_verify.TestDetectNetwork" name="test_bsc_keyword_maps_to_bep20" time="0.000" /><testcase classname="tests.test_iter237ac_onchain_verify.TestDetectNetwork" name="test_non_usdt_returns_none" time="0.000" /><testcase classname="tests.test_iter237ac_onchain_verify.TestVerifyUsdtDeposit" name="test_trc20_fake_hash_not_found" time="0.164" /><testcase classname="tests.test_iter237ac_onchain_verify.TestVerifyUsdtDeposit" name="test_bep20_fake_hash_not_found" time="0.236" /><testcase classname="tests.test_iter237ac_onchain_verify.TestVerifyUsdtDeposit" name="test_ethereum_unsupported" time="0.000" /><testcase classname="tests.test_iter237ac_onchain_verify.TestVerifyUsdtDeposit" name="test_unknown_network" time="0.000" /><testcase classname="tests.test_iter237ac_onchain_verify.TestVerifyUsdtDeposit" name="test_verified_field_always_present" time="0.258" /><testcase classname="tests.test_iter237ac_onchain_verify.TestPatchHashTrc20FakeHash" name="test_response_shape" time="7.246" /><testcase classname="tests.test_iter237ac_onchain_verify.TestPatchHashTrc20FakeHash" name="test_balance_unchanged" time="5.283" /><testcase classname="tests.test_iter237ac_onchain_verify.TestPatchHashTrc20FakeHash" name="test_db_status_remains_pending" time="4.703" /><testcase classname="tests.test_iter237ac_onchain_verify.TestPatchHashBep20FakeHash" name="test_response_shape" time="3.561" /><testcase classname="tests.test_iter237ac_onchain_verify.TestPatchHashIdempotent" name="test_two_calls_same_hash" time="4.312" /><testcase classname="tests.test_iter237ac_onchain_verify.TestRegressionPatchHash" name="test_short_hash_400" time="1.956" /><testcase classname="tests.test_iter237ac_onchain_verify.TestRegressionPatchHash" name="test_non_owner_404" time="5.313" /><testcase classname="tests.test_iter237ac_onchain_verify.TestRegressionPatchHash" name="test_unknown_tx_404" time="0.782" /><testcase classname="tests.test_iter237ac_onchain_verify.TestRegressionPatchHash" name="test_non_usdt_method_400" time="1.921"><skipped type="pytest.skip" message="No non-USDT pending deposit available">/app/backend/tests/test_iter237ac_onchain_verify.py:334: No non-USDT pending deposit available</skipped></testcase></testsuite></testsuites>