<?xml version="1.0" encoding="utf-8"?><testsuites name="pytest tests"><testsuite name="pytest" errors="0" failures="0" skipped="0" tests="15" time="6.596" timestamp="2026-04-20T21:23:58.858092+00:00" hostname="agent-env-8b343572-668a-4145-bfbd-eff93a871360"><testcase classname="backend.tests.test_iteration18_voice_smartfeed.TestVoiceMessages" name="test_voice_send_to_user_id_returns_payload" time="3.165" /><testcase classname="backend.tests.test_iteration18_voice_smartfeed.TestVoiceMessages" name="test_voice_file_accessible" time="0.151" /><testcase classname="backend.tests.test_iteration18_voice_smartfeed.TestVoiceMessages" name="test_voice_persisted_in_conversation" time="0.149" /><testcase classname="backend.tests.test_iteration18_voice_smartfeed.TestVoiceMessages" name="test_voice_missing_conv_and_to_user" time="0.138" /><testcase classname="backend.tests.test_iteration18_voice_smartfeed.TestVoiceMessages" name="test_voice_bad_extension" time="0.107" /><testcase classname="backend.tests.test_iteration18_voice_smartfeed.TestVoiceMessages" name="test_voice_too_large" time="0.582" /><testcase classname="backend.tests.test_iteration18_voice_smartfeed.TestVoiceMessages" name="test_whisper_transcription_is_string" time="0.001" /><testcase classname="backend.tests.test_iteration18_voice_smartfeed.TestSmartFeed" name="test_default_sort_is_smart" time="0.140" /><testcase classname="backend.tests.test_iteration18_voice_smartfeed.TestSmartFeed" name="test_sort_recent_score_null" time="0.139" /><testcase classname="backend.tests.test_iteration18_voice_smartfeed.TestSmartFeed" name="test_sort_smart_ordered_by_score" time="0.125" /><testcase classname="backend.tests.test_iteration18_voice_smartfeed.TestSmartFeed" name="test_invalid_sort_value_422" time="0.181" /><testcase classname="backend.tests.test_iteration18_voice_smartfeed.TestSmartFeed" name="test_engagement_boost" time="1.127" /><testcase classname="backend.tests.test_iteration18_voice_smartfeed.TestRegression" name="test_text_message_still_works" time="0.116" /><testcase classname="backend.tests.test_iteration18_voice_smartfeed.TestRegression" name="test_chat_money_still_works" time="0.155" /><testcase classname="backend.tests.test_iteration18_voice_smartfeed.TestRegression" name="test_emoji_reaction_still_works" time="0.224" /></testsuite></testsuites>