<?xml version="1.0" encoding="utf-8"?><testsuites name="pytest tests"><testsuite name="pytest" errors="0" failures="0" skipped="0" tests="12" time="52.662" timestamp="2026-04-25T00:18:45.498802+00:00" hostname="agent-env-8b343572-668a-4145-bfbd-eff93a871360"><testcase classname="backend.tests.test_iteration103_pricing_weekly_cron.TestAuth" name="test_01_non_admin_run_batch_403" time="5.685" /><testcase classname="backend.tests.test_iteration103_pricing_weekly_cron.TestAuth" name="test_02_unauth_run_batch_401_or_403" time="0.131" /><testcase classname="backend.tests.test_iteration103_pricing_weekly_cron.TestNoActiveGrid" name="test_03_force_run_with_no_active_grid_returns_skipped" time="2.136" /><testcase classname="backend.tests.test_iteration103_pricing_weekly_cron.TestForceRun" name="test_04_force_run_creates_proposal" time="14.720" /><testcase classname="backend.tests.test_iteration103_pricing_weekly_cron.TestForceRun" name="test_05_ai_rationale_populated_on_proposed_row" time="1.000" /><testcase classname="backend.tests.test_iteration103_pricing_weekly_cron.TestNonForcedDedup" name="test_06_disabled_setting_returns_skipped" time="2.132" /><testcase classname="backend.tests.test_iteration103_pricing_weekly_cron.TestNonForcedDedup" name="test_07_first_unforced_run_executes_and_persists_iso_week" time="10.758" /><testcase classname="backend.tests.test_iteration103_pricing_weekly_cron.TestNonForcedDedup" name="test_08_second_unforced_call_is_skipped_already_ran" time="0.739" /><testcase classname="backend.tests.test_iteration103_pricing_weekly_cron.TestNonForcedDedup" name="test_09_force_true_still_runs_after_dedup_set" time="7.315" /><testcase classname="backend.tests.test_iteration103_pricing_weekly_cron.TestPhaseBRegression" name="test_10_admin_pricing_list_returns_ok" time="1.247" /><testcase classname="backend.tests.test_iteration103_pricing_weekly_cron.TestPhaseBRegression" name="test_11_admin_pricing_filter_by_status" time="1.242" /><testcase classname="backend.tests.test_iteration103_pricing_weekly_cron.TestPhaseBRegression" name="test_12_estimate_still_returns_currency_and_pricing_source" time="5.456" /></testsuite></testsuites>