<?xml version="1.0" encoding="utf-8"?><testsuites name="pytest tests"><testsuite name="pytest" errors="0" failures="0" skipped="0" tests="8" time="235.354" timestamp="2026-05-14T11:21:31.935207+00:00" hostname="agent-env-8b343572-668a-4145-bfbd-eff93a871360"><testcase classname="backend.tests.test_admin_send_notif_iter240l_msgfix" name="test_send_notification_unauth" time="216.117" /><testcase classname="backend.tests.test_admin_send_notif_iter240l_msgfix" name="test_send_notification_ok_creates_row_and_audit" time="8.663" /><testcase classname="backend.tests.test_admin_send_notif_iter240l_msgfix" name="test_send_notification_empty_message_422" time="0.495" /><testcase classname="backend.tests.test_admin_send_notif_iter240l_msgfix" name="test_send_notification_user_not_found_404" time="0.771" /><testcase classname="backend.tests.test_admin_send_notif_iter240l_msgfix" name="test_regression_add_and_list_notes" time="1.648" /><testcase classname="backend.tests.test_admin_send_notif_iter240l_msgfix" name="test_regression_restrict_then_unrestrict" time="1.526" /><testcase classname="backend.tests.test_admin_send_notif_iter240l_msgfix" name="test_regression_reset_game_limits" time="1.414" /><testcase classname="backend.tests.test_admin_send_notif_iter240l_msgfix" name="test_regression_detail_game_activity_still_works" time="4.637" /></testsuite></testsuites>