<?xml version="1.0" encoding="utf-8"?><testsuites name="pytest tests"><testsuite name="pytest" errors="0" failures="0" skipped="0" tests="9" time="68.250" timestamp="2026-04-27T17:47:54.340992+00:00" hostname="agent-env-8b343572-668a-4145-bfbd-eff93a871360"><testcase classname="tests.test_iter146_auth_trusted.TestMigrationResetGuard" name="test_alice_normal_login_200" time="3.005" /><testcase classname="tests.test_iter146_auth_trusted.TestMigrationResetGuard" name="test_pathological_flags_does_not_trigger_migration" time="5.338" /><testcase classname="tests.test_iter146_auth_trusted.TestMigrationResetGuard" name="test_legacy_user_returns_403_migration" time="1.000" /><testcase classname="tests.test_iter146_auth_trusted.TestTrustedDevice" name="test_trusted_progression" time="14.024" /><testcase classname="tests.test_iter146_auth_trusted.TestDevicesEndpoints" name="test_list_unauth_401" time="2.133" /><testcase classname="tests.test_iter146_auth_trusted.TestDevicesEndpoints" name="test_list_with_session_and_untrust" time="10.244" /><testcase classname="tests.test_iter146_auth_trusted.TestResetPasswordUntrust" name="test_reset_calls_untrust_all" time="16.375" /><testcase classname="tests.test_iter146_auth_trusted.TestRefreshTTL" name="test_untrusted_refresh_ttl_7d" time="6.578" /><testcase classname="tests.test_iter146_auth_trusted.TestRefreshTTL" name="test_trusted_refresh_ttl_90d" time="9.329" /></testsuite></testsuites>