<?xml version="1.0" encoding="utf-8"?><testsuites name="pytest tests"><testsuite name="pytest" errors="0" failures="1" skipped="1" tests="9" time="83.149" timestamp="2026-04-25T11:35:05.383059+00:00" hostname="agent-env-8b343572-668a-4145-bfbd-eff93a871360"><testcase classname="tests.test_iter114_wheel_boost" name="test_admin_get_boost_initial" time="12.161" /><testcase classname="tests.test_iter114_wheel_boost" name="test_admin_put_boost_invalid_iso" time="0.424" /><testcase classname="tests.test_iter114_wheel_boost" name="test_admin_put_boost_validation_bounds" time="0.094" /><testcase classname="tests.test_iter114_wheel_boost" name="test_admin_put_boost_activate_generates_id" time="6.537" /><testcase classname="tests.test_iter114_wheel_boost" name="test_user_wheel_status_exposes_boost" time="4.003" /><testcase classname="tests.test_iter114_wheel_boost" name="test_spin_during_boost_persists_boost_id_and_active" time="3.307"><skipped type="pytest.skip" message="spin not allowed (cycle gating): 429 {&quot;detail&quot;:&quot;Limite quotidienne atteinte (20/jour).&quot;}">/app/backend/tests/test_iter114_wheel_boost.py:230: spin not allowed (cycle gating): 429 {"detail":"Limite quotidienne atteinte (20/jour)."}</skipped></testcase><testcase classname="tests.test_iter114_wheel_boost" name="test_perdu_reduction_lowers_slot1_frequency" time="49.189"><failure message="AssertionError: too many Perdu under 95% reduction: 7/10&#10;assert 7 &lt;= 3&#10; +  where 3 = max(3, (10 // 3))">tests/test_iter114_wheel_boost.py:324: in test_perdu_reduction_lowers_slot1_frequency
    assert perdus &lt;= max(3, spins_done // 3), \
E   AssertionError: too many Perdu under 95% reduction: 7/10
E   assert 7 &lt;= 3
E    +  where 3 = max(3, (10 // 3))</failure></testcase><testcase classname="tests.test_iter114_wheel_boost" name="test_admin_boost_stats_reflects_spins" time="2.234" /><testcase classname="tests.test_iter114_wheel_boost" name="test_admin_disable_boost_clears_live" time="5.087" /></testsuite></testsuites>