<?xml version="1.0" encoding="utf-8"?><testsuites name="pytest tests"><testsuite name="pytest" errors="0" failures="0" skipped="0" tests="11" time="16.161" timestamp="2026-05-21T12:40:53.215152+00:00" hostname="agent-env-8b343572-668a-4145-bfbd-eff93a871360"><testcase classname="tests.test_iter241a_share_tiers_api" name="test_forecast_public_settings_exposes_power_sharer_fields" time="0.331" /><testcase classname="tests.test_iter241a_share_tiers_api" name="test_my_tier_shape_standard_default" time="3.635" /><testcase classname="tests.test_iter241a_share_tiers_api" name="test_my_referrals_includes_tier_fields" time="1.309" /><testcase classname="tests.test_iter241a_share_tiers_api" name="test_public_profile_has_is_forecast_influencer" time="2.588" /><testcase classname="tests.test_iter241a_share_tiers_api" name="test_admin_threshold_flip_to_power_sharer" time="6.515" /><testcase classname="tests.test_iter241a_share_tiers_api" name="test_forecast_markets_list_still_works" time="0.874" /><testcase classname="tests.test_iter241a_share_tiers_api" name="test_forecast_my_bets_still_works" time="0.657" /><testcase classname="tests.test_iter241a_share_tiers" name="test_tier_for_standard_below_threshold" time="0.000" /><testcase classname="tests.test_iter241a_share_tiers" name="test_tier_for_standard_at_threshold" time="0.000" /><testcase classname="tests.test_iter241a_share_tiers" name="test_tier_for_power_sharer_above_threshold" time="0.000" /><testcase classname="tests.test_iter241a_share_tiers" name="test_tier_for_custom_thresholds" time="0.000" /></testsuite></testsuites>