<?xml version="1.0" encoding="utf-8"?><testsuites name="pytest tests"><testsuite name="pytest" errors="0" failures="0" skipped="0" tests="6" time="203.240" timestamp="2026-05-14T09:35:29.860581+00:00" hostname="agent-env-8b343572-668a-4145-bfbd-eff93a871360"><testcase classname="backend.tests.test_admin_user_detail_iter240l" name="test_detail_requires_auth" time="177.362" /><testcase classname="backend.tests.test_admin_user_detail_iter240l" name="test_detail_admin_ok" time="7.407" /><testcase classname="backend.tests.test_admin_user_detail_iter240l" name="test_game_activity_schema" time="4.671" /><testcase classname="backend.tests.test_admin_user_detail_iter240l" name="test_jmghomsi_quiz_thresholds" time="4.556" /><testcase classname="backend.tests.test_admin_user_detail_iter240l" name="test_balebasimb_quiz_thresholds" time="4.559" /><testcase classname="backend.tests.test_admin_user_detail_iter240l" name="test_no_regression_dossier_sections" time="4.603" /></testsuite></testsuites>