<?xml version="1.0" encoding="utf-8"?><testsuites name="pytest tests"><testsuite name="pytest" errors="0" failures="0" skipped="1" tests="7" time="201.336" timestamp="2026-05-09T12:44:50.124848+00:00" hostname="agent-env-8b343572-668a-4145-bfbd-eff93a871360"><testcase classname="backend.tests.test_iter248_deposit_hash" name="test_submit_hash_happy_path" time="184.795" /><testcase classname="backend.tests.test_iter248_deposit_hash" name="test_submit_hash_idempotent" time="4.047" /><testcase classname="backend.tests.test_iter248_deposit_hash" name="test_submit_hash_too_short" time="1.931" /><testcase classname="backend.tests.test_iter248_deposit_hash" name="test_submit_hash_too_long" time="2.356" /><testcase classname="backend.tests.test_iter248_deposit_hash" name="test_submit_hash_unknown_tx" time="0.822" /><testcase classname="backend.tests.test_iter248_deposit_hash" name="test_submit_hash_not_owner" time="5.376" /><testcase classname="backend.tests.test_iter248_deposit_hash" name="test_submit_hash_non_usdt_method" time="1.927"><skipped type="pytest.skip" message="No non-USDT pending deposit available to test">/app/backend/tests/test_iter248_deposit_hash.py:213: No non-USDT pending deposit available to test</skipped></testcase></testsuite></testsuites>