<?xml version="1.0" encoding="utf-8"?><testsuites name="pytest tests"><testsuite name="pytest" errors="0" failures="1" skipped="0" tests="20" time="108.042" timestamp="2026-04-24T15:42:17.931799+00:00" hostname="agent-env-8b343572-668a-4145-bfbd-eff93a871360"><testcase classname="backend.tests.test_iter91_monetization.TestFeesPreview" name="test_preview_requires_auth" time="30.129"><failure message="requests.exceptions.ReadTimeout: HTTPSConnectionPool(host='japap-refactor.preview.emergentagent.com', port=443): Read timed out. (read timeout=30)">/root/.venv/lib/python3.11/site-packages/urllib3/connectionpool.py:534: in _make_request
    response = conn.getresponse()
               ^^^^^^^^^^^^^^^^^^
/root/.venv/lib/python3.11/site-packages/urllib3/connection.py:571: in getresponse
    httplib_response = super().getresponse()
                       ^^^^^^^^^^^^^^^^^^^^^
/usr/local/lib/python3.11/http/client.py:1415: in getresponse
    response.begin()
/usr/local/lib/python3.11/http/client.py:330: in begin
    version, status, reason = self._read_status()
                              ^^^^^^^^^^^^^^^^^^^
/usr/local/lib/python3.11/http/client.py:291: in _read_status
    line = str(self.fp.readline(_MAXLINE + 1), "iso-8859-1")
               ^^^^^^^^^^^^^^^^^^^^^^^^^^^^^^
/usr/local/lib/python3.11/socket.py:718: in readinto
    return self._sock.recv_into(b)
           ^^^^^^^^^^^^^^^^^^^^^^^
/usr/local/lib/python3.11/ssl.py:1314: in recv_into
    return self.read(nbytes, buffer)
           ^^^^^^^^^^^^^^^^^^^^^^^^^
/usr/local/lib/python3.11/ssl.py:1166: in read
    return self._sslobj.read(len, buffer)
           ^^^^^^^^^^^^^^^^^^^^^^^^^^^^^^
E   TimeoutError: The read operation timed out

The above exception was the direct cause of the following exception:
/root/.venv/lib/python3.11/site-packages/requests/adapters.py:645: in send
    resp = conn.urlopen(
/root/.venv/lib/python3.11/site-packages/urllib3/connectionpool.py:841: in urlopen
    retries = retries.increment(
/root/.venv/lib/python3.11/site-packages/urllib3/util/retry.py:490: in increment
    raise reraise(type(error), error, _stacktrace)
          ^^^^^^^^^^^^^^^^^^^^^^^^^^^^^^^^^^^^^^^^
/root/.venv/lib/python3.11/site-packages/urllib3/util/util.py:39: in reraise
    raise value
/root/.venv/lib/python3.11/site-packages/urllib3/connectionpool.py:787: in urlopen
    response = self._make_request(
/root/.venv/lib/python3.11/site-packages/urllib3/connectionpool.py:536: in _make_request
    self._raise_timeout(err=e, url=url, timeout_value=read_timeout)
/root/.venv/lib/python3.11/site-packages/urllib3/connectionpool.py:367: in _raise_timeout
    raise ReadTimeoutError(
E   urllib3.exceptions.ReadTimeoutError: HTTPSConnectionPool(host='japap-refactor.preview.emergentagent.com', port=443): Read timed out. (read timeout=30)

During handling of the above exception, another exception occurred:
backend/tests/test_iter91_monetization.py:79: in test_preview_requires_auth
    r = requests.get(f"{BASE_URL}/api/wallet/fees-preview", params={"amount": 100}, timeout=30)
        ^^^^^^^^^^^^^^^^^^^^^^^^^^^^^^^^^^^^^^^^^^^^^^^^^^^^^^^^^^^^^^^^^^^^^^^^^^^^^^^^^^^^^^^
/root/.venv/lib/python3.11/site-packages/requests/api.py:73: in get
    return request("get", url, params=params, **kwargs)
           ^^^^^^^^^^^^^^^^^^^^^^^^^^^^^^^^^^^^^^^^^^^^
/root/.venv/lib/python3.11/site-packages/requests/api.py:59: in request
    return session.request(method=method, url=url, **kwargs)
           ^^^^^^^^^^^^^^^^^^^^^^^^^^^^^^^^^^^^^^^^^^^^^^^^^
/root/.venv/lib/python3.11/site-packages/requests/sessions.py:592: in request
    resp = self.send(prep, **send_kwargs)
           ^^^^^^^^^^^^^^^^^^^^^^^^^^^^^^
/root/.venv/lib/python3.11/site-packages/requests/sessions.py:706: in send
    r = adapter.send(request, **kwargs)
        ^^^^^^^^^^^^^^^^^^^^^^^^^^^^^^^
/root/.venv/lib/python3.11/site-packages/requests/adapters.py:691: in send
    raise ReadTimeout(e, request=request)
E   requests.exceptions.ReadTimeout: HTTPSConnectionPool(host='japap-refactor.preview.emergentagent.com', port=443): Read timed out. (read timeout=30)</failure></testcase><testcase classname="backend.tests.test_iter91_monetization.TestFeesPreview" name="test_preview_alice_std" time="33.662" /><testcase classname="backend.tests.test_iter91_monetization.TestFeesPreview" name="test_preview_bob_pro" time="4.693" /><testcase classname="backend.tests.test_iter91_monetization.TestFeesPreview" name="test_preview_divergence_pro_vs_std" time="4.792" /><testcase classname="backend.tests.test_iter91_monetization.TestFeesPreview" name="test_preview_negative_amount" time="0.427" /><testcase classname="backend.tests.test_iter91_monetization.TestSendWithFees" name="test_send_insufficient_or_fee_gt_amount" time="4.203" /><testcase classname="backend.tests.test_iter91_monetization.TestQRCode" name="test_qr_payload_auth" time="0.767" /><testcase classname="backend.tests.test_iter91_monetization.TestQRCode" name="test_qr_payload_requires_auth" time="0.107" /><testcase classname="backend.tests.test_iter91_monetization.TestQRCode" name="test_qr_png" time="0.853" /><testcase classname="backend.tests.test_iter91_monetization.TestQRCode" name="test_resolve_qr_valid" time="1.821" /><testcase classname="backend.tests.test_iter91_monetization.TestQRCode" name="test_resolve_qr_bad_t" time="0.500" /><testcase classname="backend.tests.test_iter91_monetization.TestQRCode" name="test_resolve_qr_missing_uid" time="0.440" /><testcase classname="backend.tests.test_iter91_monetization.TestQRCode" name="test_resolve_qr_unknown_user" time="0.767" /><testcase classname="backend.tests.test_iter91_monetization.TestAdminRevenue" name="test_gate_user_forbidden" time="0.435" /><testcase classname="backend.tests.test_iter91_monetization.TestAdminRevenue" name="test_admin_shape" time="5.033" /><testcase classname="backend.tests.test_iter91_monetization.TestAIAnalytics" name="test_gate_user_forbidden" time="0.434" /><testcase classname="backend.tests.test_iter91_monetization.TestAIAnalytics" name="test_admin_shape" time="1.342" /><testcase classname="backend.tests.test_iter91_monetization.TestAIAnalytics" name="test_ai_chat_persists_to_analytics" time="7.666" /><testcase classname="backend.tests.test_iter91_monetization.TestWithdrawOverride" name="test_payment_methods_shape" time="5.201" /><testcase classname="backend.tests.test_iter91_monetization.TestWithdrawOverride" name="test_withdraw_kyc_gate" time="4.567" /></testsuite></testsuites>