<?xml version="1.0" encoding="utf-8"?><testsuites name="pytest tests"><testsuite name="pytest" errors="0" failures="0" skipped="1" tests="12" time="125.365" timestamp="2026-05-14T00:30:10.260543+00:00" hostname="agent-env-8b343572-668a-4145-bfbd-eff93a871360"><testcase classname="backend.tests.test_iter240e_fast_track" name="test_K_sw_version" time="89.963" /><testcase classname="backend.tests.test_iter240e_fast_track" name="test_A_fast_track_price" time="3.503" /><testcase classname="backend.tests.test_iter240e_fast_track" name="test_A_fast_track_price_requires_auth" time="0.167" /><testcase classname="backend.tests.test_iter240e_fast_track" name="test_G_admin_settings_fast_track" time="4.097" /><testcase classname="backend.tests.test_iter240e_fast_track" name="test_B_me_returns_pending_not_priority" time="6.196" /><testcase classname="backend.tests.test_iter240e_fast_track" name="test_C_fast_track_success_debits_wallet" time="5.385" /><testcase classname="backend.tests.test_iter240e_fast_track" name="test_D_fast_track_already_priority" time="0.969" /><testcase classname="backend.tests.test_iter240e_fast_track" name="test_E_me_returns_priority_true" time="2.653" /><testcase classname="backend.tests.test_iter240e_fast_track" name="test_F_admin_list_priority_first" time="0.754" /><testcase classname="backend.tests.test_iter240e_fast_track" name="test_H_insufficient_balance" time="0.314"><skipped type="pytest.skip" message="Could not register fresh user: 422 {&quot;detail&quot;:[{&quot;type&quot;:&quot;missing&quot;,&quot;loc&quot;:[&quot;body&quot;,&quot;first_name&quot;],&quot;msg&quot;:&quot;Field required&quot;,&quot;input&quot;:{&quot;email&quot;:&quot;testft_1a783d1e08@japa">/app/backend/tests/test_iter240e_fast_track.py:303: Could not register fresh user: 422 {"detail":[{"type":"missing","loc":["body","first_name"],"msg":"Field required","input":{"email":"testft_1a783d1e08@japa</skipped></testcase><testcase classname="backend.tests.test_iter240e_fast_track" name="test_I_jury_grant_me_revoke" time="8.097" /><testcase classname="backend.tests.test_iter240e_fast_track" name="test_L_regression_admin_approve" time="3.160" /></testsuite></testsuites>