<?xml version="1.0" encoding="utf-8"?><testsuites name="pytest tests"><testsuite name="pytest" errors="0" failures="0" skipped="0" tests="12" time="6.056" timestamp="2026-04-21T11:40:23.681048+00:00" hostname="agent-env-8b343572-668a-4145-bfbd-eff93a871360"><testcase classname="tests.test_iteration27_connect_level2.TestConnectMe" name="test_me_returns_gating_and_revshare_sections" time="1.507" /><testcase classname="tests.test_iteration27_connect_level2.TestConnectMe" name="test_me_free_user_cannot_use_nor_share" time="0.066" /><testcase classname="tests.test_iteration27_connect_level2.TestConnectMe" name="test_me_starter_user_can_use_but_not_share" time="0.214" /><testcase classname="tests.test_iteration27_connect_level2.TestConnectMe" name="test_me_business_is_eligible_revshare" time="0.221" /><testcase classname="tests.test_iteration27_connect_level2.TestStartGating" name="test_start_403_when_plan_rank_below_min_use" time="0.661" /><testcase classname="tests.test_iteration27_connect_level2.TestStartGating" name="test_start_ok_when_min_access_none" time="0.510" /><testcase classname="tests.test_iteration27_connect_level2.TestShareGating" name="test_create_hotspot_403_when_below_min_share" time="0.066" /><testcase classname="tests.test_iteration27_connect_level2.TestShareGating" name="test_public_hotspot_bypasses_share_gating" time="0.110" /><testcase classname="tests.test_iteration27_connect_level2.TestShareGating" name="test_hotspot_accepts_is_premium_and_country_code" time="0.319" /><testcase classname="tests.test_iteration27_connect_level2.TestLeaderboardCountry" name="test_leaderboard_country_filters_by_hotspot_country" time="0.743" /><testcase classname="tests.test_iteration27_connect_level2.TestRevshareCredit" name="test_credit_and_history" time="1.096" /><testcase classname="tests.test_iteration27_connect_level2.TestRevshareCredit" name="test_revshare_history_pagination_empty_user" time="0.446" /></testsuite></testsuites>