<?xml version="1.0"?><testsuite name="iter127" tests="41" failures="0"><testcase classname="iter127" name="env_check_REACT_APP_BACKEND_URL"></testcase>
<testcase classname="iter127" name="admin_login"></testcase>
<testcase classname="iter127" name="admin_kpis_anon_unauthorized"></testcase>
<testcase classname="iter127" name="alice_login"></testcase>
<testcase classname="iter127" name="admin_kpis_non_admin_403"></testcase>
<testcase classname="iter127" name="admin_kpis_admin_200"></testcase>
<testcase classname="iter127" name="admin_kpis_has_all_fields"></testcase>
<testcase classname="iter127" name="admin_kpis_window_days_30"></testcase>
<testcase classname="iter127" name="admin_kpis_top_countries_is_list"></testcase>
<testcase classname="iter127" name="admin_kpis_top_refusers_is_list"></testcase>
<testcase classname="iter127" name="admin_kpis_revenue_matches_ledger"></testcase>
<testcase classname="iter127" name="admin_kpis_refunds_matches_ledger"></testcase>
<testcase classname="iter127" name="admin_kpis_bonus_matches_ledger"></testcase>
<testcase classname="iter127" name="admin_kpis_gmv_matches_challenges_table"></testcase>
<testcase classname="iter127" name="leaderboard_challengers_200"></testcase>
<testcase classname="iter127" name="leaderboard_earnings_ledger_match_user_3"></testcase>
<testcase classname="iter127" name="expire_test_create_challenge"></testcase>
<testcase classname="iter127" name="expire_stale_first_call_200"></testcase>
<testcase classname="iter127" name="expire_stale_status_expired_after_first"></testcase>
<testcase classname="iter127" name="expire_stale_one_refund_per_stake_side_after_first"></testcase>
<testcase classname="iter127" name="expire_stale_second_call_200"></testcase>
<testcase classname="iter127" name="expire_stale_idempotent_no_extra_refund"></testcase>
<testcase classname="iter127" name="expire_stale_status_stays_expired"></testcase>
<testcase classname="iter127" name="race_test_create_challenge"></testcase>
<testcase classname="iter127" name="race_accept_one_200_one_409"></testcase>
<testcase classname="iter127" name="race_bob_wallet_debited_once"></testcase>
<testcase classname="iter127" name="race_only_one_lock_tx_for_bob"></testcase>
<testcase classname="iter127" name="scheduler_loop_started_log_present"></testcase>
<testcase classname="iter127" name="scheduler_promote_tick_log_present"></testcase>
<testcase classname="iter127" name="admin_demote_CM_200"></testcase>
<testcase classname="iter127" name="get_champion_CM_after_demote_404"></testcase>
<testcase classname="iter127" name="admin_set_CM_bob_200"></testcase>
<testcase classname="iter127" name="admin_set_repromotes_bob"></testcase>
<testcase classname="iter127" name="admin_set_resets_refusal_count_to_0"></testcase>
<testcase classname="iter127" name="promote_all_first_call_200"></testcase>
<testcase classname="iter127" name="promote_all_second_call_200"></testcase>
<testcase classname="iter127" name="promote_all_idempotent_no_extra_promotion_on_2nd"></testcase>
<testcase classname="iter127" name="frontend_challenge_share_whatsapp_testid"></testcase>
<testcase classname="iter127" name="frontend_challenge_share_telegram_testid"></testcase>
<testcase classname="iter127" name="frontend_challenge_share_copy_testid"></testcase>
<testcase classname="iter127" name="frontend_deep_link_to_country"></testcase></testsuite>