<?xml version="1.0" encoding="utf-8"?><testsuites name="pytest tests"><testsuite name="pytest" errors="0" failures="0" skipped="0" tests="19" time="192.916" timestamp="2026-04-25T01:34:23.684390+00:00" hostname="agent-env-8b343572-668a-4145-bfbd-eff93a871360"><testcase classname="tests.test_iteration105_surge.TestAuthGating" name="test_get_config_unauth_401" time="66.982" /><testcase classname="tests.test_iteration105_surge.TestAuthGating" name="test_get_config_non_admin_403" time="3.846" /><testcase classname="tests.test_iteration105_surge.TestAuthGating" name="test_put_config_non_admin_403" time="3.889" /><testcase classname="tests.test_iteration105_surge.TestAuthGating" name="test_preview_non_admin_403" time="3.853" /><testcase classname="tests.test_iteration105_surge.TestAuthGating" name="test_history_non_admin_403" time="3.833" /><testcase classname="tests.test_iteration105_surge.TestGetConfig" name="test_returns_country_config_defaults" time="4.781" /><testcase classname="tests.test_iteration105_surge.TestPutConfig" name="test_partial_merge_does_not_wipe_other_keys" time="8.606" /><testcase classname="tests.test_iteration105_surge.TestPutConfig" name="test_audit_log_inserted" time="6.416" /><testcase classname="tests.test_iteration105_surge.TestPreview" name="test_returns_full_breakdown" time="6.722" /><testcase classname="tests.test_iteration105_surge.TestPreview" name="test_disabled_engine_returns_1" time="6.719" /><testcase classname="tests.test_iteration105_surge.TestPreview" name="test_layer_toggles_zero_factor" time="6.690" /><testcase classname="tests.test_iteration105_surge.TestPreview" name="test_cap_enforcement" time="6.705" /><testcase classname="tests.test_iteration105_surge.TestPreview" name="test_invalid_coords_400" time="3.907" /><testcase classname="tests.test_iteration105_surge.TestEstimateIntegration" name="test_returns_range_and_label" time="8.714" /><testcase classname="tests.test_iteration105_surge.TestEstimateIntegration" name="test_no_surge_no_label" time="8.711" /><testcase classname="tests.test_iteration105_surge.TestRequestIntegration" name="test_request_snapshots_surge_and_logs_history" time="11.862" /><testcase classname="tests.test_iteration105_surge.TestRequestIntegration" name="test_wallet_check_uses_surged_fare" time="11.369" /><testcase classname="tests.test_iteration105_surge.TestHistory" name="test_history_after_ride" time="11.702" /><testcase classname="tests.test_iteration105_surge.TestHistory" name="test_history_min_multiplier_filter" time="7.462" /></testsuite></testsuites>