<?xml version="1.0" encoding="utf-8"?><testsuites name="pytest tests"><testsuite name="pytest" errors="0" failures="0" skipped="0" tests="13" time="3.144" timestamp="2026-04-21T14:39:31.922983+00:00" hostname="agent-env-8b343572-668a-4145-bfbd-eff93a871360"><testcase classname="backend.tests.test_wallet_iter32.TestPaymentMethods" name="test_payment_methods_shape" time="0.900" /><testcase classname="backend.tests.test_wallet_iter32.TestDeposit" name="test_deposit_usdt_trc20" time="0.154" /><testcase classname="backend.tests.test_wallet_iter32.TestDeposit" name="test_deposit_usdt_bep20" time="0.060" /><testcase classname="backend.tests.test_wallet_iter32.TestDeposit" name="test_deposit_hubtel_mocked" time="0.067" /><testcase classname="backend.tests.test_wallet_iter32.TestDeposit" name="test_deposit_invalid_method" time="0.059" /><testcase classname="backend.tests.test_wallet_iter32.TestDeposit" name="test_deposit_nonpositive_amount" time="0.119" /><testcase classname="backend.tests.test_wallet_iter32.TestWithdraw" name="test_withdraw_kyc_required" time="0.239" /><testcase classname="backend.tests.test_wallet_iter32.TestWithdraw" name="test_withdraw_method_not_whitelisted" time="0.311" /><testcase classname="backend.tests.test_wallet_iter32.TestWithdraw" name="test_withdraw_address_too_short" time="0.107" /><testcase classname="backend.tests.test_wallet_iter32.TestWithdraw" name="test_withdraw_percent_fee" time="0.447" /><testcase classname="backend.tests.test_wallet_iter32.TestWithdraw" name="test_withdraw_flat_fee" time="0.343" /><testcase classname="backend.tests.test_wallet_iter32.TestRegression" name="test_balance_endpoint" time="0.065" /><testcase classname="backend.tests.test_wallet_iter32.TestRegression" name="test_transactions_endpoint" time="0.176" /></testsuite></testsuites>