<?xml version="1.0" encoding="utf-8"?><testsuites name="pytest tests"><testsuite name="pytest" errors="0" failures="0" skipped="0" tests="43" time="66.910" timestamp="2026-04-24T23:44:17.081697+00:00" hostname="agent-env-8b343572-668a-4145-bfbd-eff93a871360"><testcase classname="backend.tests.test_iter100_transport_share.TestShareMint" name="test_01_create_ride" time="10.901" /><testcase classname="backend.tests.test_iter100_transport_share.TestShareMint" name="test_02_share_rider_pending" time="0.759" /><testcase classname="backend.tests.test_iter100_transport_share.TestShareMint" name="test_03_share_denies_stranger" time="0.710" /><testcase classname="backend.tests.test_iter100_transport_share.TestShareMint" name="test_04_share_404_unknown_ride" time="0.708" /><testcase classname="backend.tests.test_iter100_transport_share.TestShareMint" name="test_05_accept_then_driver_can_share" time="2.300" /><testcase classname="backend.tests.test_iter100_transport_share.TestSharePublic" name="test_10_public_get_sanitised" time="0.465" /><testcase classname="backend.tests.test_iter100_transport_share.TestSharePublic" name="test_11_public_invalid_token_400" time="0.111" /><testcase classname="backend.tests.test_iter100_transport_share.TestSharePublic" name="test_12_public_expired_410" time="0.121" /><testcase classname="backend.tests.test_iter100_transport_share.TestSharePublic" name="test_13_public_404_missing_ride" time="0.456" /><testcase classname="backend.tests.test_iter100_transport_share.TestSharePublic" name="test_14_public_wrong_audience_400" time="0.113" /><testcase classname="backend.tests.test_iter100_transport_share.TestLifecycleRegression" name="test_20_en_route" time="1.384" /><testcase classname="backend.tests.test_iter100_transport_share.TestLifecycleRegression" name="test_21_position_ping" time="0.933" /><testcase classname="backend.tests.test_iter100_transport_share.TestLifecycleRegression" name="test_22_detail_has_driver_and_position" time="0.731" /><testcase classname="backend.tests.test_iter100_transport_share.TestLifecycleRegression" name="test_23_public_shows_driver_position" time="0.470" /><testcase classname="backend.tests.test_iter100_transport_share.TestLifecycleRegression" name="test_24_start" time="1.394" /><testcase classname="backend.tests.test_iter100_transport_share.TestLifecycleRegression" name="test_25_complete" time="3.184" /><testcase classname="backend.tests.test_iter100_transport_share.TestLifecycleRegression" name="test_26_share_refused_on_completed_400" time="0.709" /><testcase classname="backend.tests.test_iter100_transport_share.TestLifecycleRegression" name="test_27_public_after_completed_still_ok" time="0.501" /><testcase classname="backend.tests.test_iter100_transport_share.TestLifecycleRegression" name="test_28_share_refused_on_cancelled_400" time="2.784" /><testcase classname="backend.tests.test_iter99_transport_lifecycle.TestGPSValidation" name="test_invalid_lat_999" time="9.838" /><testcase classname="backend.tests.test_iter99_transport_lifecycle.TestGPSValidation" name="test_invalid_nan" time="0.378" /><testcase classname="backend.tests.test_iter99_transport_lifecycle.TestGPSValidation" name="test_distance_too_short" time="0.382" /><testcase classname="backend.tests.test_iter99_transport_lifecycle.TestGPSValidation" name="test_distance_too_long" time="0.384" /><testcase classname="backend.tests.test_iter99_transport_lifecycle.TestLifecycle" name="test_1_create_valid_ride" time="1.167" /><testcase classname="backend.tests.test_iter99_transport_lifecycle.TestLifecycle" name="test_2_duplicate_active_ride_409" time="0.944" /><testcase classname="backend.tests.test_iter99_transport_lifecycle.TestLifecycle" name="test_3_accept_by_rider_400" time="0.934" /><testcase classname="backend.tests.test_iter99_transport_lifecycle.TestLifecycle" name="test_4_accept_by_driver" time="1.605" /><testcase classname="backend.tests.test_iter99_transport_lifecycle.TestLifecycle" name="test_5_complete_before_start_409" time="0.928" /><testcase classname="backend.tests.test_iter99_transport_lifecycle.TestLifecycle" name="test_6_en_route_ok" time="2.416" /><testcase classname="backend.tests.test_iter99_transport_lifecycle.TestLifecycle" name="test_7_en_route_twice_409" time="0.919" /><testcase classname="backend.tests.test_iter99_transport_lifecycle.TestLifecycle" name="test_8_position_ping" time="0.918" /><testcase classname="backend.tests.test_iter99_transport_lifecycle.TestLifecycle" name="test_9_position_wrong_driver_403" time="0.710" /><testcase classname="backend.tests.test_iter99_transport_lifecycle.TestLifecycle" name="test_10_start_ride" time="1.359" /><testcase classname="backend.tests.test_iter99_transport_lifecycle.TestLifecycle" name="test_11_cancel_after_start_409" time="0.703" /><testcase classname="backend.tests.test_iter99_transport_lifecycle.TestLifecycle" name="test_12_complete_from_started_and_wallet_flow" time="4.880" /><testcase classname="backend.tests.test_iter99_transport_lifecycle.TestDetailAndCancel" name="test_detail_full_payload" time="0.724" /><testcase classname="backend.tests.test_iter99_transport_lifecycle.TestDetailAndCancel" name="test_detail_access_denied_for_others" time="0.711" /><testcase classname="backend.tests.test_iter99_transport_lifecycle.TestDetailAndCancel" name="test_cancel_pending_ride_ok" time="2.085" /><testcase classname="backend.tests.test_iter99_transport_lifecycle.TestHeatmap" name="test_heatmap_pickup" time="0.713" /><testcase classname="backend.tests.test_iter99_transport_lifecycle.TestHeatmap" name="test_heatmap_dropoff" time="0.705" /><testcase classname="backend.tests.test_iter99_transport_lifecycle.TestHeatmap" name="test_heatmap_non_admin_403" time="0.398" /><testcase classname="backend.tests.test_iter99_transport_lifecycle.TestSchemaAudit" name="test_ride_requests_columns" time="1.380" /><testcase classname="backend.tests.test_iter99_transport_lifecycle.TestSchemaAudit" name="test_driver_fk_dropped" time="2.858" /></testsuite></testsuites>