<?xml version="1.0" encoding="utf-8"?><testsuites name="pytest tests"><testsuite name="pytest" errors="0" failures="0" skipped="0" tests="4" time="221.084" timestamp="2026-05-05T21:59:38.885769+00:00" hostname="agent-env-8b343572-668a-4145-bfbd-eff93a871360"><testcase classname="tests.test_iter230_p0_p1" name="test_p0_non_blocking_endpoints_respond_fast" time="10.258" /><testcase classname="tests.test_iter230_p0_p1" name="test_p1_wallet_history_has_quiz_challenge_types" time="195.683" /><testcase classname="tests.test_iter230_p0_p1" name="test_og_challenge_html_with_whatsapp_ua" time="12.353" /><testcase classname="tests.test_iter230_p0_p1" name="test_public_challenge_preview" time="2.717" /></testsuite></testsuites>