<?xml version="1.0" encoding="utf-8"?><testsuites name="pytest tests"><testsuite name="pytest" errors="0" failures="0" skipped="0" tests="18" time="152.329" timestamp="2026-04-24T10:18:31.712432+00:00" hostname="agent-env-8b343572-668a-4145-bfbd-eff93a871360"><testcase classname="backend.tests.test_iter84_quiz_tap.TestQuizStart" name="test_start_returns_5_questions_with_parsed_options" time="67.454" /><testcase classname="backend.tests.test_iter84_quiz_tap.TestQuizSubmit" name="test_submit_scoring_and_perfect_bonus" time="10.063" /><testcase classname="backend.tests.test_iter84_quiz_tap.TestQuizSubmit" name="test_double_submit_blocked" time="8.138" /><testcase classname="backend.tests.test_iter84_quiz_tap.TestQuizLimit" name="test_3_sessions_per_day_then_429" time="17.654" /><testcase classname="backend.tests.test_iter84_quiz_tap.TestQuizHistory" name="test_history_returns_runs" time="0.698" /><testcase classname="backend.tests.test_iter84_quiz_tap.TestQuizAdmin" name="test_overview_shape" time="1.786" /><testcase classname="backend.tests.test_iter84_quiz_tap.TestQuizAdmin" name="test_reset_user_wipes" time="1.715" /><testcase classname="backend.tests.test_iter84_quiz_tap.TestTapStatus" name="test_status_shape" time="3.169" /><testcase classname="backend.tests.test_iter84_quiz_tap.TestTapStart" name="test_start_returns_run" time="6.389" /><testcase classname="backend.tests.test_iter84_quiz_tap.TestTapStart" name="test_1_run_per_day_then_429" time="4.942" /><testcase classname="backend.tests.test_iter84_quiz_tap.TestTapSubmit" name="test_scoring_no_bonus_below_30" time="6.762" /><testcase classname="backend.tests.test_iter84_quiz_tap.TestTapSubmit" name="test_scoring_55_taps_bonus_25" time="6.686" /><testcase classname="backend.tests.test_iter84_quiz_tap.TestTapSubmit" name="test_scoring_85_taps_bonus_50" time="6.601" /><testcase classname="backend.tests.test_iter84_quiz_tap.TestTapSubmit" name="test_anti_cheat_caps_at_120" time="6.163" /><testcase classname="backend.tests.test_iter84_quiz_tap.TestTapAdmin" name="test_overview_shape" time="1.129" /><testcase classname="backend.tests.test_iter84_quiz_tap.TestTapAdmin" name="test_reset_user_wipes" time="2.152" /><testcase classname="backend.tests.test_iter84_quiz_tap.TestAdminOnly" name="test_quiz_admin_overview_blocks_user" time="0.371" /><testcase classname="backend.tests.test_iter84_quiz_tap.TestAdminOnly" name="test_tap_admin_overview_blocks_user" time="0.371" /></testsuite></testsuites>