<?xml version="1.0" encoding="utf-8"?><testsuites name="pytest tests"><testsuite name="pytest" errors="0" failures="1" skipped="0" tests="13" time="259.786" timestamp="2026-04-25T12:20:43.283487+00:00" hostname="agent-env-8b343572-668a-4145-bfbd-eff93a871360"><testcase classname="tests.test_iter115_boost_schedules.TestBoostSchedulesCRUD" name="test_list_initial" time="7.144" /><testcase classname="tests.test_iter115_boost_schedules.TestBoostSchedulesCRUD" name="test_create_recurring_ok" time="2.482" /><testcase classname="tests.test_iter115_boost_schedules.TestBoostSchedulesCRUD" name="test_create_recurring_missing_fields" time="0.370" /><testcase classname="tests.test_iter115_boost_schedules.TestBoostSchedulesCRUD" name="test_create_recurring_bad_time" time="0.370" /><testcase classname="tests.test_iter115_boost_schedules.TestBoostSchedulesCRUD" name="test_create_dated_ok" time="2.478" /><testcase classname="tests.test_iter115_boost_schedules.TestBoostSchedulesCRUD" name="test_create_dated_bad_iso" time="0.370" /><testcase classname="tests.test_iter115_boost_schedules.TestBoostSchedulesCRUD" name="test_create_dated_inverted_range" time="0.370" /><testcase classname="tests.test_iter115_boost_schedules.TestBoostSchedulesCRUD" name="test_update_full_replace" time="3.500" /><testcase classname="tests.test_iter115_boost_schedules.TestBoostSchedulesCRUD" name="test_update_404" time="0.695" /><testcase classname="tests.test_iter115_boost_schedules.TestBoostSchedulesCRUD" name="test_delete_404" time="0.695" /><testcase classname="tests.test_iter115_boost_schedules.TestBoostSchedulesCRUD" name="test_delete_ok" time="2.478" /><testcase classname="tests.test_iter115_boost_schedules.TestBoostScheduleWorkerE2E" name="test_worker_activates_then_deactivates" time="151.768"><failure message="AssertionError: Worker did not activate boost within 130s&#10;assert False">tests/test_iter115_boost_schedules.py:298: in test_worker_activates_then_deactivates
    assert active, "Worker did not activate boost within 130s"
E   AssertionError: Worker did not activate boost within 130s
E   assert False</failure></testcase><testcase classname="tests.test_iter115_boost_schedules.TestBoostScheduleWorkerE2E" name="test_worker_does_not_touch_manual_boost" time="86.945" /></testsuite></testsuites>