<?xml version="1.0" encoding="utf-8"?><testsuites name="pytest tests"><testsuite name="pytest" errors="0" failures="1" skipped="0" tests="11" time="202.180" timestamp="2026-05-13T02:42:21.952119+00:00" hostname="agent-env-8b343572-668a-4145-bfbd-eff93a871360"><testcase classname="tests.test_iter239w_crowdfunding" name="test_state_exposes_new_fields" time="60.181"><failure message="requests.exceptions.ReadTimeout: HTTPSConnectionPool(host='japap-refactor.preview.emergentagent.com', port=443): Read timed out. (read timeout=60)">E   TimeoutError: The read operation timed out

The above exception was the direct cause of the following exception:
E   urllib3.exceptions.ReadTimeoutError: HTTPSConnectionPool(host='japap-refactor.preview.emergentagent.com', port=443): Read timed out. (read timeout=60)

During handling of the above exception, another exception occurred:
E   requests.exceptions.ReadTimeout: HTTPSConnectionPool(host='japap-refactor.preview.emergentagent.com', port=443): Read timed out. (read timeout=60)</failure></testcase><testcase classname="tests.test_iter239w_crowdfunding" name="test_admin_settings_get_put_aliases" time="114.616" /><testcase classname="tests.test_iter239w_crowdfunding" name="test_admin_active_cycle_put_aliases" time="1.868" /><testcase classname="tests.test_iter239w_crowdfunding" name="test_create_rejects_without_terms" time="3.833" /><testcase classname="tests.test_iter239w_crowdfunding" name="test_create_with_terms_pending_review" time="9.589" /><testcase classname="tests.test_iter239w_crowdfunding" name="test_admin_approve_404" time="0.736" /><testcase classname="tests.test_iter239w_crowdfunding" name="test_admin_approve_then_suspend_then_reactivate" time="5.960" /><testcase classname="tests.test_iter239w_crowdfunding" name="test_admin_list_filter" time="0.736" /><testcase classname="tests.test_iter239w_crowdfunding" name="test_vote_does_not_award_instant_winner" time="3.098" /><testcase classname="tests.test_iter239w_crowdfunding" name="test_worker_started_log" time="0.262" /><testcase classname="tests.test_iter239w_crowdfunding" name="test_i18n_terms_keys_present" time="1.188" /></testsuite></testsuites>