<?xml version="1.0" encoding="utf-8"?><testsuites name="pytest tests"><testsuite name="pytest" errors="0" failures="0" skipped="0" tests="17" time="124.618" timestamp="2026-04-24T23:41:10.411447+00:00" hostname="agent-env-8b343572-668a-4145-bfbd-eff93a871360"><testcase classname="backend.tests.test_iteration101_driver_reviews.TestSubmitReview" name="test_01_before_complete_409_not_completed" time="74.330" /><testcase classname="backend.tests.test_iteration101_driver_reviews.TestSubmitReview" name="test_02_404_unknown_ride" time="1.257" /><testcase classname="backend.tests.test_iteration101_driver_reviews.TestSubmitReview" name="test_03_full_lifecycle_and_rider_posts_4_stars" time="12.191" /><testcase classname="backend.tests.test_iteration101_driver_reviews.TestSubmitReview" name="test_04_idempotent_409_on_second_post" time="1.519" /><testcase classname="backend.tests.test_iteration101_driver_reviews.TestSubmitReview" name="test_05_403_when_not_rider" time="2.495" /><testcase classname="backend.tests.test_iteration101_driver_reviews.TestSubmitReview" name="test_06_pydantic_rating_out_of_range" time="8.237" /><testcase classname="backend.tests.test_iteration101_driver_reviews.TestSubmitReview" name="test_07_second_review_recomputes_rolling_avg" time="3.428" /><testcase classname="backend.tests.test_iteration101_driver_reviews.TestGetRideReview" name="test_10_rider_reads_review" time="1.274" /><testcase classname="backend.tests.test_iteration101_driver_reviews.TestGetRideReview" name="test_11_driver_may_read" time="1.244" /><testcase classname="backend.tests.test_iteration101_driver_reviews.TestGetRideReview" name="test_12_stranger_forbidden" time="1.035" /><testcase classname="backend.tests.test_iteration101_driver_reviews.TestGetRideReview" name="test_13_404_missing_ride" time="1.029" /><testcase classname="backend.tests.test_iteration101_driver_reviews.TestGetRideReview" name="test_14_can_submit_true_only_when_all_conditions_met" time="10.374" /><testcase classname="backend.tests.test_iteration101_driver_reviews.TestDriverReviewsPublic" name="test_20_list_summary_and_histogram" time="1.480" /><testcase classname="backend.tests.test_iteration101_driver_reviews.TestDriverReviewsPublic" name="test_21_pagination" time="1.468" /><testcase classname="backend.tests.test_iteration101_driver_reviews.TestDriverReviewsPublic" name="test_22_404_unknown_driver" time="1.038" /><testcase classname="backend.tests.test_iteration101_driver_reviews.TestAdminDriverDetailIncludesReviews" name="test_30_reviews_block_present" time="1.701" /><testcase classname="backend.tests.test_iteration101_driver_reviews.TestAdminDriverDetailIncludesReviews" name="test_31_non_admin_forbidden" time="0.383" /></testsuite></testsuites>