<?xml version="1.0" encoding="utf-8"?><testsuites name="pytest tests"><testsuite name="pytest" errors="0" failures="0" skipped="0" tests="14" time="27.566" timestamp="2026-05-07T12:40:30.814825+00:00" hostname="agent-env-8b343572-668a-4145-bfbd-eff93a871360"><testcase classname="test_iter237i_payment_methods_admin" name="test_admin_list_payment_methods_returns_full_catalog" time="4.938" /><testcase classname="test_iter237i_payment_methods_admin" name="test_admin_list_requires_admin" time="0.129" /><testcase classname="test_iter237i_payment_methods_admin" name="test_admin_toggle_disable_then_enable_persists" time="9.617" /><testcase classname="test_iter237i_payment_methods_admin" name="test_admin_toggle_unknown_method_404" time="1.961" /><testcase classname="test_iter237i_payment_methods_admin" name="test_admin_toggle_requires_admin" time="0.175" /><testcase classname="test_iter237i_payment_methods_admin" name="test_track_form_opened_ok" time="4.549" /><testcase classname="test_iter237i_payment_methods_admin" name="test_track_submitted_ok" time="1.315" /><testcase classname="test_iter237i_payment_methods_admin" name="test_track_invalid_action_400" time="0.394" /><testcase classname="test_iter237i_payment_methods_admin" name="test_track_requires_auth" time="0.151" /><testcase classname="test_iter237i_payment_methods_admin" name="test_admin_analytics_returns_rows_with_eligible_pct" time="0.941" /><testcase classname="test_iter237i_payment_methods_admin" name="test_admin_analytics_requires_admin" time="0.124" /><testcase classname="test_iter237i_payment_methods_admin" name="test_admin_analytics_days_validation" time="0.133" /><testcase classname="test_iter237i_payment_methods_admin" name="test_eligibility_daf_wave_deposit_ineligible_with_suggestion" time="1.766" /><testcase classname="test_iter237i_payment_methods_admin" name="test_eligibility_daf_om_cm_deposit_eligible" time="1.275" /></testsuite></testsuites>