<?xml version="1.0" encoding="utf-8"?><testsuites name="pytest tests"><testsuite name="pytest" errors="0" failures="0" skipped="0" tests="9" time="3.927" timestamp="2026-04-21T19:07:05.546400+00:00" hostname="agent-env-8b343572-668a-4145-bfbd-eff93a871360"><testcase classname="backend.tests.test_iteration43_hubtel.TestHubtelWebhookNative" name="test_native_success_credits_wallet" time="0.731" /><testcase classname="backend.tests.test_iteration43_hubtel.TestHubtelWebhookNative" name="test_idempotency_no_double_credit" time="0.385" /><testcase classname="backend.tests.test_iteration43_hubtel.TestHubtelWebhookNative" name="test_failure_path_rejects_no_credit" time="0.251" /><testcase classname="backend.tests.test_iteration43_hubtel.TestHubtelWebhookNative" name="test_legacy_format_still_works" time="0.273" /><testcase classname="backend.tests.test_iteration43_hubtel.TestHubtelWebhookNative" name="test_missing_client_reference_400" time="0.118" /><testcase classname="backend.tests.test_iteration43_hubtel.TestHubtelWebhookSignature" name="test_missing_signature_returns_401" time="0.605" /><testcase classname="backend.tests.test_iteration43_hubtel.TestHubtelWebhookSignature" name="test_wrong_signature_returns_401" time="0.318" /><testcase classname="backend.tests.test_iteration43_hubtel.TestHubtelWebhookSignature" name="test_correct_signature_returns_200" time="0.365" /><testcase classname="backend.tests.test_iteration43_hubtel.TestHubtelDepositWithInvalidKeys" name="test_hubtel_card_502_with_invalid_keys" time="0.804" /></testsuite></testsuites>