<?xml version="1.0" encoding="utf-8"?><testsuites name="pytest tests"><testsuite name="pytest" errors="0" failures="0" skipped="0" tests="20" time="80.182" timestamp="2026-04-24T14:59:05.096677+00:00" hostname="agent-env-8b343572-668a-4145-bfbd-eff93a871360"><testcase classname="backend.tests.test_iter90_support.TestAIChat" name="test_ai_chat_french_answer" time="62.341" /><testcase classname="backend.tests.test_iter90_support.TestAIChat" name="test_ai_chat_missing_user_message" time="0.378" /><testcase classname="backend.tests.test_iter90_support.TestAIChat" name="test_ai_chat_too_long" time="0.370" /><testcase classname="backend.tests.test_iter90_support.TestAIChat" name="test_ai_chat_requires_auth" time="0.196" /><testcase classname="backend.tests.test_iter90_support.TestTickets" name="test_create_ticket_valid" time="1.290" /><testcase classname="backend.tests.test_iter90_support.TestTickets" name="test_create_ticket_subject_too_short" time="0.047" /><testcase classname="backend.tests.test_iter90_support.TestTickets" name="test_create_ticket_message_too_short" time="0.054" /><testcase classname="backend.tests.test_iter90_support.TestTickets" name="test_create_ticket_invalid_category" time="0.050" /><testcase classname="backend.tests.test_iter90_support.TestTickets" name="test_my_tickets_contains_created" time="0.696" /><testcase classname="backend.tests.test_iter90_support.TestTickets" name="test_my_tickets_requires_auth" time="0.122" /><testcase classname="backend.tests.test_iter90_support.TestAdminTickets" name="test_admin_list_tickets_no_filter" time="4.204" /><testcase classname="backend.tests.test_iter90_support.TestAdminTickets" name="test_admin_list_tickets_status_open" time="0.938" /><testcase classname="backend.tests.test_iter90_support.TestAdminTickets" name="test_admin_tickets_forbidden_for_user" time="0.375" /><testcase classname="backend.tests.test_iter90_support.TestAdminTickets" name="test_admin_transition_status" time="1.862" /><testcase classname="backend.tests.test_iter90_support.TestAdminTickets" name="test_admin_update_unknown_ticket" time="0.721" /><testcase classname="backend.tests.test_iter90_support.TestAdminTickets" name="test_admin_update_invalid_status" time="0.061" /><testcase classname="backend.tests.test_iter90_support.TestWalletAlertsAck" name="test_get_alerts_unread_only_shape" time="1.469" /><testcase classname="backend.tests.test_iter90_support.TestWalletAlertsAck" name="test_ack_single_if_available" time="2.114" /><testcase classname="backend.tests.test_iter90_support.TestWalletAlertsAck" name="test_ack_all" time="2.072" /><testcase classname="backend.tests.test_iter90_support.TestWalletAlertsAck" name="test_alerts_forbidden_for_user" time="0.753" /></testsuite></testsuites>