<?xml version="1.0" encoding="utf-8"?><testsuites name="pytest tests"><testsuite name="pytest" errors="0" failures="0" skipped="0" tests="14" time="2.081" timestamp="2026-04-22T00:19:55.768202+00:00" hostname="agent-env-8b343572-668a-4145-bfbd-eff93a871360"><testcase classname="backend.tests.test_iteration58_connect_v2" name="test_set_wifi_owner_ok" time="0.593" /><testcase classname="backend.tests.test_iteration58_connect_v2" name="test_set_wifi_non_owner_forbidden" time="0.270" /><testcase classname="backend.tests.test_iteration58_connect_v2" name="test_hotspot_never_leaks_password_in_get" time="0.003" /><testcase classname="backend.tests.test_iteration58_connect_v2" name="test_generate_qr_owner_ok" time="0.044" /><testcase classname="backend.tests.test_iteration58_connect_v2" name="test_generate_qr_non_owner_forbidden" time="0.003" /><testcase classname="backend.tests.test_iteration58_connect_v2" name="test_generate_qr_without_wifi_config" time="0.131" /><testcase classname="backend.tests.test_iteration58_connect_v2" name="test_redeem_happy_path_returns_plaintext_password" time="0.051" /><testcase classname="backend.tests.test_iteration58_connect_v2" name="test_redeem_unknown_nonce_404" time="0.043" /><testcase classname="backend.tests.test_iteration58_connect_v2" name="test_redeem_consumed_nonce_410" time="0.363" /><testcase classname="backend.tests.test_iteration58_connect_v2" name="test_redeem_self_hotspot_blocked" time="0.046" /><testcase classname="backend.tests.test_iteration58_connect_v2" name="test_reveal_password_rate_limited" time="0.181" /><testcase classname="backend.tests.test_iteration58_connect_v2" name="test_reveal_password_stranger_forbidden" time="0.052" /><testcase classname="backend.tests.test_iteration58_connect_v2" name="test_live_stats_after_redeem" time="0.093" /><testcase classname="backend.tests.test_iteration58_connect_v2" name="test_delete_wifi_clears_config" time="0.135" /></testsuite></testsuites>