<?xml version="1.0" encoding="utf-8"?><testsuites name="pytest tests"><testsuite name="pytest" errors="0" failures="0" skipped="0" tests="15" time="96.185" timestamp="2026-04-23T10:23:23.474339+00:00" hostname="agent-env-8b343572-668a-4145-bfbd-eff93a871360"><testcase classname="backend.tests.test_iteration83_superadmin.TestRegistrationOtp" name="test_register_returns_otp_sent" time="59.771" /><testcase classname="backend.tests.test_iteration83_superadmin.TestRegistrationOtp" name="test_verify_otp_activates_user" time="5.093" /><testcase classname="backend.tests.test_iteration83_superadmin.TestRegistrationOtp" name="test_resend_otp_cooldown" time="2.892" /><testcase classname="backend.tests.test_iteration83_superadmin.TestLoginFlows" name="test_regular_user_login" time="2.331" /><testcase classname="backend.tests.test_iteration83_superadmin.TestLoginFlows" name="test_admin_login_no_2fa" time="3.184" /><testcase classname="backend.tests.test_iteration83_superadmin.TestLoginFlows" name="test_superadmin_login_requires_2fa" time="2.024" /><testcase classname="backend.tests.test_iteration83_superadmin.TestSuperadminManagement" name="test_list_admins" time="6.701" /><testcase classname="backend.tests.test_iteration83_superadmin.TestSuperadminManagement" name="test_url_token_returns_ddmmyy" time="0.371" /><testcase classname="backend.tests.test_iteration83_superadmin.TestSuperadminManagement" name="test_url_check_public" time="0.242" /><testcase classname="backend.tests.test_iteration83_superadmin.TestSuperadminManagement" name="test_create_admin_and_patch_and_delete" time="6.654" /><testcase classname="backend.tests.test_iteration83_superadmin.TestSuperadminManagement" name="test_audit_log" time="1.015" /><testcase classname="backend.tests.test_iteration83_superadmin.TestAuthorization" name="test_require_superadmin_rejects_admin" time="2.855" /><testcase classname="backend.tests.test_iteration83_superadmin.TestAuthorization" name="test_require_superadmin_rejects_user" time="2.729" /><testcase classname="backend.tests.test_iteration83_superadmin.TestAuthorization" name="test_require_superadmin_rejects_unauth" time="0.100" /><testcase classname="backend.tests.test_iteration83_superadmin.TestAuthorization" name="test_create_admin_csrf_missing_header" time="0.122" /></testsuite></testsuites>