<?xml version="1.0" encoding="utf-8"?><testsuites name="pytest tests"><testsuite name="pytest" errors="0" failures="0" skipped="0" tests="2" time="2.172" timestamp="2026-05-06T11:21:25.540784+00:00" hostname="agent-env-8b343572-668a-4145-bfbd-eff93a871360"><testcase classname="backend.tests.test_iter233_doublers" name="test_leaderboard_doublers_public_no_auth" time="1.014" /><testcase classname="backend.tests.test_iter233_doublers" name="test_leaderboard_doublers_limit_param" time="1.082" /></testsuite></testsuites>