<?xml version="1.0" encoding="utf-8"?><testsuites name="pytest tests"><testsuite name="pytest" errors="0" failures="0" skipped="0" tests="25" time="5.936" timestamp="2026-04-21T15:41:54.154183+00:00" hostname="agent-env-8b343572-668a-4145-bfbd-eff93a871360"><testcase classname="backend.tests.test_wallet_admin_iter36.TestPaymentMethodsRegression" name="test_payment_methods_keys_present" time="0.971" /><testcase classname="backend.tests.test_wallet_admin_iter36.TestAdminListing" name="test_list_deposits_structure" time="0.065" /><testcase classname="backend.tests.test_wallet_admin_iter36.TestAdminListing" name="test_list_withdrawals_has_processing_mode" time="0.068" /><testcase classname="backend.tests.test_wallet_admin_iter36.TestAdminListing" name="test_filters_q_and_status" time="0.067" /><testcase classname="backend.tests.test_wallet_admin_iter36.TestAdminListing" name="test_non_admin_forbidden" time="0.053" /><testcase classname="backend.tests.test_wallet_admin_iter36.TestDepositsKillSwitch" name="test_deposit_503_when_disabled" time="0.170" /><testcase classname="backend.tests.test_wallet_admin_iter36.TestDepositsKillSwitch" name="test_deposit_ok_when_enabled" time="0.104" /><testcase classname="backend.tests.test_wallet_admin_iter36.TestDepositModeration" name="test_approve_credits_wallet" time="0.209" /><testcase classname="backend.tests.test_wallet_admin_iter36.TestDepositModeration" name="test_approve_idempotent" time="0.219" /><testcase classname="backend.tests.test_wallet_admin_iter36.TestDepositModeration" name="test_approve_unknown_404" time="0.095" /><testcase classname="backend.tests.test_wallet_admin_iter36.TestDepositModeration" name="test_reject_does_not_credit" time="0.237" /><testcase classname="backend.tests.test_wallet_admin_iter36.TestDepositModeration" name="test_reject_after_completed_400" time="0.409" /><testcase classname="backend.tests.test_wallet_admin_iter36.TestWithdrawModes" name="test_both_disabled_returns_503" time="0.237" /><testcase classname="backend.tests.test_wallet_admin_iter36.TestWithdrawModes" name="test_auto_mode_processing" time="0.230" /><testcase classname="backend.tests.test_wallet_admin_iter36.TestWithdrawModes" name="test_manual_mode_pending" time="0.172" /><testcase classname="backend.tests.test_wallet_admin_iter36.TestWithdrawModeration" name="test_approve_marks_completed" time="0.213" /><testcase classname="backend.tests.test_wallet_admin_iter36.TestWithdrawModeration" name="test_reject_refunds_wallet" time="0.354" /><testcase classname="backend.tests.test_wallet_admin_iter36.TestWithdrawModeration" name="test_reject_unknown_404" time="0.128" /><testcase classname="backend.tests.test_wallet_admin_iter36.TestWebhooks" name="test_hubtel_paid_credits" time="0.335" /><testcase classname="backend.tests.test_wallet_admin_iter36.TestWebhooks" name="test_hubtel_failed_rejects" time="0.247" /><testcase classname="backend.tests.test_wallet_admin_iter36.TestWebhooks" name="test_hubtel_unknown_404" time="0.171" /><testcase classname="backend.tests.test_wallet_admin_iter36.TestWebhooks" name="test_nowpayments_finished_credits" time="0.337" /><testcase classname="backend.tests.test_wallet_admin_iter36.TestWebhooks" name="test_nowpayments_failed_rejects" time="0.276" /><testcase classname="backend.tests.test_wallet_admin_iter36.TestWebhooks" name="test_nowpayments_confirming_pending" time="0.235" /><testcase classname="backend.tests.test_wallet_admin_iter36.TestWebhooks" name="test_nowpayments_missing_order_400" time="0.229" /></testsuite></testsuites>