<?xml version="1.0" encoding="utf-8"?><testsuites name="pytest tests"><testsuite name="pytest" errors="0" failures="0" skipped="0" tests="28" time="35.374" timestamp="2026-04-24T23:06:37.427728+00:00" hostname="agent-env-8b343572-668a-4145-bfbd-eff93a871360"><testcase classname="tests.test_iter97_driver_kyc.TestKYCValidation" name="test_missing_required_field_422[vehicle_model]" time="2.603" /><testcase classname="tests.test_iter97_driver_kyc.TestKYCValidation" name="test_missing_required_field_422[personal_phone]" time="0.052" /><testcase classname="tests.test_iter97_driver_kyc.TestKYCValidation" name="test_missing_required_field_422[license_number]" time="0.080" /><testcase classname="tests.test_iter97_driver_kyc.TestKYCValidation" name="test_missing_required_field_422[license_issue_date]" time="0.052" /><testcase classname="tests.test_iter97_driver_kyc.TestKYCValidation" name="test_missing_required_field_422[license_image_url]" time="0.058" /><testcase classname="tests.test_iter97_driver_kyc.TestKYCValidation" name="test_missing_required_field_422[id_card_image_url]" time="0.049" /><testcase classname="tests.test_iter97_driver_kyc.TestKYCValidation" name="test_missing_required_field_422[selfie_with_license_url]" time="0.049" /><testcase classname="tests.test_iter97_driver_kyc.TestKYCRegisterAndGate" name="test_1_register_new_driver_pending" time="0.916" /><testcase classname="tests.test_iter97_driver_kyc.TestKYCRegisterAndGate" name="test_2_register_idempotent_update" time="0.915" /><testcase classname="tests.test_iter97_driver_kyc.TestKYCRegisterAndGate" name="test_3_driver_me_full_profile" time="0.708" /><testcase classname="tests.test_iter97_driver_kyc.TestKYCRegisterAndGate" name="test_4_online_blocked_while_pending" time="0.696" /><testcase classname="tests.test_iter97_driver_kyc.TestKYCRegisterAndGate" name="test_5_available_blocked_while_pending" time="0.703" /><testcase classname="tests.test_iter97_driver_kyc.TestKYCRegisterAndGate" name="test_6_accept_blocked_while_pending" time="0.918" /><testcase classname="tests.test_iter97_driver_kyc.TestAdminFlow" name="test_1_admin_list_pending" time="2.024" /><testcase classname="tests.test_iter97_driver_kyc.TestAdminFlow" name="test_2_admin_list_all" time="0.916" /><testcase classname="tests.test_iter97_driver_kyc.TestAdminFlow" name="test_3_admin_driver_detail" time="1.855" /><testcase classname="tests.test_iter97_driver_kyc.TestAdminFlow" name="test_4_reject_without_reason_400" time="1.306" /><testcase classname="tests.test_iter97_driver_kyc.TestAdminFlow" name="test_5_reject_with_reason_200" time="3.400" /><testcase classname="tests.test_iter97_driver_kyc.TestAdminFlow" name="test_6_resubmit_after_reject_goes_pending" time="1.622" /><testcase classname="tests.test_iter97_driver_kyc.TestAdminFlow" name="test_7_approve_without_reason_ok" time="4.606" /><testcase classname="tests.test_iter97_driver_kyc.TestAdminFlow" name="test_8_approved_edit_no_doc_stays_approved" time="0.929" /><testcase classname="tests.test_iter97_driver_kyc.TestAdminFlow" name="test_9_approved_change_license_resets_pending" time="0.919" /><testcase classname="tests.test_iter97_driver_kyc.TestAdminFlow" name="test_10_suspend_without_reason_400" time="1.301" /><testcase classname="tests.test_iter97_driver_kyc.TestAdminFlow" name="test_11_suspend_with_reason_ok" time="3.416" /><testcase classname="tests.test_iter97_driver_kyc.TestAdminFlow" name="test_12_suspended_cannot_resubmit" time="0.700" /><testcase classname="tests.test_iter97_driver_kyc.TestDriverDocUpload" name="test_upload_image_driver_doc" time="0.554" /><testcase classname="tests.test_iter97_driver_kyc.TestSchemaAudit" name="test_drivers_columns_exist" time="1.265" /><testcase classname="tests.test_iter97_driver_kyc.TestSchemaAudit" name="test_notifications_inserted" time="2.648" /></testsuite></testsuites>