<?xml version="1.0" encoding="utf-8"?><testsuites name="pytest tests"><testsuite name="pytest" errors="0" failures="0" skipped="0" tests="9" time="65.598" timestamp="2026-04-27T18:23:32.680171+00:00" hostname="agent-env-8b343572-668a-4145-bfbd-eff93a871360"><testcase classname="tests.test_iter146_auth_trusted.TestMigrationResetGuard" name="test_alice_normal_login_200" time="3.001" /><testcase classname="tests.test_iter146_auth_trusted.TestMigrationResetGuard" name="test_pathological_flags_does_not_trigger_migration" time="5.307" /><testcase classname="tests.test_iter146_auth_trusted.TestMigrationResetGuard" name="test_legacy_user_returns_403_migration" time="0.711" /><testcase classname="tests.test_iter146_auth_trusted.TestTrustedDevice" name="test_trusted_progression" time="13.451" /><testcase classname="tests.test_iter146_auth_trusted.TestDevicesEndpoints" name="test_list_unauth_401" time="2.142" /><testcase classname="tests.test_iter146_auth_trusted.TestDevicesEndpoints" name="test_list_with_session_and_untrust" time="9.709" /><testcase classname="tests.test_iter146_auth_trusted.TestResetPasswordUntrust" name="test_reset_calls_untrust_all" time="15.244" /><testcase classname="tests.test_iter146_auth_trusted.TestRefreshTTL" name="test_untrusted_refresh_ttl_7d" time="6.511" /><testcase classname="tests.test_iter146_auth_trusted.TestRefreshTTL" name="test_trusted_refresh_ttl_90d" time="9.349" /></testsuite></testsuites>