<?xml version="1.0" encoding="utf-8"?><testsuites name="pytest tests"><testsuite name="pytest" errors="0" failures="0" skipped="0" tests="15" time="61.580" timestamp="2026-04-27T14:31:43.857967+00:00" hostname="agent-env-8b343572-668a-4145-bfbd-eff93a871360"><testcase classname="tests.test_iter145_gonogo" name="test_01_state_bootstraps_cycle" time="12.986" /><testcase classname="tests.test_iter145_gonogo" name="test_02_three_projects_open_votes" time="10.018" /><testcase classname="tests.test_iter145_gonogo" name="test_03_duplicate_project_rejected" time="0.979" /><testcase classname="tests.test_iter145_gonogo" name="test_04_description_too_short" time="0.115" /><testcase classname="tests.test_iter145_gonogo" name="test_05_self_vote_400" time="2.862" /><testcase classname="tests.test_iter145_gonogo" name="test_06_bob_votes_alice_then_double_blocked" time="5.071" /><testcase classname="tests.test_iter145_gonogo" name="test_07_share_performance_me" time="1.690" /><testcase classname="tests.test_iter145_gonogo" name="test_08_rival_endpoint" time="1.187" /><testcase classname="tests.test_iter145_gonogo" name="test_09_engagement_exposes_velocity_and_shareperf" time="3.137" /><testcase classname="tests.test_iter145_gonogo" name="test_10_owner_edit_forbidden_when_votes_open" time="2.106" /><testcase classname="tests.test_iter145_gonogo" name="test_11_non_owner_edit_403" time="1.936" /><testcase classname="tests.test_iter145_gonogo" name="test_12_non_admin_force_delete_forbidden" time="1.800" /><testcase classname="tests.test_iter145_gonogo" name="test_13_non_admin_disqualify_forbidden" time="2.326" /><testcase classname="tests.test_iter145_gonogo" name="test_14_admin_disqualify_works" time="2.199" /><testcase classname="tests.test_iter145_gonogo" name="test_15_vote_invalidates_cooldown" time="13.060" /></testsuite></testsuites>