<?xml version="1.0" encoding="utf-8"?><testsuites name="pytest tests"><testsuite name="pytest" errors="0" failures="0" skipped="0" tests="8" time="8.815" timestamp="2026-04-30T07:47:15.116755+00:00" hostname="agent-env-8b343572-668a-4145-bfbd-eff93a871360"><testcase classname="backend.tests.test_iter182_183.TestFeedPostValidation" name="test_media_only_ok" time="4.428" /><testcase classname="backend.tests.test_iter182_183.TestFeedPostValidation" name="test_text_only_ok" time="1.505" /><testcase classname="backend.tests.test_iter182_183.TestFeedPostValidation" name="test_empty_rejected" time="0.381" /><testcase classname="backend.tests.test_iter182_183.TestFeedPostValidation" name="test_empty_whitespace_rejected" time="0.381" /><testcase classname="backend.tests.test_iter182_183.TestAutoPhotoValidation" name="test_file_too_small" time="0.384" /><testcase classname="backend.tests.test_iter182_183.TestAutoPhotoValidation" name="test_file_too_large" time="0.813" /><testcase classname="backend.tests.test_iter182_183.TestAutoPhotoValidation" name="test_quota_gate_429" time="0.699" /><testcase classname="backend.tests.test_iter182_183.TestAutoPhotoValidation" name="test_unauth_rejected" time="0.154" /></testsuite></testsuites>