<?xml version="1.0" encoding="utf-8"?><testsuites name="pytest tests"><testsuite name="pytest" errors="0" failures="0" skipped="0" tests="7" time="7.619" timestamp="2026-05-05T11:10:52.634312+00:00" hostname="agent-env-8b343572-668a-4145-bfbd-eff93a871360"><testcase classname="backend.tests.test_iter218_upload_csrf" name="test_has_ffmpeg_in_process" time="0.049" /><testcase classname="backend.tests.test_iter218_upload_csrf" name="test_upload_mp4" time="3.510" /><testcase classname="backend.tests.test_iter218_upload_csrf" name="test_upload_mov_is_transcoded" time="0.525" /><testcase classname="backend.tests.test_iter218_upload_csrf" name="test_upload_webm" time="0.530" /><testcase classname="backend.tests.test_iter218_upload_csrf" name="test_upload_txt_rejected_4xx" time="0.374" /><testcase classname="backend.tests.test_iter218_upload_csrf" name="test_post_requires_auth" time="0.107" /><testcase classname="backend.tests.test_iter218_upload_csrf" name="test_post_text_only_with_bearer" time="2.451" /></testsuite></testsuites>