<?xml version="1.0" encoding="utf-8"?><testsuites name="pytest tests"><testsuite name="pytest" errors="0" failures="3" skipped="0" tests="17" time="85.665" timestamp="2026-05-04T02:18:55.335059+00:00" hostname="agent-env-8b343572-668a-4145-bfbd-eff93a871360"><testcase classname="backend.tests.test_og_preview_iter212.TestOgPreviewHappyPath" name="test_github_returns_full_preview" time="20.118"><failure message="requests.exceptions.ReadTimeout: HTTPSConnectionPool(host='japap-refactor.preview.emergentagent.com', port=443): Read timed out. (read timeout=20)">E   TimeoutError: The read operation timed out

The above exception was the direct cause of the following exception:
E   urllib3.exceptions.ReadTimeoutError: HTTPSConnectionPool(host='japap-refactor.preview.emergentagent.com', port=443): Read timed out. (read timeout=20)

During handling of the above exception, another exception occurred:
E   requests.exceptions.ReadTimeout: HTTPSConnectionPool(host='japap-refactor.preview.emergentagent.com', port=443): Read timed out. (read timeout=20)</failure></testcase><testcase classname="backend.tests.test_og_preview_iter212.TestOgPreviewHappyPath" name="test_second_call_hits_cache" time="20.088"><failure message="requests.exceptions.ReadTimeout: HTTPSConnectionPool(host='japap-refactor.preview.emergentagent.com', port=443): Read timed out. (read timeout=20)">E   TimeoutError: The read operation timed out

The above exception was the direct cause of the following exception:
E   urllib3.exceptions.ReadTimeoutError: HTTPSConnectionPool(host='japap-refactor.preview.emergentagent.com', port=443): Read timed out. (read timeout=20)

During handling of the above exception, another exception occurred:
E   requests.exceptions.ReadTimeout: HTTPSConnectionPool(host='japap-refactor.preview.emergentagent.com', port=443): Read timed out. (read timeout=20)</failure></testcase><testcase classname="backend.tests.test_og_preview_iter212.TestOgPreviewSSRF" name="test_private_ips_blocked[http://localhost/]" time="30.154"><failure message="requests.exceptions.ReadTimeout: HTTPSConnectionPool(host='japap-refactor.preview.emergentagent.com', port=443): Read timed out. (read timeout=30)">E   TimeoutError: The read operation timed out

The above exception was the direct cause of the following exception:
E   urllib3.exceptions.ReadTimeoutError: HTTPSConnectionPool(host='japap-refactor.preview.emergentagent.com', port=443): Read timed out. (read timeout=30)

During handling of the above exception, another exception occurred:
E   requests.exceptions.ReadTimeout: HTTPSConnectionPool(host='japap-refactor.preview.emergentagent.com', port=443): Read timed out. (read timeout=30)</failure></testcase><testcase classname="backend.tests.test_og_preview_iter212.TestOgPreviewSSRF" name="test_private_ips_blocked[http://127.0.0.1/]" time="10.516" /><testcase classname="backend.tests.test_og_preview_iter212.TestOgPreviewSSRF" name="test_private_ips_blocked[http://10.0.0.1/]" time="0.246" /><testcase classname="backend.tests.test_og_preview_iter212.TestOgPreviewSSRF" name="test_private_ips_blocked[http://192.168.1.1/]" time="0.121" /><testcase classname="backend.tests.test_og_preview_iter212.TestOgPreviewSSRF" name="test_private_ips_blocked[http://169.254.169.254/latest/meta-data/]" time="0.111" /><testcase classname="backend.tests.test_og_preview_iter212.TestOgPreviewSSRF" name="test_private_ips_blocked[http://0.0.0.0/]" time="0.106" /><testcase classname="backend.tests.test_og_preview_iter212.TestOgPreviewSSRF" name="test_private_ips_blocked[http://[::1]/]" time="0.176" /><testcase classname="backend.tests.test_og_preview_iter212.TestOgPreviewSSRF" name="test_non_http_schemes_blocked[ftp://example.com/]" time="0.109" /><testcase classname="backend.tests.test_og_preview_iter212.TestOgPreviewSSRF" name="test_non_http_schemes_blocked[file:///etc/passwd]" time="0.116" /><testcase classname="backend.tests.test_og_preview_iter212.TestOgPreviewSSRF" name="test_non_http_schemes_blocked[javascript:alert(1)]" time="0.111" /><testcase classname="backend.tests.test_og_preview_iter212.TestOgPreviewBatch" name="test_batch_returns_list" time="0.752" /><testcase classname="backend.tests.test_og_preview_iter212.TestOgPreviewBatch" name="test_batch_caps_at_eight" time="1.359" /><testcase classname="backend.tests.test_og_preview_iter212.TestOgPreviewGraceful" name="test_unknown_host_returns_fallback" time="0.149" /><testcase classname="backend.tests.test_og_preview_iter212.TestOgPreviewGraceful" name="test_non_html_content_returns_fallback" time="0.681" /><testcase classname="backend.tests.test_og_preview_iter212.TestOgPreviewGraceful" name="test_404_returns_fallback" time="0.653" /></testsuite></testsuites>