<?xml version="1.0" encoding="utf-8"?><testsuites name="pytest tests"><testsuite name="pytest" errors="0" failures="0" skipped="0" tests="45" time="4.667" timestamp="2026-04-21T16:38:30.749968+00:00" hostname="agent-env-8b343572-668a-4145-bfbd-eff93a871360"><testcase classname="backend.tests.test_iteration38_groups_pages_stats_reactions.TestGroups" name="test_create_group_public" time="0.558" /><testcase classname="backend.tests.test_iteration38_groups_pages_stats_reactions.TestGroups" name="test_create_group_private" time="0.057" /><testcase classname="backend.tests.test_iteration38_groups_pages_stats_reactions.TestGroups" name="test_create_group_empty_name_400" time="0.052" /><testcase classname="backend.tests.test_iteration38_groups_pages_stats_reactions.TestGroups" name="test_create_group_invalid_privacy_400" time="0.051" /><testcase classname="backend.tests.test_iteration38_groups_pages_stats_reactions.TestGroups" name="test_list_groups" time="0.052" /><testcase classname="backend.tests.test_iteration38_groups_pages_stats_reactions.TestGroups" name="test_list_groups_mine" time="0.055" /><testcase classname="backend.tests.test_iteration38_groups_pages_stats_reactions.TestGroups" name="test_group_detail" time="0.060" /><testcase classname="backend.tests.test_iteration38_groups_pages_stats_reactions.TestGroups" name="test_group_detail_unknown_404" time="0.050" /><testcase classname="backend.tests.test_iteration38_groups_pages_stats_reactions.TestGroups" name="test_join_group_idempotent" time="0.508" /><testcase classname="backend.tests.test_iteration38_groups_pages_stats_reactions.TestGroups" name="test_owner_cannot_leave" time="0.051" /><testcase classname="backend.tests.test_iteration38_groups_pages_stats_reactions.TestGroups" name="test_member_can_leave_then_rejoin" time="0.108" /><testcase classname="backend.tests.test_iteration38_groups_pages_stats_reactions.TestGroups" name="test_members_list" time="0.051" /><testcase classname="backend.tests.test_iteration38_groups_pages_stats_reactions.TestGroups" name="test_create_group_post_as_member" time="0.054" /><testcase classname="backend.tests.test_iteration38_groups_pages_stats_reactions.TestGroups" name="test_create_group_post_non_member_403" time="0.429" /><testcase classname="backend.tests.test_iteration38_groups_pages_stats_reactions.TestGroups" name="test_public_group_posts_visible_to_non_members" time="0.426" /><testcase classname="backend.tests.test_iteration38_groups_pages_stats_reactions.TestGroups" name="test_private_group_posts_403_for_outsider" time="0.052" /><testcase classname="backend.tests.test_iteration38_groups_pages_stats_reactions.TestGroups" name="test_private_group_posts_ok_for_owner" time="0.088" /><testcase classname="backend.tests.test_iteration38_groups_pages_stats_reactions.TestPages" name="test_create_page" time="0.057" /><testcase classname="backend.tests.test_iteration38_groups_pages_stats_reactions.TestPages" name="test_create_page_empty_name_400" time="0.051" /><testcase classname="backend.tests.test_iteration38_groups_pages_stats_reactions.TestPages" name="test_list_pages" time="0.058" /><testcase classname="backend.tests.test_iteration38_groups_pages_stats_reactions.TestPages" name="test_page_detail_owner" time="0.054" /><testcase classname="backend.tests.test_iteration38_groups_pages_stats_reactions.TestPages" name="test_page_detail_unknown_404" time="0.050" /><testcase classname="backend.tests.test_iteration38_groups_pages_stats_reactions.TestPages" name="test_follow_unfollow" time="0.153" /><testcase classname="backend.tests.test_iteration38_groups_pages_stats_reactions.TestPages" name="test_owner_can_post" time="0.061" /><testcase classname="backend.tests.test_iteration38_groups_pages_stats_reactions.TestPages" name="test_non_owner_cannot_post_403" time="0.050" /><testcase classname="backend.tests.test_iteration38_groups_pages_stats_reactions.TestPages" name="test_page_posts_listing" time="0.053" /><testcase classname="backend.tests.test_iteration38_groups_pages_stats_reactions.TestShareDelivery" name="test_share_to_group_member_ok" time="0.120" /><testcase classname="backend.tests.test_iteration38_groups_pages_stats_reactions.TestShareDelivery" name="test_share_to_group_non_member_403" time="0.054" /><testcase classname="backend.tests.test_iteration38_groups_pages_stats_reactions.TestShareDelivery" name="test_share_to_page_owner_ok" time="0.058" /><testcase classname="backend.tests.test_iteration38_groups_pages_stats_reactions.TestShareDelivery" name="test_share_to_page_non_owner_403" time="0.054" /><testcase classname="backend.tests.test_iteration38_groups_pages_stats_reactions.TestShareDelivery" name="test_share_to_unknown_page_404" time="0.056" /><testcase classname="backend.tests.test_iteration38_groups_pages_stats_reactions.TestReactions" name="test_react_emoji" time="0.109" /><testcase classname="backend.tests.test_iteration38_groups_pages_stats_reactions.TestReactions" name="test_react_replaces_previous" time="0.059" /><testcase classname="backend.tests.test_iteration38_groups_pages_stats_reactions.TestReactions" name="test_unsupported_emoji_400" time="0.058" /><testcase classname="backend.tests.test_iteration38_groups_pages_stats_reactions.TestReactions" name="test_get_reactions" time="0.053" /><testcase classname="backend.tests.test_iteration38_groups_pages_stats_reactions.TestReactions" name="test_delete_reaction" time="0.105" /><testcase classname="backend.tests.test_iteration38_groups_pages_stats_reactions.TestAdminStats" name="test_overview_admin_only" time="0.057" /><testcase classname="backend.tests.test_iteration38_groups_pages_stats_reactions.TestAdminStats" name="test_overview" time="0.059" /><testcase classname="backend.tests.test_iteration38_groups_pages_stats_reactions.TestAdminStats" name="test_content_periods[day]" time="0.054" /><testcase classname="backend.tests.test_iteration38_groups_pages_stats_reactions.TestAdminStats" name="test_content_periods[week]" time="0.052" /><testcase classname="backend.tests.test_iteration38_groups_pages_stats_reactions.TestAdminStats" name="test_content_periods[month]" time="0.066" /><testcase classname="backend.tests.test_iteration38_groups_pages_stats_reactions.TestAdminStats" name="test_content_periods[year]" time="0.074" /><testcase classname="backend.tests.test_iteration38_groups_pages_stats_reactions.TestAdminStats" name="test_content_invalid_period_400" time="0.051" /><testcase classname="backend.tests.test_iteration38_groups_pages_stats_reactions.TestAdminStats" name="test_engagement" time="0.058" /><testcase classname="backend.tests.test_iteration38_groups_pages_stats_reactions.TestAdminStats" name="test_top" time="0.055" /></testsuite></testsuites>