<?xml version="1.0" encoding="utf-8"?><testsuites name="pytest tests"><testsuite name="pytest" errors="0" failures="0" skipped="1" tests="9" time="15.381" timestamp="2026-05-07T20:20:01.664397+00:00" hostname="agent-env-8b343572-668a-4145-bfbd-eff93a871360"><testcase classname="tests.test_iter237o_dcq_paid_pool.TestPoolPlaceholders" name="test_no_placeholder_in_active_pool" time="1.301" /><testcase classname="tests.test_iter237o_dcq_paid_pool.TestPaidConfig" name="test_config_returns_score_pct" time="5.237" /><testcase classname="tests.test_iter237o_dcq_paid_pool.TestPaidStartRealQuestions" name="test_bob_start_returns_real_questions" time="2.110"><skipped type="pytest.skip" message="Bob already played today: {&quot;detail&quot;:&quot;Déjà joué aujourd'hui. Revenez demain !&quot;}">/app/tests/test_iter237o_dcq_paid_pool.py:119: Bob already played today: {"detail":"Déjà joué aujourd'hui. Revenez demain !"}</skipped></testcase><testcase classname="tests.test_iter237o_dcq_paid_pool.TestBackendStability" name="test_health_5x_under_3s_each" time="2.870" /><testcase classname="tests.test_iter237o_dcq_paid_pool.TestLegalRegression" name="test_legal_status" time="0.715" /><testcase classname="tests.test_iter237o_dcq_paid_pool.TestLegalRegression" name="test_legal_accept_idempotent[accept-cgu]" time="0.931" /><testcase classname="tests.test_iter237o_dcq_paid_pool.TestLegalRegression" name="test_legal_accept_idempotent[accept-cgje]" time="0.936" /><testcase classname="tests.test_iter237o_dcq_paid_pool.TestLegalRegression" name="test_legal_accept_idempotent[accept-privacy]" time="0.931" /><testcase classname="tests.test_iter237o_dcq_paid_pool.TestLegalRegression" name="test_public_cgu_page" time="0.254" /></testsuite></testsuites>