<?xml version="1.0" encoding="utf-8"?><testsuites name="pytest tests"><testsuite name="pytest" errors="0" failures="0" skipped="0" tests="3" time="10.422" timestamp="2026-04-21T23:46:40.962098+00:00" hostname="agent-env-8b343572-668a-4145-bfbd-eff93a871360"><testcase classname="tests.test_iteration57_sprintD_ai_pipeline" name="test_r2_health" time="1.141" /><testcase classname="tests.test_iteration57_sprintD_ai_pipeline" name="test_run_ai_pipeline_end_to_end" time="8.862" /><testcase classname="tests.test_iteration57_sprintD_ai_pipeline" name="test_get_summary_endpoint_returns_ready" time="0.356" /></testsuite></testsuites>