<?xml version="1.0" encoding="utf-8"?><testsuites name="pytest tests"><testsuite name="pytest" errors="0" failures="1" skipped="0" tests="3" time="48.053" timestamp="2026-05-06T01:39:44.034099+00:00" hostname="agent-env-8b343572-668a-4145-bfbd-eff93a871360"><testcase classname="backend.tests.test_iter232_double_validation" name="test_m2a_allow_double_create_locks_2x" time="19.607" /><testcase classname="backend.tests.test_iter232_double_validation" name="test_m2b_bob_accept_no_double_refunds_alice_excess" time="15.201" /><testcase classname="backend.tests.test_iter232_double_validation" name="test_m2c_bob_accept_with_double" time="13.133"><failure message="AssertionError: claim double: 500 {&quot;detail&quot;:&quot;Une erreur est survenue. L'équipe JAPAP a été notifiée.&quot;}&#10;assert 500 == 200&#10; +  where 500 = &lt;Response [500]&gt;.status_code">backend/tests/test_iter232_double_validation.py:175: in test_m2c_bob_accept_with_double
    assert r.status_code == 200, f"claim double: {r.status_code} {r.text[:300]}"
E   AssertionError: claim double: 500 {"detail":"Une erreur est survenue. L'équipe JAPAP a été notifiée."}
E   assert 500 == 200
E    +  where 500 = &lt;Response [500]&gt;.status_code</failure></testcase></testsuite></testsuites>