<?xml version="1.0" encoding="utf-8"?><testsuites name="pytest tests"><testsuite name="pytest" errors="0" failures="2" skipped="1" tests="12" time="136.332" timestamp="2026-05-13T03:21:30.642296+00:00" hostname="agent-env-8b343572-668a-4145-bfbd-eff93a871360"><testcase classname="tests.test_iter239x_jury" name="test_vote_unauth_returns_401_login_required" time="96.522" /><testcase classname="tests.test_iter239x_jury" name="test_admin_grant_idempotent" time="4.640"><failure message="AssertionError: assert None == 'user_a1b203440a53'&#10; +  where None = &lt;built-in method get of dict object at 0xfb83ed9cb440&gt;('user_id')&#10; +    where &lt;built-in method get of dict object at 0xfb83ed9cb440&gt; = {'membership': {'awarded_cycle_id': 'cycle_38b7dc325828', 'awarded_cycle_number': 3, 'expires_at_cycle_number': None, 'jury_id': 'jury_198c4421c61a47', ...}, 'ok': True}.get">tests/test_iter239x_jury.py:152: in test_admin_grant_idempotent
    assert m1.get("user_id") == bob_id
E   AssertionError: assert None == 'user_a1b203440a53'
E    +  where None = &lt;built-in method get of dict object at 0xfb83ed9cb440&gt;('user_id')
E    +    where &lt;built-in method get of dict object at 0xfb83ed9cb440&gt; = {'membership': {'awarded_cycle_id': 'cycle_38b7dc325828', 'awarded_cycle_number': 3, 'expires_at_cycle_number': None, 'jury_id': 'jury_198c4421c61a47', ...}, 'ok': True}.get</failure></testcase><testcase classname="tests.test_iter239x_jury" name="test_admin_revoke_404_when_no_membership" time="1.537" /><testcase classname="tests.test_iter239x_jury" name="test_jury_me_and_members_visibility" time="6.833" /><testcase classname="tests.test_iter239x_jury" name="test_authenticated_non_jury_vote_weight_1" time="5.550" /><testcase classname="tests.test_iter239x_jury" name="test_jury_vote_weight_scales" time="11.706"><skipped type="pytest.skip" message="voter already voted this cycle: {'detail': 'Tu as déjà voté pour ce projet.'}">/app/backend/tests/test_iter239x_jury.py:282: voter already voted this cycle: {'detail': 'Tu as déjà voté pour ce projet.'}</skipped></testcase><testcase classname="tests.test_iter239x_jury" name="test_admin_jury_list" time="0.884" /><testcase classname="tests.test_iter239x_jury" name="test_jury_certificate_png" time="3.685" /><testcase classname="tests.test_iter239x_jury" name="test_admin_settings_jury_fields" time="4.830" /><testcase classname="tests.test_iter239x_jury" name="test_sw_version_v19_iter239x" time="0.000" /><testcase classname="tests.test_iter239x_jury" name="test_i18n_crowdfunding_vote_jury_keys" time="0.002" /><testcase classname="tests.test_iter239x_jury" name="test_i18n_pwa_keys" time="0.002"><failure message="AssertionError: pwa i18n missing: {'fr': ['refresh_btn', 'refreshing', 'refresh_tooltip', 'update_available_short', 'last_refresh'], 'en': ['refresh_btn', 'refreshing', 'refresh_tooltip', 'update_available_short', 'last_refresh'], 'es': ['refresh_btn', 'refreshing', 'refresh_tooltip', 'update_available_short', 'last_refresh'], 'ar': ['refresh_btn', 'refreshing', 'refresh_tooltip', 'update_available_short', 'last_refresh']}&#10;assert not {'ar': ['refresh_btn', 'refreshing', 'refresh_tooltip', 'update_available_short', 'last_refresh'], 'en': ['refresh_btn', 'refreshing', 'refresh_tooltip', 'update_available_short', 'last_refresh'], 'es': ['refresh_btn', 'refreshing', 'refresh_tooltip', 'update_available_short', 'last_refresh'], 'fr': ['refresh_btn', 'refreshing', 'refresh_tooltip', 'update_available_short', 'last_refresh']}">tests/test_iter239x_jury.py:393: in test_i18n_pwa_keys
    assert not missing, f"pwa i18n missing: {missing}"
E   AssertionError: pwa i18n missing: {'fr': ['refresh_btn', 'refreshing', 'refresh_tooltip', 'update_available_short', 'last_refresh'], 'en': ['refresh_btn', 'refreshing', 'refresh_tooltip', 'update_available_short', 'last_refresh'], 'es': ['refresh_btn', 'refreshing', 'refresh_tooltip', 'update_available_short', 'last_refresh'], 'ar': ['refresh_btn', 'refreshing', 'refresh_tooltip', 'update_available_short', 'last_refresh']}
E   assert not {'ar': ['refresh_btn', 'refreshing', 'refresh_tooltip', 'update_available_short', 'last_refresh'], 'en': ['refresh_btn', 'refreshing', 'refresh_tooltip', 'update_available_short', 'last_refresh'], 'es': ['refresh_btn', 'refreshing', 'refresh_tooltip', 'update_available_short', 'last_refresh'], 'fr': ['refresh_btn', 'refreshing', 'refresh_tooltip', 'update_available_short', 'last_refresh']}</failure></testcase></testsuite></testsuites>