<?xml version="1.0" encoding="utf-8"?><testsuites name="pytest tests"><testsuite name="pytest" errors="0" failures="0" skipped="0" tests="4" time="205.571" timestamp="2026-05-05T17:02:19.733984+00:00" hostname="agent-env-8b343572-668a-4145-bfbd-eff93a871360"><testcase classname="tests.test_iter225_e2e" name="test_get_challenge_enriched_contract" time="199.156" /><testcase classname="tests.test_iter225_e2e" name="test_create_challenge_below_min" time="3.895" /><testcase classname="tests.test_iter225_e2e" name="test_create_challenge_above_max" time="0.948" /><testcase classname="tests.test_iter225_e2e" name="test_create_challenge_free_mode_regression" time="1.476" /></testsuite></testsuites>