<?xml version="1.0" encoding="utf-8"?><testsuites name="pytest tests"><testsuite name="pytest" errors="0" failures="0" skipped="0" tests="13" time="7.345" timestamp="2026-04-20T21:46:28.313112+00:00" hostname="agent-env-8b343572-668a-4145-bfbd-eff93a871360"><testcase classname="backend.tests.test_iteration20_preferences" name="test_login_response_includes_preferred_lang" time="0.449" /><testcase classname="backend.tests.test_iteration20_preferences" name="test_login_admin_includes_preferred_lang" time="0.334" /><testcase classname="backend.tests.test_iteration20_preferences" name="test_me_includes_preferred_lang" time="0.149" /><testcase classname="backend.tests.test_iteration20_preferences" name="test_set_preferred_lang_fr" time="0.256" /><testcase classname="backend.tests.test_iteration20_preferences" name="test_set_preferred_lang_en" time="0.241" /><testcase classname="backend.tests.test_iteration20_preferences" name="test_set_unsupported_lang_returns_400" time="0.132" /><testcase classname="backend.tests.test_iteration20_preferences" name="test_set_empty_lang_disables" time="0.250" /><testcase classname="backend.tests.test_iteration20_preferences" name="test_unauthenticated_preferences_blocked" time="0.119" /><testcase classname="backend.tests.test_iteration20_preferences" name="test_supported_langs_all_accepted" time="0.922" /><testcase classname="backend.tests.test_iteration20_preferences" name="test_restore_bob_to_fr" time="0.129" /><testcase classname="backend.tests.test_iteration20_preferences" name="test_translate_fresh" time="4.015" /><testcase classname="backend.tests.test_iteration20_preferences" name="test_translate_cached" time="0.138" /><testcase classname="backend.tests.test_iteration20_preferences" name="test_supported_languages_endpoint" time="0.135" /></testsuite></testsuites>