<?xml version="1.0" encoding="utf-8"?><testsuites name="pytest tests"><testsuite name="pytest" errors="0" failures="0" skipped="1" tests="28" time="57.811" timestamp="2026-04-25T03:10:00.318146+00:00" hostname="agent-env-8b343572-668a-4145-bfbd-eff93a871360"><testcase classname="backend.tests.test_iter107_admin_games_leaderboard.TestAdminQuizConfig" name="test_get_requires_admin" time="1.517" /><testcase classname="backend.tests.test_iter107_admin_games_leaderboard.TestAdminQuizConfig" name="test_get_admin_ok" time="1.434" /><testcase classname="backend.tests.test_iter107_admin_games_leaderboard.TestAdminQuizConfig" name="test_put_rejects_non_admin" time="0.376" /><testcase classname="backend.tests.test_iter107_admin_games_leaderboard.TestAdminQuizConfig" name="test_put_out_of_bounds" time="0.386" /><testcase classname="backend.tests.test_iter107_admin_games_leaderboard.TestAdminQuizConfig" name="test_put_unknown_key_rejected" time="0.371" /><testcase classname="backend.tests.test_iter107_admin_games_leaderboard.TestAdminQuizConfig" name="test_put_partial_update_and_persistence" time="3.440" /><testcase classname="backend.tests.test_iter107_admin_games_leaderboard.TestAdminQuizConfig" name="test_put_bool_roundtrip" time="3.441" /><testcase classname="backend.tests.test_iter107_admin_games_leaderboard.TestAdminTapConfig" name="test_get_admin_ok" time="1.998" /><testcase classname="backend.tests.test_iter107_admin_games_leaderboard.TestAdminTapConfig" name="test_get_requires_admin" time="0.374" /><testcase classname="backend.tests.test_iter107_admin_games_leaderboard.TestAdminTapConfig" name="test_put_thresholds_malformed_rejected" time="0.371" /><testcase classname="backend.tests.test_iter107_admin_games_leaderboard.TestAdminTapConfig" name="test_put_thresholds_must_be_list" time="0.052" /><testcase classname="backend.tests.test_iter107_admin_games_leaderboard.TestAdminTapConfig" name="test_put_thresholds_ok_and_revert" time="3.491" /><testcase classname="backend.tests.test_iter107_admin_games_leaderboard.TestAdminTapConfig" name="test_put_out_of_bounds_tap" time="0.377" /><testcase classname="backend.tests.test_iter107_admin_games_leaderboard.TestQuizIntegration" name="test_start_respects_enabled_flag" time="2.795" /><testcase classname="backend.tests.test_iter107_admin_games_leaderboard.TestQuizIntegration" name="test_start_returns_admin_timer" time="5.782" /><testcase classname="backend.tests.test_iter107_admin_games_leaderboard.TestQuizIntegration" name="test_start_respects_sessions_per_day_limit" time="6.979" /><testcase classname="backend.tests.test_iter107_admin_games_leaderboard.TestTapIntegration" name="test_start_respects_enabled_flag" time="2.804" /><testcase classname="backend.tests.test_iter107_admin_games_leaderboard.TestTapIntegration" name="test_start_returns_admin_duration" time="4.659"><skipped type="pytest.skip" message="Alice already played tap today — not flushing (no admin reset endpoint safe)">/app/backend/tests/test_iter107_admin_games_leaderboard.py:297: Alice already played tap today — not flushing (no admin reset endpoint safe)</skipped></testcase><testcase classname="backend.tests.test_iter107_admin_games_leaderboard.TestTapIntegration" name="test_submit_caps_and_flags_cheated" time="8.172" /><testcase classname="backend.tests.test_iter107_admin_games_leaderboard.TestGamesLeaderboard" name="test_requires_auth" time="0.132" /><testcase classname="backend.tests.test_iter107_admin_games_leaderboard.TestGamesLeaderboard" name="test_default_scope_global" time="1.152" /><testcase classname="backend.tests.test_iter107_admin_games_leaderboard.TestGamesLeaderboard" name="test_scope_country_defaults_to_user_country" time="1.150" /><testcase classname="backend.tests.test_iter107_admin_games_leaderboard.TestGamesLeaderboard" name="test_game_filter_quiz" time="1.150" /><testcase classname="backend.tests.test_iter107_admin_games_leaderboard.TestGamesLeaderboard" name="test_items_shape" time="1.150" /><testcase classname="backend.tests.test_iter107_admin_games_leaderboard.TestReferralsLeaderboard" name="test_requires_auth" time="0.047" /><testcase classname="backend.tests.test_iter107_admin_games_leaderboard.TestReferralsLeaderboard" name="test_default_global" time="1.804" /><testcase classname="backend.tests.test_iter107_admin_games_leaderboard.TestReferralsLeaderboard" name="test_scope_country_default_country" time="1.153" /><testcase classname="backend.tests.test_iter107_admin_games_leaderboard.TestReferralsLeaderboard" name="test_me_dual_rank" time="1.165" /></testsuite></testsuites>