<?xml version="1.0" encoding="utf-8"?><testsuites name="pytest tests"><testsuite name="pytest" errors="0" failures="2" skipped="0" tests="4" time="92.575" timestamp="2026-05-06T01:35:51.994831+00:00" hostname="agent-env-8b343572-668a-4145-bfbd-eff93a871360"><testcase classname="backend.tests.test_iter232_double_validation" name="test_m1_bob_quiz_tx_currency_is_usd" time="51.662" /><testcase classname="backend.tests.test_iter232_double_validation" name="test_m2a_allow_double_create_locks_2x" time="20.250" /><testcase classname="backend.tests.test_iter232_double_validation" name="test_m2b_bob_accept_no_double_refunds_alice_excess" time="7.382"><failure message="AssertionError: claim: 500 {&quot;detail&quot;:&quot;Une erreur est survenue. L'équipe JAPAP a été notifiée.&quot;}&#10;assert 500 == 200&#10; +  where 500 = &lt;Response [500]&gt;.status_code">backend/tests/test_iter232_double_validation.py:143: in test_m2b_bob_accept_no_double_refunds_alice_excess
    assert r.status_code == 200, f"claim: {r.status_code} {r.text[:300]}"
E   AssertionError: claim: 500 {"detail":"Une erreur est survenue. L'équipe JAPAP a été notifiée."}
E   assert 500 == 200
E    +  where 500 = &lt;Response [500]&gt;.status_code</failure></testcase><testcase classname="backend.tests.test_iter232_double_validation" name="test_m2c_bob_accept_with_double" time="13.170"><failure message="AssertionError: claim double: 500 {&quot;detail&quot;:&quot;Une erreur est survenue. L'équipe JAPAP a été notifiée.&quot;}&#10;assert 500 == 200&#10; +  where 500 = &lt;Response [500]&gt;.status_code">backend/tests/test_iter232_double_validation.py:175: in test_m2c_bob_accept_with_double
    assert r.status_code == 200, f"claim double: {r.status_code} {r.text[:300]}"
E   AssertionError: claim double: 500 {"detail":"Une erreur est survenue. L'équipe JAPAP a été notifiée."}
E   assert 500 == 200
E    +  where 500 = &lt;Response [500]&gt;.status_code</failure></testcase></testsuite></testsuites>