<?xml version="1.0" encoding="utf-8"?><testsuites name="pytest tests"><testsuite name="pytest" errors="0" failures="1" skipped="0" tests="13" time="99.750" timestamp="2026-04-24T13:34:37.237651+00:00" hostname="agent-env-8b343572-668a-4145-bfbd-eff93a871360"><testcase classname="backend.tests.test_iter87_wallet.TestAdminWalletOverview" name="test_admin_access_shape" time="53.630" /><testcase classname="backend.tests.test_iter87_wallet.TestAdminWalletOverview" name="test_non_admin_denied" time="2.758" /><testcase classname="backend.tests.test_iter87_wallet.TestWalletBasics" name="test_balance_shape" time="0.704" /><testcase classname="backend.tests.test_iter87_wallet.TestWalletBasics" name="test_transactions_pagination" time="0.923" /><testcase classname="backend.tests.test_iter87_wallet.TestWalletSendValidations" name="test_amount_zero" time="2.763" /><testcase classname="backend.tests.test_iter87_wallet.TestWalletSendValidations" name="test_amount_negative" time="0.381" /><testcase classname="backend.tests.test_iter87_wallet.TestWalletSendValidations" name="test_self_transfer" time="0.373" /><testcase classname="backend.tests.test_iter87_wallet.TestWalletSendValidations" name="test_insufficient_balance" time="0.912" /><testcase classname="backend.tests.test_iter87_wallet.TestWalletSendValidations" name="test_unknown_recipient" time="1.131" /><testcase classname="backend.tests.test_iter87_wallet.TestParallelSends" name="test_10_parallel_sends" time="23.202" /><testcase classname="backend.tests.test_iter87_wallet.TestWithdrawKYC" name="test_withdraw_without_kyc" time="3.635" /><testcase classname="backend.tests.test_iter87_wallet.TestDuelRegression" name="test_create_from_tap" time="4.562"><failure message="AssertionError: 400 {&quot;detail&quot;:&quot;Terminez votre session avant de défier un ami.&quot;}&#10;assert 400 in (200, 201)&#10; +  where 400 = &lt;Response [400]&gt;.status_code">E   AssertionError: 400 {"detail":"Terminez votre session avant de défier un ami."}
    assert 400 in (200, 201)
     +  where 400 = &lt;Response [400]&gt;.status_code</failure></testcase><testcase classname="backend.tests.test_iter87_wallet.TestQuizRegression" name="test_quiz_start_shape" time="4.684" /></testsuite></testsuites>