<?xml version="1.0" encoding="utf-8"?><testsuites name="pytest tests"><testsuite name="pytest" errors="0" failures="1" skipped="0" tests="4" time="15.389" timestamp="2026-04-24T13:32:03.299134+00:00" hostname="agent-env-8b343572-668a-4145-bfbd-eff93a871360"><testcase classname="backend.tests.test_iter87_wallet.TestAdminWalletOverview" name="test_admin_access_shape" time="4.812" /><testcase classname="backend.tests.test_iter87_wallet.TestAdminWalletOverview" name="test_non_admin_denied" time="2.769" /><testcase classname="backend.tests.test_iter87_wallet.TestDuelRegression" name="test_create_from_tap" time="3.063"><failure message="AssertionError: 422 {&quot;detail&quot;:[{&quot;type&quot;:&quot;missing&quot;,&quot;loc&quot;:[&quot;body&quot;,&quot;run_id&quot;],&quot;msg&quot;:&quot;Field required&quot;,&quot;input&quot;:{}}]}&#10;assert 422 in (200, 201)&#10; +  where 422 = &lt;Response [422]&gt;.status_code">E   AssertionError: 422 {"detail":[{"type":"missing","loc":["body","run_id"],"msg":"Field required","input":{}}]}
    assert 422 in (200, 201)
     +  where 422 = &lt;Response [422]&gt;.status_code</failure></testcase><testcase classname="backend.tests.test_iter87_wallet.TestQuizRegression" name="test_quiz_start_shape" time="4.681" /></testsuite></testsuites>