<?xml version="1.0" encoding="utf-8"?><testsuites name="pytest tests"><testsuite name="pytest" errors="0" failures="0" skipped="1" tests="26" time="37.590" timestamp="2026-04-28T04:53:28.884310+00:00" hostname="agent-env-8b343572-668a-4145-bfbd-eff93a871360"><testcase classname="tests.test_wallet_usd_canonical.TestBalance" name="test_balance_returns_usd_canonical_fields" time="4.273" /><testcase classname="tests.test_wallet_usd_canonical.TestDisplayCurrency" name="test_accepts_valid[USD]" time="0.760" /><testcase classname="tests.test_wallet_usd_canonical.TestDisplayCurrency" name="test_accepts_valid[LOCAL]" time="0.771" /><testcase classname="tests.test_wallet_usd_canonical.TestDisplayCurrency" name="test_accepts_valid[XAF]" time="0.756" /><testcase classname="tests.test_wallet_usd_canonical.TestDisplayCurrency" name="test_accepts_valid[GHS]" time="0.757" /><testcase classname="tests.test_wallet_usd_canonical.TestDisplayCurrency" name="test_accepts_valid[EUR]" time="0.753" /><testcase classname="tests.test_wallet_usd_canonical.TestDisplayCurrency" name="test_rejects_invalid[123]" time="0.438" /><testcase classname="tests.test_wallet_usd_canonical.TestDisplayCurrency" name="test_rejects_invalid[us]" time="0.430" /><testcase classname="tests.test_wallet_usd_canonical.TestDisplayCurrency" name="test_rejects_invalid[USDT]" time="0.424" /><testcase classname="tests.test_wallet_usd_canonical.TestDisplayCurrency" name="test_rejects_invalid[abcd]" time="0.438" /><testcase classname="tests.test_wallet_usd_canonical.TestDisplayCurrency" name="test_rejects_invalid[$$]" time="0.430" /><testcase classname="tests.test_wallet_usd_canonical.TestConversionPreview" name="test_hubtel_card_usd_to_ghs" time="0.772" /><testcase classname="tests.test_wallet_usd_canonical.TestConversionPreview" name="test_usdt_trc20_one_to_one" time="0.436" /><testcase classname="tests.test_wallet_usd_canonical.TestConversionPreview" name="test_invalid_amount_rejected[-1]" time="0.446" /><testcase classname="tests.test_wallet_usd_canonical.TestConversionPreview" name="test_invalid_amount_rejected[0]" time="0.473" /><testcase classname="tests.test_wallet_usd_canonical.TestConversionPreview" name="test_invalid_amount_rejected[99999]" time="0.433" /><testcase classname="tests.test_wallet_usd_canonical.TestConversionPreview" name="test_invalid_amount_rejected[10001]" time="0.428" /><testcase classname="tests.test_wallet_usd_canonical.TestDepositCreation" name="test_usdt_deposit_persists_canonical_fields" time="1.080"><skipped type="pytest.skip" message="usdt_trc20 disabled in admin settings — skip canonical-fields check">/app/backend/tests/test_wallet_usd_canonical.py:166: usdt_trc20 disabled in admin settings — skip canonical-fields check</skipped></testcase><testcase classname="tests.test_wallet_usd_canonical.TestDepositCreation" name="test_hubtel_deposit_persists_provider_conversion" time="5.733" /><testcase classname="tests.test_wallet_usd_canonical.TestDepositCreation" name="test_deposit_status_endpoint" time="3.588" /><testcase classname="tests.test_wallet_usd_canonical.TestAdminManualApprovalDisabled" name="test_admin_approve_returns_410" time="5.408" /><testcase classname="tests.test_wallet_usd_canonical.TestAdminManualApprovalDisabled" name="test_admin_reject_returns_410" time="2.895" /><testcase classname="tests.test_wallet_usd_canonical.TestAdminManualApprovalDisabled" name="test_admin_validate_endpoint_does_not_exist" time="0.331" /><testcase classname="tests.test_wallet_usd_canonical.TestDbSanity" name="test_all_wallets_currency_usd" time="0.997" /><testcase classname="tests.test_wallet_usd_canonical.TestDbSanity" name="test_worker_has_24h_ttl_logic" time="0.000" /><testcase classname="tests.test_wallet_usd_canonical.TestTransactionsListing" name="test_transactions_returns_amount_usd_and_display_amount" time="4.248" /></testsuite></testsuites>