<?xml version="1.0" encoding="utf-8"?><testsuites name="pytest tests"><testsuite name="pytest" errors="0" failures="0" skipped="1" tests="9" time="70.857" timestamp="2026-05-04T21:00:14.103254+00:00" hostname="agent-env-8b343572-668a-4145-bfbd-eff93a871360"><testcase classname="backend.tests.test_kyc_iter214" name="test_admin_pending_returns_db_backed_urls" time="54.397" /><testcase classname="backend.tests.test_kyc_iter214" name="test_admin_history_basic" time="2.454" /><testcase classname="backend.tests.test_kyc_iter214" name="test_admin_history_filter_status_approved" time="2.504" /><testcase classname="backend.tests.test_kyc_iter214" name="test_admin_history_filter_status_rejected" time="2.474" /><testcase classname="backend.tests.test_kyc_iter214" name="test_admin_history_search" time="2.480" /><testcase classname="backend.tests.test_kyc_iter214" name="test_admin_image_unauth_401" time="0.170" /><testcase classname="backend.tests.test_kyc_iter214" name="test_admin_image_invalid_variant_400" time="0.425" /><testcase classname="backend.tests.test_kyc_iter214" name="test_admin_image_legacy_returns_410_or_404" time="0.720" /><testcase classname="backend.tests.test_kyc_iter214" name="test_submit_and_admin_image_persists_after_disk_wipe" time="5.132"><skipped type="pytest.skip" message="submit blocked: 400 {&quot;detail&quot;:&quot;Une soumission est déjà en cours d'examen.&quot;}">/app/backend/tests/test_kyc_iter214.py:155: submit blocked: 400 {"detail":"Une soumission est déjà en cours d'examen."}</skipped></testcase></testsuite></testsuites>