<?xml version="1.0" encoding="utf-8"?><testsuites name="pytest tests"><testsuite name="pytest" errors="0" failures="1" skipped="0" tests="25" time="190.437" timestamp="2026-04-24T18:05:16.126749+00:00" hostname="agent-env-8b343572-668a-4145-bfbd-eff93a871360"><testcase classname="tests.test_iter93_go_live.TestHealth" name="test_health" time="117.887" /><testcase classname="tests.test_iter93_go_live.TestCalls" name="test_session_creates_livekit_room" time="7.475" /><testcase classname="tests.test_iter93_go_live.TestCalls" name="test_token_mint_jwt_hs256" time="1.673" /><testcase classname="tests.test_iter93_go_live.TestCalls" name="test_end_call_flow" time="1.872" /><testcase classname="tests.test_iter93_go_live.TestCalls" name="test_self_call_rejected" time="0.386" /><testcase classname="tests.test_iter93_go_live.TestAuthFullFlow" name="test_register_verify_login_logout" time="9.307" /><testcase classname="tests.test_iter93_go_live.TestDeposit" name="test_hubtel_checkout_url" time="4.437" /><testcase classname="tests.test_iter93_go_live.TestDeposit" name="test_nowpayments_checkout_url" time="3.892" /><testcase classname="tests.test_iter93_go_live.TestDeposit" name="test_hubtel_webhook_invalid_signature_rejected" time="3.839" /><testcase classname="tests.test_iter93_go_live.TestDeposit" name="test_nowpayments_webhook_invalid_signature_rejected" time="1.262" /><testcase classname="tests.test_iter93_go_live.TestWithdraw" name="test_withdraw_without_kyc_blocked" time="4.202" /><testcase classname="tests.test_iter93_go_live.TestWithdraw" name="test_admin_withdrawals_queue" time="1.142" /><testcase classname="tests.test_iter93_go_live.TestGames" name="test_wheel_status" time="2.021" /><testcase classname="tests.test_iter93_go_live.TestGames" name="test_wheel_spin_credits_points_or_429" time="2.341" /><testcase classname="tests.test_iter93_go_live.TestGames" name="test_quiz_start" time="1.794" /><testcase classname="tests.test_iter93_go_live.TestGames" name="test_tap_status" time="1.813" /><testcase classname="tests.test_iter93_go_live.TestGames" name="test_duel_self_blocked" time="0.050" /><testcase classname="tests.test_iter93_go_live.TestPro" name="test_pro_plans_shape" time="7.333" /><testcase classname="tests.test_iter93_go_live.TestPro" name="test_pro_subscribe_insufficient_balance" time="2.557" /><testcase classname="tests.test_iter93_go_live.TestConnect" name="test_hotspots_list" time="0.707" /><testcase classname="tests.test_iter93_go_live.TestConnect" name="test_share_requires_business_pro" time="0.053" /><testcase classname="tests.test_iter93_go_live.TestMessenger" name="test_conversations_list" time="0.711" /><testcase classname="tests.test_iter93_go_live.TestMessenger" name="test_send_and_list" time="0.051" /><testcase classname="tests.test_iter93_go_live.TestTurnstile" name="test_turnstile_settings_present" time="0.816"><failure message="Failed: TURNSTILE NOT FULLY CONFIGURED FOR GO-LIVE: wheel_turnstile_enabled=False, site_key_present=False, secret_present=False. This is BLOCKING per iter93 review brief.">E   Failed: TURNSTILE NOT FULLY CONFIGURED FOR GO-LIVE: wheel_turnstile_enabled=False, site_key_present=False, secret_present=False. This is BLOCKING per iter93 review brief.</failure></testcase><testcase classname="tests.test_iter93_go_live.TestZZPasswordReset" name="test_forgot_reset_flow" time="12.697" /></testsuite></testsuites>