<?xml version="1.0" encoding="utf-8"?><testsuites name="pytest tests"><testsuite name="pytest" errors="0" failures="1" skipped="0" tests="7" time="204.254" timestamp="2026-05-05T23:48:06.730973+00:00" hostname="agent-env-8b343572-668a-4145-bfbd-eff93a871360"><testcase classname="backend.tests.test_iter231_open_challenge" name="test_p0_open_challenge_free_can_play_after_create" time="15.730" /><testcase classname="backend.tests.test_iter231_open_challenge" name="test_p1_paid_open_charlie_returns_402_with_gap" time="5.251" /><testcase classname="backend.tests.test_iter231_open_challenge" name="test_e2e_resolution_payload" time="24.211" /><testcase classname="backend.tests.test_iter231_open_challenge" name="test_e2e_alice_lock_present" time="10.986" /><testcase classname="backend.tests.test_iter231_open_challenge" name="test_e2e_bob_lock_present" time="62.667" /><testcase classname="backend.tests.test_iter231_open_challenge" name="test_e2e_release_or_refund_present" time="73.520" /><testcase classname="backend.tests.test_iter231_open_challenge" name="test_regression_champion_pending_flow_unchanged" time="11.778"><failure message="AssertionError: champion challenge failed: 409 {&quot;detail&quot;:&quot;Un défi ouvert existe déjà avec ce champion.&quot;}&#10;assert 409 == 200&#10; +  where 409 = &lt;Response [409]&gt;.status_code">backend/tests/test_iter231_open_challenge.py:276: in test_regression_champion_pending_flow_unchanged
    assert r.status_code == 200, f"champion challenge failed: {r.status_code} {r.text[:300]}"
E   AssertionError: champion challenge failed: 409 {"detail":"Un défi ouvert existe déjà avec ce champion."}
E   assert 409 == 200
E    +  where 409 = &lt;Response [409]&gt;.status_code</failure></testcase></testsuite></testsuites>