<?xml version="1.0" encoding="utf-8"?><testsuites name="pytest tests"><testsuite name="pytest" errors="0" failures="0" skipped="0" tests="7" time="31.526" timestamp="2026-05-08T15:05:19.949857+00:00" hostname="agent-env-8b343572-668a-4145-bfbd-eff93a871360"><testcase classname="backend.tests.test_iter238_i18n_dcq.TestI18nPreferences" name="test_toggle_preferred_lang_en_then_fr" time="6.560" /><testcase classname="backend.tests.test_iter238_i18n_dcq.TestDcqPaidConfigMultiLang" name="test_config_pool_size_fr" time="10.034" /><testcase classname="backend.tests.test_iter238_i18n_dcq.TestDcqPaidConfigMultiLang" name="test_config_pool_size_en_fallbacks_to_fr" time="5.765" /><testcase classname="backend.tests.test_iter238_i18n_dcq.TestDcqExpertPoolSchema" name="test_pool_table_has_language_column_and_index" time="2.140" /><testcase classname="backend.tests.test_iter238_i18n_dcq.TestDcqPaidPoolWorker" name="test_worker_supports_multi_langs" time="0.001" /><testcase classname="backend.tests.test_iter238_i18n_dcq.TestDcqPaidPoolWorker" name="test_validate_question_is_lang_aware" time="0.000" /><testcase classname="backend.tests.test_iter238_i18n_dcq.TestDcqPaidStartFallback" name="test_en_user_starts_with_fr_questions_fallback" time="6.931" /></testsuite></testsuites>