<?xml version="1.0" encoding="utf-8"?><testsuites name="pytest tests"><testsuite name="pytest" errors="0" failures="0" skipped="2" tests="36" time="3.869" timestamp="2026-04-21T13:16:53.492867+00:00" hostname="agent-env-8b343572-668a-4145-bfbd-eff93a871360"><testcase classname="backend.tests.test_iteration30_phase_b.TestMarketplaceListing" name="test_list_default_smart_sort" time="0.541" /><testcase classname="backend.tests.test_iteration30_phase_b.TestMarketplaceListing" name="test_list_sort_modes" time="0.299" /><testcase classname="backend.tests.test_iteration30_phase_b.TestMarketplaceListing" name="test_list_invalid_sort_returns_422" time="0.052" /><testcase classname="backend.tests.test_iteration30_phase_b.TestMarketplaceListing" name="test_list_price_filters" time="0.052" /><testcase classname="backend.tests.test_iteration30_phase_b.TestMarketplaceListing" name="test_list_country_condition_filter" time="0.051" /><testcase classname="backend.tests.test_iteration30_phase_b.TestFavourites" name="test_toggle_favourite_on_then_off" time="0.234" /><testcase classname="backend.tests.test_iteration30_phase_b.TestFavourites" name="test_list_favourites" time="0.057" /><testcase classname="backend.tests.test_iteration30_phase_b.TestReviews" name="test_review_without_order_returns_403" time="0.063" /><testcase classname="backend.tests.test_iteration30_phase_b.TestReviews" name="test_review_invalid_rating" time="0.061" /><testcase classname="backend.tests.test_iteration30_phase_b.TestReviews" name="test_review_with_order_ok_and_duplicate_409" time="0.258"><skipped type="pytest.skip" message="Could not register/login second user: 422 {&quot;detail&quot;:[{&quot;type&quot;:&quot;value_error&quot;,&quot;loc&quot;:[&quot;body&quot;,&quot;email&quot;],&quot;msg&quot;:&quot;value is not a valid email address: The part after the @-sign is a special-use or reserved name that cannot be used with email.&quot;,&quot;input&quot;:">/app/backend/tests/test_iteration30_phase_b.py:195: Could not register/login second user: 422 {"detail":[{"type":"value_error","loc":["body","email"],"msg":"value is not a valid email address: The part after the @-sign is a special-use or reserved name that cannot be used with email.","input":</skipped></testcase><testcase classname="backend.tests.test_iteration30_phase_b.TestReviews" name="test_list_reviews" time="0.050" /><testcase classname="backend.tests.test_iteration30_phase_b.TestCoupons" name="test_coupon_code_upper" time="0.058" /><testcase classname="backend.tests.test_iteration30_phase_b.TestCoupons" name="test_coupon_validate" time="0.074" /><testcase classname="backend.tests.test_iteration30_phase_b.TestCoupons" name="test_coupon_validate_invalid_code" time="0.055" /><testcase classname="backend.tests.test_iteration30_phase_b.TestCoupons" name="test_coupon_list_mine" time="0.057" /><testcase classname="backend.tests.test_iteration30_phase_b.TestCoupons" name="test_coupon_delete" time="0.055" /><testcase classname="backend.tests.test_iteration30_phase_b.TestCoupons" name="test_coupon_invalid_pct" time="0.058" /><testcase classname="backend.tests.test_iteration30_phase_b.TestBoost" name="test_boost_non_pro_returns_403" time="0.079" /><testcase classname="backend.tests.test_iteration30_phase_b.TestBoost" name="test_boost_with_active_sub_ok" time="0.138" /><testcase classname="backend.tests.test_iteration30_phase_b.TestSellerDashboard" name="test_dashboard_structure" time="0.064" /><testcase classname="backend.tests.test_iteration30_phase_b.TestAds" name="test_create_campaign_requires_target" time="0.063" /><testcase classname="backend.tests.test_iteration30_phase_b.TestAds" name="test_create_banner_no_target_but_needs_wallet" time="0.137" /><testcase classname="backend.tests.test_iteration30_phase_b.TestAds" name="test_admin_list_pending" time="0.100" /><testcase classname="backend.tests.test_iteration30_phase_b.TestAds" name="test_admin_approve_flow" time="0.161" /><testcase classname="backend.tests.test_iteration30_phase_b.TestAds" name="test_serve_with_approved_post_ad" time="0.132" /><testcase classname="backend.tests.test_iteration30_phase_b.TestAds" name="test_serve_empty_returns_empty_dict" time="0.069" /><testcase classname="backend.tests.test_iteration30_phase_b.TestAds" name="test_click_tracking" time="0.151" /><testcase classname="backend.tests.test_iteration30_phase_b.TestAds" name="test_click_unknown_campaign_404" time="0.052" /><testcase classname="backend.tests.test_iteration30_phase_b.TestAds" name="test_admin_only_list" time="0.000"><skipped type="pytest.skip" message="Could not register/login second user: 422 {&quot;detail&quot;:[{&quot;type&quot;:&quot;value_error&quot;,&quot;loc&quot;:[&quot;body&quot;,&quot;email&quot;],&quot;msg&quot;:&quot;value is not a valid email address: The part after the @-sign is a special-use or reserved name that cannot be used with email.&quot;,&quot;input&quot;:">/app/backend/tests/test_iteration30_phase_b.py:416: Could not register/login second user: 422 {"detail":[{"type":"value_error","loc":["body","email"],"msg":"value is not a valid email address: The part after the @-sign is a special-use or reserved name that cannot be used with email.","input":</skipped></testcase><testcase classname="backend.tests.test_iteration30_phase_b.TestJobsOffers" name="test_categories_contain_16" time="0.052" /><testcase classname="backend.tests.test_iteration30_phase_b.TestJobsOffers" name="test_list_with_offer_type_filter" time="0.053" /><testcase classname="backend.tests.test_iteration30_phase_b.TestJobsOffers" name="test_create_job_offer_type" time="0.081" /><testcase classname="backend.tests.test_iteration30_phase_b.TestJobsOffers" name="test_create_mission_with_deadline_budget" time="0.082" /><testcase classname="backend.tests.test_iteration30_phase_b.TestJobsOffers" name="test_create_annonce" time="0.081" /><testcase classname="backend.tests.test_iteration30_phase_b.TestJobsOffers" name="test_create_invalid_offer_type" time="0.051" /><testcase classname="backend.tests.test_iteration30_phase_b.TestJobsOffers" name="test_create_invalid_deadline" time="0.114" /></testsuite></testsuites>