<?xml version="1.0" encoding="utf-8"?><testsuites name="pytest tests"><testsuite name="pytest" errors="0" failures="0" skipped="0" tests="10" time="3.488" timestamp="2026-04-21T22:10:42.582407+00:00" hostname="agent-env-8b343572-668a-4145-bfbd-eff93a871360"><testcase classname="backend.tests.test_iteration53_livekit_sprintB" name="test_livekit_is_configured" time="1.080" /><testcase classname="backend.tests.test_iteration53_livekit_sprintB" name="test_livekit_non_admin_forbidden" time="0.268" /><testcase classname="backend.tests.test_iteration53_livekit_sprintB" name="test_create_p2p_session" time="0.634" /><testcase classname="backend.tests.test_iteration53_livekit_sprintB" name="test_create_session_self_not_allowed_p2p" time="0.043" /><testcase classname="backend.tests.test_iteration53_livekit_sprintB" name="test_create_session_invalid_mode" time="0.043" /><testcase classname="backend.tests.test_iteration53_livekit_sprintB" name="test_token_for_host_returns_jwt" time="0.573" /><testcase classname="backend.tests.test_iteration53_livekit_sprintB" name="test_token_for_callee_allowed" time="0.003" /><testcase classname="backend.tests.test_iteration53_livekit_sprintB" name="test_token_for_stranger_forbidden" time="0.002" /><testcase classname="backend.tests.test_iteration53_livekit_sprintB" name="test_token_unknown_session" time="0.043" /><testcase classname="backend.tests.test_iteration53_livekit_sprintB" name="test_join_leave_ends_session_when_host_leaves" time="0.740" /></testsuite></testsuites>