<?xml version="1.0" encoding="utf-8"?><testsuites name="pytest tests"><testsuite name="pytest" errors="0" failures="0" skipped="0" tests="74" time="17.235" timestamp="2026-04-20T16:35:17.901119+00:00" hostname="agent-env-8b343572-668a-4145-bfbd-eff93a871360"><testcase classname="backend.tests.test_feed_marketplace.TestFeedPosts" name="test_create_post" time="0.430" /><testcase classname="backend.tests.test_feed_marketplace.TestFeedPosts" name="test_create_post_empty_text_fails" time="0.059" /><testcase classname="backend.tests.test_feed_marketplace.TestFeedPosts" name="test_get_feed_posts" time="0.060" /><testcase classname="backend.tests.test_feed_marketplace.TestFeedPosts" name="test_toggle_like_post" time="0.175" /><testcase classname="backend.tests.test_feed_marketplace.TestFeedPosts" name="test_create_comment" time="0.110" /><testcase classname="backend.tests.test_feed_marketplace.TestFeedPosts" name="test_get_comments" time="0.169" /><testcase classname="backend.tests.test_feed_marketplace.TestFeedPosts" name="test_feed_requires_auth" time="0.115" /><testcase classname="backend.tests.test_feed_marketplace.TestMarketplaceCategories" name="test_get_categories" time="0.053" /><testcase classname="backend.tests.test_feed_marketplace.TestMarketplaceProducts" name="test_create_product" time="0.057" /><testcase classname="backend.tests.test_feed_marketplace.TestMarketplaceProducts" name="test_create_product_invalid_price" time="0.047" /><testcase classname="backend.tests.test_feed_marketplace.TestMarketplaceProducts" name="test_list_products" time="0.052" /><testcase classname="backend.tests.test_feed_marketplace.TestMarketplaceProducts" name="test_list_products_with_category_filter" time="0.054" /><testcase classname="backend.tests.test_feed_marketplace.TestMarketplaceProducts" name="test_list_products_with_search" time="0.120" /><testcase classname="backend.tests.test_feed_marketplace.TestMarketplaceProducts" name="test_get_single_product" time="0.119" /><testcase classname="backend.tests.test_feed_marketplace.TestMarketplaceProducts" name="test_update_product" time="0.175" /><testcase classname="backend.tests.test_feed_marketplace.TestMarketplaceProducts" name="test_delete_product" time="0.163" /><testcase classname="backend.tests.test_feed_marketplace.TestMarketplaceOrders" name="test_create_order_escrow" time="0.634" /><testcase classname="backend.tests.test_feed_marketplace.TestMarketplaceOrders" name="test_cannot_buy_own_product" time="0.099" /><testcase classname="backend.tests.test_feed_marketplace.TestMarketplaceOrders" name="test_insufficient_balance_order" time="0.451" /><testcase classname="backend.tests.test_feed_marketplace.TestMarketplaceOrders" name="test_list_orders_buyer" time="0.052" /><testcase classname="backend.tests.test_feed_marketplace.TestMarketplaceOrders" name="test_list_orders_seller" time="0.053" /><testcase classname="backend.tests.test_feed_marketplace.TestMarketplaceOrders" name="test_confirm_order_releases_payment" time="0.345" /><testcase classname="backend.tests.test_feed_marketplace.TestMarketplaceOrders" name="test_confirm_order_not_found" time="0.049" /><testcase classname="backend.tests.test_feed_marketplace.TestMarketplaceAuth" name="test_products_require_auth" time="0.115" /><testcase classname="backend.tests.test_feed_marketplace.TestMarketplaceAuth" name="test_categories_require_auth" time="0.166" /><testcase classname="backend.tests.test_feed_marketplace.TestMarketplaceAuth" name="test_orders_require_auth" time="0.131" /><testcase classname="backend.tests.test_japap_api.TestHealthAndBasics" name="test_api_root" time="0.116" /><testcase classname="backend.tests.test_japap_api.TestHealthAndBasics" name="test_health_endpoint" time="0.159" /><testcase classname="backend.tests.test_japap_api.TestAuthEndpoints" name="test_admin_login_success" time="0.351" /><testcase classname="backend.tests.test_japap_api.TestAuthEndpoints" name="test_login_invalid_credentials" time="0.355" /><testcase classname="backend.tests.test_japap_api.TestAuthEndpoints" name="test_register_new_user" time="0.430" /><testcase classname="backend.tests.test_japap_api.TestAuthEndpoints" name="test_get_me_authenticated" time="0.415" /><testcase classname="backend.tests.test_japap_api.TestAuthEndpoints" name="test_get_me_unauthenticated" time="0.122" /><testcase classname="backend.tests.test_japap_api.TestAuthEndpoints" name="test_logout" time="0.381" /><testcase classname="backend.tests.test_japap_api.TestWalletEndpoints" name="test_get_balance" time="0.412" /><testcase classname="backend.tests.test_japap_api.TestWalletEndpoints" name="test_deposit_money" time="0.443" /><testcase classname="backend.tests.test_japap_api.TestWalletEndpoints" name="test_withdraw_money" time="0.457" /><testcase classname="backend.tests.test_japap_api.TestWalletEndpoints" name="test_withdraw_insufficient_balance" time="0.389" /><testcase classname="backend.tests.test_japap_api.TestWalletEndpoints" name="test_get_transactions" time="0.438" /><testcase classname="backend.tests.test_japap_api.TestSendMoney" name="test_send_money_between_users" time="0.779" /><testcase classname="backend.tests.test_japap_api.TestSendMoney" name="test_send_money_to_self_fails" time="0.455" /><testcase classname="backend.tests.test_japap_api.TestMessagingEndpoints" name="test_get_conversations" time="0.388" /><testcase classname="backend.tests.test_japap_api.TestMessagingEndpoints" name="test_send_message" time="0.755" /><testcase classname="backend.tests.test_japap_api.TestUserEndpoints" name="test_search_users" time="0.403" /><testcase classname="backend.tests.test_japap_api.TestUserEndpoints" name="test_search_users_requires_query" time="0.406" /><testcase classname="backend.tests.test_japap_api.TestAdminEndpoints" name="test_admin_stats" time="0.416" /><testcase classname="backend.tests.test_japap_api.TestAdminEndpoints" name="test_admin_list_users" time="0.411" /><testcase classname="backend.tests.test_japap_api.TestAdminEndpoints" name="test_admin_list_transactions" time="0.414" /><testcase classname="backend.tests.test_japap_api.TestAdminEndpoints" name="test_admin_audit_logs" time="0.393" /><testcase classname="backend.tests.test_japap_api.TestAdminEndpoints" name="test_admin_endpoints_require_admin_role" time="0.448" /><testcase classname="backend.tests.test_upload_crypto.TestUploadAPI" name="test_upload_image_file" time="0.409" /><testcase classname="backend.tests.test_upload_crypto.TestUploadAPI" name="test_upload_pdf_file" time="0.050" /><testcase classname="backend.tests.test_upload_crypto.TestUploadAPI" name="test_upload_invalid_file_type" time="0.049" /><testcase classname="backend.tests.test_upload_crypto.TestUploadAPI" name="test_serve_uploaded_file" time="0.243" /><testcase classname="backend.tests.test_upload_crypto.TestUploadAPI" name="test_serve_nonexistent_file" time="0.123" /><testcase classname="backend.tests.test_upload_crypto.TestUploadAPI" name="test_upload_requires_auth" time="0.163" /><testcase classname="backend.tests.test_upload_crypto.TestUploadAPI" name="test_upload_multiple_files" time="0.052" /><testcase classname="backend.tests.test_upload_crypto.TestCryptoMarketAPI" name="test_get_market_prices" time="0.052" /><testcase classname="backend.tests.test_upload_crypto.TestCryptoMarketAPI" name="test_market_requires_auth" time="0.161" /><testcase classname="backend.tests.test_upload_crypto.TestCryptoPortfolioAPI" name="test_get_portfolio" time="0.056" /><testcase classname="backend.tests.test_upload_crypto.TestCryptoBuyAPI" name="test_buy_crypto_success" time="0.119" /><testcase classname="backend.tests.test_upload_crypto.TestCryptoBuyAPI" name="test_buy_crypto_insufficient_balance" time="0.439" /><testcase classname="backend.tests.test_upload_crypto.TestCryptoBuyAPI" name="test_buy_invalid_coin" time="0.048" /><testcase classname="backend.tests.test_upload_crypto.TestCryptoBuyAPI" name="test_buy_negative_amount" time="0.050" /><testcase classname="backend.tests.test_upload_crypto.TestCryptoSellAPI" name="test_sell_crypto_success" time="0.207" /><testcase classname="backend.tests.test_upload_crypto.TestCryptoSellAPI" name="test_sell_insufficient_crypto_balance" time="0.051" /><testcase classname="backend.tests.test_upload_crypto.TestCryptoStakingAPI" name="test_stake_crypto_success" time="0.214" /><testcase classname="backend.tests.test_upload_crypto.TestCryptoStakingAPI" name="test_get_staking_positions" time="0.048" /><testcase classname="backend.tests.test_upload_crypto.TestCryptoStakingAPI" name="test_unstake_crypto_success" time="0.109" /><testcase classname="backend.tests.test_upload_crypto.TestCryptoStakingAPI" name="test_unstake_invalid_position" time="0.050" /><testcase classname="backend.tests.test_upload_crypto.TestCryptoStakingAPI" name="test_stake_insufficient_balance" time="0.050" /><testcase classname="backend.tests.test_upload_crypto.TestCryptoTransactionsAPI" name="test_get_crypto_transactions" time="0.056" /><testcase classname="backend.tests.test_upload_crypto.TestCryptoTransactionsAPI" name="test_get_crypto_transactions_pagination" time="0.100" /><testcase classname="backend.tests.test_upload_crypto.TestCryptoIntegration" name="test_full_crypto_flow" time="0.428" /></testsuite></testsuites>