<?xml version="1.0" encoding="utf-8"?><testsuites name="pytest tests"><testsuite name="pytest" errors="0" failures="0" skipped="0" tests="19" time="4.737" timestamp="2026-04-20T18:47:25.527010+00:00" hostname="agent-env-8b343572-668a-4145-bfbd-eff93a871360"><testcase classname="backend.tests.test_referrals_calls.TestReferralAPI" name="test_referrals_me" time="0.427" /><testcase classname="backend.tests.test_referrals_calls.TestReferralAPI" name="test_referrals_list" time="0.053" /><testcase classname="backend.tests.test_referrals_calls.TestReferralAPI" name="test_validate_code_valid" time="0.269" /><testcase classname="backend.tests.test_referrals_calls.TestReferralAPI" name="test_validate_code_invalid" time="0.146" /><testcase classname="backend.tests.test_referrals_calls.TestReferralAPI" name="test_validate_code_empty" time="0.136" /><testcase classname="backend.tests.test_referrals_calls.TestReferralAPI" name="test_self_referral_rejected" time="0.103" /><testcase classname="backend.tests.test_referrals_calls.TestReferralAPI" name="test_leaderboard" time="0.049" /><testcase classname="backend.tests.test_referrals_calls.TestReferralAPI" name="test_register_with_referral_code" time="0.438" /><testcase classname="backend.tests.test_referrals_calls.TestReferralAPI" name="test_activation_via_post" time="1.621" /><testcase classname="backend.tests.test_referrals_calls.TestReferralAPI" name="test_claim_tier_2_insufficient" time="0.099" /><testcase classname="backend.tests.test_referrals_calls.TestReferralAPI" name="test_claim_invalid_tier" time="0.050" /><testcase classname="backend.tests.test_referrals_calls.TestCallsAPI" name="test_initiate_self_call_rejected" time="0.053" /><testcase classname="backend.tests.test_referrals_calls.TestCallsAPI" name="test_initiate_invalid_type" time="0.170" /><testcase classname="backend.tests.test_referrals_calls.TestCallsAPI" name="test_initiate_unknown_callee" time="0.055" /><testcase classname="backend.tests.test_referrals_calls.TestCallsAPI" name="test_initiate_and_end_and_history" time="0.205" /><testcase classname="backend.tests.test_referrals_calls.TestCallsAPI" name="test_end_unknown_call" time="0.050" /><testcase classname="backend.tests.test_referrals_calls.TestAuthRegression" name="test_login_admin" time="0.346" /><testcase classname="backend.tests.test_referrals_calls.TestAuthRegression" name="test_me" time="0.055" /><testcase classname="backend.tests.test_referrals_calls.TestAuthRegression" name="test_register_no_referral" time="0.344" /></testsuite></testsuites>