<?xml version="1.0" encoding="utf-8"?><testsuites name="pytest tests"><testsuite name="pytest" errors="0" failures="0" skipped="2" tests="23" time="10.735" timestamp="2026-04-20T17:57:49.844126+00:00" hostname="agent-env-8b343572-668a-4145-bfbd-eff93a871360"><testcase classname="backend.tests.test_iteration10_features.TestProPlans" name="test_get_pro_plans_returns_4_plans" time="0.546" /><testcase classname="backend.tests.test_iteration10_features.TestProPlans" name="test_pro_plans_have_correct_prices" time="0.404" /><testcase classname="backend.tests.test_iteration10_features.TestProPlans" name="test_pro_plans_have_required_fields" time="0.414" /><testcase classname="backend.tests.test_iteration10_features.TestProStatus" name="test_demo_user_has_pro_status" time="0.415" /><testcase classname="backend.tests.test_iteration10_features.TestProStatus" name="test_pro_status_returns_is_pro_field" time="0.440" /><testcase classname="backend.tests.test_iteration10_features.TestProSubscribe" name="test_subscribe_requires_sufficient_balance" time="0.473" /><testcase classname="backend.tests.test_iteration10_features.TestProSubscribe" name="test_subscribe_with_invalid_plan_fails" time="0.100"><skipped type="pytest.skip" message="Could not create test user: {&quot;detail&quot;:&quot;Email already registered&quot;}">/app/backend/tests/test_iteration10_features.py:190: Could not create test user: {"detail":"Email already registered"}</skipped></testcase><testcase classname="backend.tests.test_iteration10_features.TestProSubscribe" name="test_subscribe_deducts_wallet_and_activates" time="0.118"><skipped type="pytest.skip" message="Could not create test user: {&quot;detail&quot;:&quot;Email already registered&quot;}">/app/backend/tests/test_iteration10_features.py:201: Could not create test user: {"detail":"Email already registered"}</skipped></testcase><testcase classname="backend.tests.test_iteration10_features.TestPushNotifications" name="test_get_notifications_returns_list" time="0.386" /><testcase classname="backend.tests.test_iteration10_features.TestPushNotifications" name="test_notifications_have_required_fields" time="0.374" /><testcase classname="backend.tests.test_iteration10_features.TestPushNotifications" name="test_mark_notification_as_read" time="0.979" /><testcase classname="backend.tests.test_iteration10_features.TestPushNotifications" name="test_mark_all_notifications_as_read" time="0.479" /><testcase classname="backend.tests.test_iteration10_features.TestAdminPushNotifications" name="test_admin_send_notification_to_user" time="0.853" /><testcase classname="backend.tests.test_iteration10_features.TestAdminPushNotifications" name="test_admin_broadcast_notification" time="0.808" /><testcase classname="backend.tests.test_iteration10_features.TestAdminPushNotifications" name="test_non_admin_cannot_send_notification" time="0.504" /><testcase classname="backend.tests.test_iteration10_features.TestAdminPushNotifications" name="test_non_admin_cannot_broadcast" time="0.429" /><testcase classname="backend.tests.test_iteration10_features.TestDemoUserLogin" name="test_demo_user_login" time="0.341" /><testcase classname="backend.tests.test_iteration10_features.TestAdminLogin" name="test_admin_login" time="0.342" /><testcase classname="backend.tests.test_iteration10_features.TestExistingFeatures" name="test_feed_endpoints" time="0.450" /><testcase classname="backend.tests.test_iteration10_features.TestExistingFeatures" name="test_wallet_endpoints" time="0.384" /><testcase classname="backend.tests.test_iteration10_features.TestExistingFeatures" name="test_marketplace_endpoints" time="0.415" /><testcase classname="backend.tests.test_iteration10_features.TestExistingFeatures" name="test_messaging_endpoints" time="0.449" /><testcase classname="backend.tests.test_iteration10_features.TestExistingFeatures" name="test_crypto_endpoints" time="0.512" /></testsuite></testsuites>