<?xml version="1.0" encoding="utf-8"?><testsuites name="pytest tests"><testsuite name="pytest" errors="0" failures="0" skipped="0" tests="26" time="4.733" timestamp="2026-04-20T16:15:49.221586+00:00" hostname="agent-env-8b343572-668a-4145-bfbd-eff93a871360"><testcase classname="backend.tests.test_feed_marketplace.TestFeedPosts" name="test_create_post" time="0.838" /><testcase classname="backend.tests.test_feed_marketplace.TestFeedPosts" name="test_create_post_empty_text_fails" time="0.070" /><testcase classname="backend.tests.test_feed_marketplace.TestFeedPosts" name="test_get_feed_posts" time="0.057" /><testcase classname="backend.tests.test_feed_marketplace.TestFeedPosts" name="test_toggle_like_post" time="0.170" /><testcase classname="backend.tests.test_feed_marketplace.TestFeedPosts" name="test_create_comment" time="0.116" /><testcase classname="backend.tests.test_feed_marketplace.TestFeedPosts" name="test_get_comments" time="0.159" /><testcase classname="backend.tests.test_feed_marketplace.TestFeedPosts" name="test_feed_requires_auth" time="0.172" /><testcase classname="backend.tests.test_feed_marketplace.TestMarketplaceCategories" name="test_get_categories" time="0.059" /><testcase classname="backend.tests.test_feed_marketplace.TestMarketplaceProducts" name="test_create_product" time="0.055" /><testcase classname="backend.tests.test_feed_marketplace.TestMarketplaceProducts" name="test_create_product_invalid_price" time="0.053" /><testcase classname="backend.tests.test_feed_marketplace.TestMarketplaceProducts" name="test_list_products" time="0.048" /><testcase classname="backend.tests.test_feed_marketplace.TestMarketplaceProducts" name="test_list_products_with_category_filter" time="0.054" /><testcase classname="backend.tests.test_feed_marketplace.TestMarketplaceProducts" name="test_list_products_with_search" time="0.109" /><testcase classname="backend.tests.test_feed_marketplace.TestMarketplaceProducts" name="test_get_single_product" time="0.103" /><testcase classname="backend.tests.test_feed_marketplace.TestMarketplaceProducts" name="test_update_product" time="0.153" /><testcase classname="backend.tests.test_feed_marketplace.TestMarketplaceProducts" name="test_delete_product" time="0.150" /><testcase classname="backend.tests.test_feed_marketplace.TestMarketplaceOrders" name="test_create_order_escrow" time="0.643" /><testcase classname="backend.tests.test_feed_marketplace.TestMarketplaceOrders" name="test_cannot_buy_own_product" time="0.102" /><testcase classname="backend.tests.test_feed_marketplace.TestMarketplaceOrders" name="test_insufficient_balance_order" time="0.457" /><testcase classname="backend.tests.test_feed_marketplace.TestMarketplaceOrders" name="test_list_orders_buyer" time="0.051" /><testcase classname="backend.tests.test_feed_marketplace.TestMarketplaceOrders" name="test_list_orders_seller" time="0.050" /><testcase classname="backend.tests.test_feed_marketplace.TestMarketplaceOrders" name="test_confirm_order_releases_payment" time="0.316" /><testcase classname="backend.tests.test_feed_marketplace.TestMarketplaceOrders" name="test_confirm_order_not_found" time="0.061" /><testcase classname="backend.tests.test_feed_marketplace.TestMarketplaceAuth" name="test_products_require_auth" time="0.145" /><testcase classname="backend.tests.test_feed_marketplace.TestMarketplaceAuth" name="test_categories_require_auth" time="0.309" /><testcase classname="backend.tests.test_feed_marketplace.TestMarketplaceAuth" name="test_orders_require_auth" time="0.121" /></testsuite></testsuites>