<?xml version="1.0" encoding="utf-8"?><testsuites name="pytest tests"><testsuite name="pytest" errors="0" failures="0" skipped="0" tests="21" time="11.308" timestamp="2026-04-20T17:14:01.300594+00:00" hostname="agent-env-8b343572-668a-4145-bfbd-eff93a871360"><testcase classname="backend.tests.test_iteration7_features.TestTermsAndConditions" name="test_register_without_terms_accepted_fails" time="0.203" /><testcase classname="backend.tests.test_iteration7_features.TestTermsAndConditions" name="test_register_with_terms_accepted_succeeds" time="0.358" /><testcase classname="backend.tests.test_iteration7_features.TestTermsAndConditions" name="test_register_without_terms_field_defaults_to_false" time="0.114" /><testcase classname="backend.tests.test_iteration7_features.TestGroupConversations" name="test_create_group_conversation" time="0.794" /><testcase classname="backend.tests.test_iteration7_features.TestGroupConversations" name="test_create_group_requires_title" time="0.903" /><testcase classname="backend.tests.test_iteration7_features.TestGroupConversations" name="test_create_group_requires_members" time="0.446" /><testcase classname="backend.tests.test_iteration7_features.TestGroupConversations" name="test_get_group_members" time="0.848" /><testcase classname="backend.tests.test_iteration7_features.TestGroupConversations" name="test_add_member_to_group" time="1.216" /><testcase classname="backend.tests.test_iteration7_features.TestGroupConversations" name="test_group_appears_in_conversations" time="0.916" /><testcase classname="backend.tests.test_iteration7_features.TestGroupConversations" name="test_send_message_to_group" time="0.877" /><testcase classname="backend.tests.test_iteration7_features.TestCoinGeckoRealPrices" name="test_crypto_market_returns_real_prices" time="0.451" /><testcase classname="backend.tests.test_iteration7_features.TestCoinGeckoRealPrices" name="test_crypto_prices_include_usd_and_xaf" time="0.394" /><testcase classname="backend.tests.test_iteration7_features.TestCoinGeckoRealPrices" name="test_crypto_buy_uses_real_prices" time="0.505" /><testcase classname="backend.tests.test_iteration7_features.TestCoinGeckoRealPrices" name="test_crypto_sell_uses_real_prices" time="0.452" /><testcase classname="backend.tests.test_iteration7_features.TestLegacyPasswordRehashing" name="test_login_with_bcrypt_password" time="0.338" /><testcase classname="backend.tests.test_iteration7_features.TestLegacyPasswordRehashing" name="test_legacy_password_detection_code_exists" time="0.359" /><testcase classname="backend.tests.test_iteration7_features.TestAdminLogin" name="test_admin_login_with_credentials" time="0.393" /><testcase classname="backend.tests.test_iteration7_features.TestExistingFeatures" name="test_feed_endpoints" time="0.409" /><testcase classname="backend.tests.test_iteration7_features.TestExistingFeatures" name="test_wallet_endpoints" time="0.394" /><testcase classname="backend.tests.test_iteration7_features.TestExistingFeatures" name="test_marketplace_endpoints" time="0.438" /><testcase classname="backend.tests.test_iteration7_features.TestExistingFeatures" name="test_messaging_endpoints" time="0.418" /></testsuite></testsuites>