<?xml version="1.0" encoding="utf-8"?><testsuites name="pytest tests"><testsuite name="pytest" errors="0" failures="0" skipped="0" tests="24" time="9.961" timestamp="2026-04-20T15:37:06.282088+00:00" hostname="agent-env-8b343572-668a-4145-bfbd-eff93a871360"><testcase classname="backend.tests.test_japap_api.TestHealthAndBasics" name="test_api_root" time="0.175" /><testcase classname="backend.tests.test_japap_api.TestHealthAndBasics" name="test_health_endpoint" time="0.165" /><testcase classname="backend.tests.test_japap_api.TestAuthEndpoints" name="test_admin_login_success" time="0.354" /><testcase classname="backend.tests.test_japap_api.TestAuthEndpoints" name="test_login_invalid_credentials" time="0.377" /><testcase classname="backend.tests.test_japap_api.TestAuthEndpoints" name="test_register_new_user" time="0.398" /><testcase classname="backend.tests.test_japap_api.TestAuthEndpoints" name="test_get_me_authenticated" time="0.456" /><testcase classname="backend.tests.test_japap_api.TestAuthEndpoints" name="test_get_me_unauthenticated" time="0.125" /><testcase classname="backend.tests.test_japap_api.TestAuthEndpoints" name="test_logout" time="0.411" /><testcase classname="backend.tests.test_japap_api.TestWalletEndpoints" name="test_get_balance" time="0.389" /><testcase classname="backend.tests.test_japap_api.TestWalletEndpoints" name="test_deposit_money" time="0.400" /><testcase classname="backend.tests.test_japap_api.TestWalletEndpoints" name="test_withdraw_money" time="0.479" /><testcase classname="backend.tests.test_japap_api.TestWalletEndpoints" name="test_withdraw_insufficient_balance" time="0.417" /><testcase classname="backend.tests.test_japap_api.TestWalletEndpoints" name="test_get_transactions" time="0.384" /><testcase classname="backend.tests.test_japap_api.TestSendMoney" name="test_send_money_between_users" time="0.836" /><testcase classname="backend.tests.test_japap_api.TestSendMoney" name="test_send_money_to_self_fails" time="0.430" /><testcase classname="backend.tests.test_japap_api.TestMessagingEndpoints" name="test_get_conversations" time="0.387" /><testcase classname="backend.tests.test_japap_api.TestMessagingEndpoints" name="test_send_message" time="0.764" /><testcase classname="backend.tests.test_japap_api.TestUserEndpoints" name="test_search_users" time="0.443" /><testcase classname="backend.tests.test_japap_api.TestUserEndpoints" name="test_search_users_requires_query" time="0.386" /><testcase classname="backend.tests.test_japap_api.TestAdminEndpoints" name="test_admin_stats" time="0.385" /><testcase classname="backend.tests.test_japap_api.TestAdminEndpoints" name="test_admin_list_users" time="0.424" /><testcase classname="backend.tests.test_japap_api.TestAdminEndpoints" name="test_admin_list_transactions" time="0.412" /><testcase classname="backend.tests.test_japap_api.TestAdminEndpoints" name="test_admin_audit_logs" time="0.420" /><testcase classname="backend.tests.test_japap_api.TestAdminEndpoints" name="test_admin_endpoints_require_admin_role" time="0.445" /></testsuite></testsuites>